[0.026s] Invoking command in '/home/andy/ros2_ws/build/servo_control': CMAKE_PREFIX_PATH=${CMAKE_PREFIX_PATH}:/opt/ros/jazzy /usr/bin/cmake --build /home/andy/ros2_ws/build/servo_control -- -j4 -l4
[0.273s] [ 46%] Built target scservo_lib
[0.333s] [ 73%] Built target STServoTests
[0.334s] [ 73%] Built target servo_node
[0.368s] [ 86%] Built target moveServo
[0.369s] [ 93%] [32mBuilding CXX object CMakeFiles/servoConfig.dir/src/servoConfig.cpp.o[0m
[4.606s] [01m[K/home/andy/ros2_ws/src/servo_control/src/servoConfig.cpp:[m[K In member function ‘[01m[Kvoid ServoConfig::[01;32m[KchangeID[m[K()[m[K’:
[4.606s] [01m[K/home/andy/ros2_ws/src/servo_control/src/servoConfig.cpp:153:9:[m[K [01;31m[Kerror: [m[K‘[01m[KcurrentId[m[K’ was not declared in this scope
[4.606s]   153 |         [01;31m[KcurrentId[m[K = 1;
[4.606s]       |         [01;31m[K^~~~~~~~~[m[K
[4.617s] [01m[K/home/andy/ros2_ws/src/servo_control/src/servoConfig.cpp:154:9:[m[K [01;31m[Kerror: [m[K‘[01m[KnewId[m[K’ was not declared in this scope
[4.618s]   154 |         [01;31m[KnewId[m[K = 3
[4.618s]       |         [01;31m[K^~~~~[m[K
[4.629s] [01m[K/home/andy/ros2_ws/src/servo_control/src/servoConfig.cpp:157:22:[m[K [01;31m[Kerror: [m[K‘[01m[Kcurrent[m[K’ was not declared in this scope; did you mean ‘[01m[Kcreat[m[K’?
[4.630s]   157 |         sc.writeByte([01;31m[Kcurrent[m[K, 0x30, 1);
[4.630s]       |                      [01;31m[K^~~~~~~[m[K
[4.630s]       |                      [32m[Kcreat[m[K
[7.730s] gmake[2]: *** [CMakeFiles/servoConfig.dir/build.make:76: CMakeFiles/servoConfig.dir/src/servoConfig.cpp.o] Error 1
[7.730s] gmake[1]: *** [CMakeFiles/Makefile2:249: CMakeFiles/servoConfig.dir/all] Error 2
[7.730s] gmake: *** [Makefile:146: all] Error 2
[7.733s] Invoked command in '/home/andy/ros2_ws/build/servo_control' returned '2': CMAKE_PREFIX_PATH=${CMAKE_PREFIX_PATH}:/opt/ros/jazzy /usr/bin/cmake --build /home/andy/ros2_ws/build/servo_control -- -j4 -l4
