[0.023s] Invoking command in '/root/ros2_ws/build/servo_control': CMAKE_PREFIX_PATH=/opt/ros/jazzy /usr/bin/cmake /root/ros2_ws/src/servo_control -DCMAKE_INSTALL_PREFIX=/root/ros2_ws/install/servo_control
[0.351s] -- The C compiler identification is GNU 13.3.0
[0.578s] -- The CXX compiler identification is GNU 13.3.0
[0.617s] -- Detecting C compiler ABI info
[0.820s] -- Detecting C compiler ABI info - done
[0.842s] -- Check for working C compiler: /usr/bin/cc - skipped
[0.843s] -- Detecting C compile features
[0.844s] -- Detecting C compile features - done
[0.863s] -- Detecting CXX compiler ABI info
[1.075s] -- Detecting CXX compiler ABI info - done
[1.097s] -- Check for working CXX compiler: /usr/bin/c++ - skipped
[1.098s] -- Detecting CXX compile features
[1.099s] -- Detecting CXX compile features - done
[1.105s] -- Found ament_cmake: 2.5.3 (/opt/ros/jazzy/share/ament_cmake/cmake)
[1.349s] -- Found Python3: /usr/bin/python3 (found version "3.12.3") found components: Interpreter 
[1.570s] -- Found rclcpp: 28.1.8 (/opt/ros/jazzy/share/rclcpp/cmake)
[1.649s] -- Found rosidl_generator_c: 4.6.5 (/opt/ros/jazzy/share/rosidl_generator_c/cmake)
[1.678s] -- Found rosidl_generator_cpp: 4.6.5 (/opt/ros/jazzy/share/rosidl_generator_cpp/cmake)
[1.716s] -- Using all available rosidl_typesupport_c: rosidl_typesupport_fastrtps_c;rosidl_typesupport_introspection_c
[1.757s] -- Using all available rosidl_typesupport_cpp: rosidl_typesupport_fastrtps_cpp;rosidl_typesupport_introspection_cpp
[1.928s] -- Found rmw_implementation_cmake: 7.3.2 (/opt/ros/jazzy/share/rmw_implementation_cmake/cmake)
[1.934s] -- Found rmw_fastrtps_cpp: 8.4.2 (/opt/ros/jazzy/share/rmw_fastrtps_cpp/cmake)
[2.103s] -- Found OpenSSL: /usr/lib/aarch64-linux-gnu/libcrypto.so (found version "3.0.13")  
[2.134s] -- Found FastRTPS: /opt/ros/jazzy/include (Required is at least version "2.13") 
[2.181s] -- Using RMW implementation 'rmw_fastrtps_cpp' as default
[2.542s] -- Configuring done (2.4s)
[2.548s] [31mCMake Error at CMakeLists.txt:23 (add_executable):
[2.548s]   Cannot find source file:
[2.548s] 
[2.548s]     src/servo_node.cpp
[2.549s] 
[2.549s]   Tried extensions .c .C .c++ .cc .cpp .cxx .cu .mpp .m .M .mm .ixx .cppm
[2.549s]   .ccm .cxxm .c++m .h .hh .h++ .hm .hpp .hxx .in .txx .f .F .for .f77 .f90
[2.549s]   .f95 .f03 .hip .ispc
[2.549s] 
[2.549s] [0m
[2.552s] [31mCMake Error at CMakeLists.txt:20 (add_library):
[2.552s]   No SOURCES given to target: scservo_lib
[2.553s] 
[2.553s] [0m
[2.553s] [31mCMake Error at CMakeLists.txt:23 (add_executable):
[2.553s]   No SOURCES given to target: servo_node
[2.553s] 
[2.553s] [0m
[2.553s] [0mCMake Generate step failed.  Build files cannot be regenerated correctly.[0m
[2.571s] Invoked command in '/root/ros2_ws/build/servo_control' returned '1': CMAKE_PREFIX_PATH=/opt/ros/jazzy /usr/bin/cmake /root/ros2_ws/src/servo_control -DCMAKE_INSTALL_PREFIX=/root/ros2_ws/install/servo_control
