[0.020s] Invoking command in '/home/andy/ros2_ws/build/servo_control': CMAKE_PREFIX_PATH=${CMAKE_PREFIX_PATH}:/opt/ros/jazzy /usr/bin/cmake --build /home/andy/ros2_ws/build/servo_control -- -j4 -l4
[0.124s] [ 41%] Built target scservo_lib
[0.177s] [ 58%] Built target STServoTests
[0.178s] [ 64%] Built target servo_node
[0.187s] [ 88%] Built target servoConfig
[0.187s] [ 88%] Built target moveServo
[0.241s] [ 94%] [32mBuilding CXX object CMakeFiles/changeId.dir/src/changeId.cpp.o[0m
[5.272s] [100%] [32m[1mLinking CXX executable changeId[0m
[5.502s] [100%] Built target changeId
[5.522s] Invoked command in '/home/andy/ros2_ws/build/servo_control' returned '0': CMAKE_PREFIX_PATH=${CMAKE_PREFIX_PATH}:/opt/ros/jazzy /usr/bin/cmake --build /home/andy/ros2_ws/build/servo_control -- -j4 -l4
[5.539s] Invoking command in '/home/andy/ros2_ws/build/servo_control': CMAKE_PREFIX_PATH=${CMAKE_PREFIX_PATH}:/opt/ros/jazzy /usr/bin/cmake --install /home/andy/ros2_ws/build/servo_control
[5.552s] -- Install configuration: ""
[5.552s] -- Up-to-date: /home/andy/ros2_ws/install/servo_control/lib/servo_control/servo_node
[5.553s] -- Up-to-date: /home/andy/ros2_ws/install/servo_control/lib/servo_control/STServoTests
[5.554s] -- Up-to-date: /home/andy/ros2_ws/install/servo_control/lib/servo_control/moveServo
[5.554s] -- Up-to-date: /home/andy/ros2_ws/install/servo_control/lib/servo_control/servoConfig
[5.555s] -- Installing: /home/andy/ros2_ws/install/servo_control/lib/servo_control/changeId
[5.555s] -- Set non-toolchain portion of runtime path of "/home/andy/ros2_ws/install/servo_control/lib/servo_control/changeId" to ""
[5.556s] -- Up-to-date: /home/andy/ros2_ws/install/servo_control/share/ament_index/resource_index/package_run_dependencies/servo_control
[5.556s] -- Up-to-date: /home/andy/ros2_ws/install/servo_control/share/ament_index/resource_index/parent_prefix_path/servo_control
[5.556s] -- Up-to-date: /home/andy/ros2_ws/install/servo_control/share/servo_control/environment/ament_prefix_path.sh
[5.556s] -- Up-to-date: /home/andy/ros2_ws/install/servo_control/share/servo_control/environment/ament_prefix_path.dsv
[5.556s] -- Up-to-date: /home/andy/ros2_ws/install/servo_control/share/servo_control/environment/path.sh
[5.556s] -- Up-to-date: /home/andy/ros2_ws/install/servo_control/share/servo_control/environment/path.dsv
[5.556s] -- Up-to-date: /home/andy/ros2_ws/install/servo_control/share/servo_control/local_setup.bash
[5.557s] -- Up-to-date: /home/andy/ros2_ws/install/servo_control/share/servo_control/local_setup.sh
[5.557s] -- Up-to-date: /home/andy/ros2_ws/install/servo_control/share/servo_control/local_setup.zsh
[5.557s] -- Up-to-date: /home/andy/ros2_ws/install/servo_control/share/servo_control/local_setup.dsv
[5.557s] -- Installing: /home/andy/ros2_ws/install/servo_control/share/servo_control/package.dsv
[5.557s] -- Up-to-date: /home/andy/ros2_ws/install/servo_control/share/ament_index/resource_index/packages/servo_control
[5.557s] -- Up-to-date: /home/andy/ros2_ws/install/servo_control/share/servo_control/cmake/servo_controlConfig.cmake
[5.557s] -- Up-to-date: /home/andy/ros2_ws/install/servo_control/share/servo_control/cmake/servo_controlConfig-version.cmake
[5.557s] -- Up-to-date: /home/andy/ros2_ws/install/servo_control/share/servo_control/package.xml
[5.560s] Invoked command in '/home/andy/ros2_ws/build/servo_control' returned '0': CMAKE_PREFIX_PATH=${CMAKE_PREFIX_PATH}:/opt/ros/jazzy /usr/bin/cmake --install /home/andy/ros2_ws/build/servo_control
