-- The C compiler identification is GNU 13.3.0
-- The CXX compiler identification is GNU 13.3.0
-- Detecting C compiler ABI info
-- Detecting C compiler ABI info - done
-- Check for working C compiler: /usr/bin/cc - skipped
-- Detecting C compile features
-- Detecting C compile features - done
-- Detecting CXX compiler ABI info
-- Detecting CXX compiler ABI info - done
-- Check for working CXX compiler: /usr/bin/c++ - skipped
-- Detecting CXX compile features
-- Detecting CXX compile features - done
-- Found ament_cmake: 2.5.3 (/opt/ros/jazzy/share/ament_cmake/cmake)
-- Found Python3: /usr/bin/python3 (found version "3.12.3") found components: Interpreter 
-- Found rclcpp: 28.1.8 (/opt/ros/jazzy/share/rclcpp/cmake)
-- Found rosidl_generator_c: 4.6.5 (/opt/ros/jazzy/share/rosidl_generator_c/cmake)
-- Found rosidl_generator_cpp: 4.6.5 (/opt/ros/jazzy/share/rosidl_generator_cpp/cmake)
-- Using all available rosidl_typesupport_c: rosidl_typesupport_fastrtps_c;rosidl_typesupport_introspection_c
-- Using all available rosidl_typesupport_cpp: rosidl_typesupport_fastrtps_cpp;rosidl_typesupport_introspection_cpp
-- Found rmw_implementation_cmake: 7.3.2 (/opt/ros/jazzy/share/rmw_implementation_cmake/cmake)
-- Found rmw_fastrtps_cpp: 8.4.2 (/opt/ros/jazzy/share/rmw_fastrtps_cpp/cmake)
-- Found OpenSSL: /usr/lib/aarch64-linux-gnu/libcrypto.so (found version "3.0.13")  
-- Found FastRTPS: /opt/ros/jazzy/include (Required is at least version "2.13") 
-- Using RMW implementation 'rmw_fastrtps_cpp' as default
-- Configuring done (2.0s)
-- Generating done (0.0s)
-- Build files have been written to: /home/andy/ros2_ws/build/servo_control
[ 27%] [32mBuilding CXX object CMakeFiles/scservo_lib.dir/src/lib/SCSerial.cpp.o[0m
[ 27%] [32mBuilding CXX object CMakeFiles/scservo_lib.dir/src/lib/SCS.cpp.o[0m
[ 36%] [32mBuilding CXX object CMakeFiles/scservo_lib.dir/src/lib/SMSBL.cpp.o[0m
[ 27%] [32mBuilding CXX object CMakeFiles/scservo_lib.dir/src/lib/SCSCL.cpp.o[0m
[ 45%] [32mBuilding CXX object CMakeFiles/scservo_lib.dir/src/lib/SMSCL.cpp.o[0m
[ 54%] [32mBuilding CXX object CMakeFiles/scservo_lib.dir/src/lib/SMS_STS.cpp.o[0m
[ 63%] [32m[1mLinking CXX static library libscservo_lib.a[0m
[ 63%] Built target scservo_lib
[ 81%] [32mBuilding CXX object CMakeFiles/servo_node.dir/src/servo_node.cpp.o[0m
[ 81%] [32mBuilding CXX object CMakeFiles/STServoTests.dir/src/STServoTests.cpp.o[0m
[ 90%] [32m[1mLinking CXX executable STServoTests[0m
[ 90%] Built target STServoTests
[100%] [32m[1mLinking CXX executable servo_node[0m
[100%] Built target servo_node
-- Install configuration: ""
-- Installing: /home/andy/ros2_ws/install/servo_control/lib/servo_control/servo_node
-- Set non-toolchain portion of runtime path of "/home/andy/ros2_ws/install/servo_control/lib/servo_control/servo_node" to ""
-- Installing: /home/andy/ros2_ws/install/servo_control/lib/servo_control/STServoTests
-- Set non-toolchain portion of runtime path of "/home/andy/ros2_ws/install/servo_control/lib/servo_control/STServoTests" to ""
-- Installing: /home/andy/ros2_ws/install/servo_control/share/ament_index/resource_index/package_run_dependencies/servo_control
-- Installing: /home/andy/ros2_ws/install/servo_control/share/ament_index/resource_index/parent_prefix_path/servo_control
-- Installing: /home/andy/ros2_ws/install/servo_control/share/servo_control/environment/ament_prefix_path.sh
-- Installing: /home/andy/ros2_ws/install/servo_control/share/servo_control/environment/ament_prefix_path.dsv
-- Installing: /home/andy/ros2_ws/install/servo_control/share/servo_control/environment/path.sh
-- Installing: /home/andy/ros2_ws/install/servo_control/share/servo_control/environment/path.dsv
-- Installing: /home/andy/ros2_ws/install/servo_control/share/servo_control/local_setup.bash
-- Installing: /home/andy/ros2_ws/install/servo_control/share/servo_control/local_setup.sh
-- Installing: /home/andy/ros2_ws/install/servo_control/share/servo_control/local_setup.zsh
-- Installing: /home/andy/ros2_ws/install/servo_control/share/servo_control/local_setup.dsv
-- Installing: /home/andy/ros2_ws/install/servo_control/share/servo_control/package.dsv
-- Installing: /home/andy/ros2_ws/install/servo_control/share/ament_index/resource_index/packages/servo_control
-- Installing: /home/andy/ros2_ws/install/servo_control/share/servo_control/cmake/servo_controlConfig.cmake
-- Installing: /home/andy/ros2_ws/install/servo_control/share/servo_control/cmake/servo_controlConfig-version.cmake
-- Installing: /home/andy/ros2_ws/install/servo_control/share/servo_control/package.xml
