[0.000000] (-) TimerEvent: {}
[0.000498] (servo_control) JobQueued: {'identifier': 'servo_control', 'dependencies': OrderedDict()}
[0.001356] (servo_control) JobStarted: {'identifier': 'servo_control'}
[0.015095] (servo_control) JobProgress: {'identifier': 'servo_control', 'progress': 'cmake'}
[0.016164] (servo_control) JobProgress: {'identifier': 'servo_control', 'progress': 'build'}
[0.017281] (servo_control) Command: {'cmd': ['/usr/bin/cmake', '--build', '/home/andy/ros2_ws/build/servo_control', '--', '-j4', '-l4'], 'cwd': '/home/andy/ros2_ws/build/servo_control', 'env': OrderedDict({'HOSTNAME': 'PipeBot', 'SHLVL': '0', 'LD_LIBRARY_PATH': '/opt/ros/jazzy/lib/aarch64-linux-gnu:/opt/ros/jazzy/lib', 'HOME': '/home/andy', 'ROS_PYTHON_VERSION': '3', 'LC_CTYPE': 'C.UTF-8', 'COLCON_PREFIX_PATH': '/home/andy/ros2_ws/install', 'ROS_DISTRO': 'jazzy', '_': '/usr/local/bin/colcon', 'ROS_VERSION': '2', 'TERM': 'xterm', 'PATH': '/opt/ros/jazzy/bin:/usr/local/sbin:/usr/local/bin:/usr/sbin:/usr/bin:/sbin:/bin', 'AMENT_PREFIX_PATH': '/home/andy/ros2_ws/install/servo_control:/opt/ros/jazzy', 'DEBIAN_FRONTEND': 'noninteractive', 'ROS_AUTOMATIC_DISCOVERY_RANGE': 'SUBNET', 'PWD': '/home/andy/ros2_ws/build/servo_control', 'PYTHONPATH': '/opt/ros/jazzy/lib/python3.12/site-packages', 'COLCON': '1', 'CMAKE_PREFIX_PATH': '/home/andy/ros2_ws/install/servo_control:/opt/ros/jazzy'}), 'shell': False}
[0.099659] (-) TimerEvent: {}
[0.119886] (servo_control) StdoutLine: {'line': b'[ 41%] Built target scservo_lib\n'}
[0.169393] (servo_control) StdoutLine: {'line': b'[ 64%] Built target servo_node\n'}
[0.169879] (servo_control) StdoutLine: {'line': b'[ 64%] Built target STServoTests\n'}
[0.179320] (servo_control) StdoutLine: {'line': b'[ 82%] \x1b[32mBuilding CXX object CMakeFiles/servoConfig.dir/src/servoConfig.cpp.o\x1b[0m\n'}
[0.179685] (servo_control) StdoutLine: {'line': b'[ 82%] Built target moveServo\n'}
[0.199795] (-) TimerEvent: {}
[0.232380] (servo_control) StdoutLine: {'line': b'[ 94%] Built target changeId\n'}
[0.299909] (-) TimerEvent: {}
[0.400287] (-) TimerEvent: {}
[0.500681] (-) TimerEvent: {}
[0.601119] (-) TimerEvent: {}
[0.701664] (-) TimerEvent: {}
[0.802035] (-) TimerEvent: {}
[0.902447] (-) TimerEvent: {}
[1.002833] (-) TimerEvent: {}
[1.103225] (-) TimerEvent: {}
[1.203604] (-) TimerEvent: {}
[1.303982] (-) TimerEvent: {}
[1.404370] (-) TimerEvent: {}
[1.504750] (-) TimerEvent: {}
[1.605129] (-) TimerEvent: {}
[1.705536] (-) TimerEvent: {}
[1.805899] (-) TimerEvent: {}
[1.906279] (-) TimerEvent: {}
[2.006653] (-) TimerEvent: {}
[2.107033] (-) TimerEvent: {}
[2.207434] (-) TimerEvent: {}
[2.307819] (-) TimerEvent: {}
[2.408155] (-) TimerEvent: {}
[2.508519] (-) TimerEvent: {}
[2.608853] (-) TimerEvent: {}
[2.709212] (-) TimerEvent: {}
[2.809556] (-) TimerEvent: {}
[2.909889] (-) TimerEvent: {}
[3.010259] (-) TimerEvent: {}
[3.110594] (-) TimerEvent: {}
[3.210965] (-) TimerEvent: {}
[3.311289] (-) TimerEvent: {}
[3.411616] (-) TimerEvent: {}
[3.511956] (-) TimerEvent: {}
[3.612303] (-) TimerEvent: {}
[3.712648] (-) TimerEvent: {}
[3.812989] (-) TimerEvent: {}
[3.913342] (-) TimerEvent: {}
[4.013674] (-) TimerEvent: {}
[4.071097] (servo_control) StderrLine: {'line': b'\x1b[01m\x1b[K/home/andy/ros2_ws/src/servo_control/src/servoConfig.cpp:\x1b[m\x1b[K In constructor \xe2\x80\x98\x1b[01m\x1b[KServoConfig::\x1b[01;32m\x1b[KServoConfig\x1b[m\x1b[K()\x1b[m\x1b[K\xe2\x80\x99:\n'}
[4.071438] (servo_control) StderrLine: {'line': b'\x1b[01m\x1b[K/home/andy/ros2_ws/src/servo_control/src/servoConfig.cpp:20:9:\x1b[m\x1b[K \x1b[01;31m\x1b[Kerror: \x1b[m\x1b[Kexpected \xe2\x80\x98\x1b[01m\x1b[K;\x1b[m\x1b[K\xe2\x80\x99 before \xe2\x80\x98\x1b[01m\x1b[KSMS_STS\x1b[m\x1b[K\xe2\x80\x99\n'}
[4.071554] (servo_control) StderrLine: {'line': b'   20 |         \x1b[01;31m\x1b[KSMS_STS\x1b[m\x1b[K.begin(1000000, serialPort)\n'}
[4.071649] (servo_control) StderrLine: {'line': b'      |         \x1b[01;31m\x1b[K^~~~~~~\x1b[m\x1b[K\n'}
[4.071833] (servo_control) StderrLine: {'line': b'\x1b[01m\x1b[K/home/andy/ros2_ws/src/servo_control/src/servoConfig.cpp:\x1b[m\x1b[K In destructor \xe2\x80\x98\x1b[01m\x1b[Kvirtual ServoConfig::\x1b[01;32m\x1b[K~ServoConfig\x1b[m\x1b[K()\x1b[m\x1b[K\xe2\x80\x99:\n'}
[4.071956] (servo_control) StderrLine: {'line': b'\x1b[01m\x1b[K/home/andy/ros2_ws/src/servo_control/src/servoConfig.cpp:25:16:\x1b[m\x1b[K \x1b[01;31m\x1b[Kerror: \x1b[m\x1b[Kexpected unqualified-id before \xe2\x80\x98\x1b[01m\x1b[K.\x1b[m\x1b[K\xe2\x80\x99 token\n'}
[4.072046] (servo_control) StderrLine: {'line': b'   25 |         SMS_STS\x1b[01;31m\x1b[K.\x1b[m\x1b[Kend()\n'}
[4.072130] (servo_control) StderrLine: {'line': b'      |                \x1b[01;31m\x1b[K^\x1b[m\x1b[K\n'}
[4.113755] (-) TimerEvent: {}
[4.214062] (-) TimerEvent: {}
[4.314427] (-) TimerEvent: {}
[4.414768] (-) TimerEvent: {}
[4.515113] (-) TimerEvent: {}
[4.615491] (-) TimerEvent: {}
[4.715822] (-) TimerEvent: {}
[4.816145] (-) TimerEvent: {}
[4.916554] (-) TimerEvent: {}
[5.016902] (-) TimerEvent: {}
[5.117252] (-) TimerEvent: {}
[5.217591] (-) TimerEvent: {}
[5.317929] (-) TimerEvent: {}
[5.418290] (-) TimerEvent: {}
[5.518637] (-) TimerEvent: {}
[5.618983] (-) TimerEvent: {}
[5.719333] (-) TimerEvent: {}
[5.819659] (-) TimerEvent: {}
[5.919979] (-) TimerEvent: {}
[6.020317] (-) TimerEvent: {}
[6.120653] (-) TimerEvent: {}
[6.220986] (-) TimerEvent: {}
[6.321361] (-) TimerEvent: {}
[6.421718] (-) TimerEvent: {}
[6.522026] (-) TimerEvent: {}
[6.622403] (-) TimerEvent: {}
[6.722725] (-) TimerEvent: {}
[6.823053] (-) TimerEvent: {}
[6.923377] (-) TimerEvent: {}
[7.023696] (-) TimerEvent: {}
[7.124032] (-) TimerEvent: {}
[7.224409] (-) TimerEvent: {}
[7.226780] (servo_control) StderrLine: {'line': b'gmake[2]: *** [CMakeFiles/servoConfig.dir/build.make:76: CMakeFiles/servoConfig.dir/src/servoConfig.cpp.o] Error 1\n'}
[7.227080] (servo_control) StderrLine: {'line': b'gmake[1]: *** [CMakeFiles/Makefile2:251: CMakeFiles/servoConfig.dir/all] Error 2\n'}
[7.227303] (servo_control) StderrLine: {'line': b'gmake: *** [Makefile:146: all] Error 2\n'}
[7.230389] (servo_control) CommandEnded: {'returncode': 2}
[7.245740] (servo_control) JobEnded: {'identifier': 'servo_control', 'rc': 2}
[7.256178] (-) EventReactorShutdown: {}
