[0.000000] (-) TimerEvent: {}
[0.000538] (servo_control) JobQueued: {'identifier': 'servo_control', 'dependencies': OrderedDict()}
[0.001406] (servo_control) JobStarted: {'identifier': 'servo_control'}
[0.015947] (servo_control) JobProgress: {'identifier': 'servo_control', 'progress': 'cmake'}
[0.017159] (servo_control) JobProgress: {'identifier': 'servo_control', 'progress': 'build'}
[0.018181] (servo_control) Command: {'cmd': ['/usr/bin/cmake', '--build', '/home/andy/ros2_ws/build/servo_control', '--', '-j4', '-l4'], 'cwd': '/home/andy/ros2_ws/build/servo_control', 'env': OrderedDict({'HOSTNAME': 'PipeBot', 'SHLVL': '0', 'LD_LIBRARY_PATH': '/opt/ros/jazzy/lib/aarch64-linux-gnu:/opt/ros/jazzy/lib', 'HOME': '/home/andy', 'ROS_PYTHON_VERSION': '3', 'LC_CTYPE': 'C.UTF-8', 'COLCON_PREFIX_PATH': '/home/andy/ros2_ws/install', 'ROS_DISTRO': 'jazzy', '_': '/usr/local/bin/colcon', 'ROS_VERSION': '2', 'TERM': 'xterm', 'PATH': '/opt/ros/jazzy/bin:/usr/local/sbin:/usr/local/bin:/usr/sbin:/usr/bin:/sbin:/bin', 'AMENT_PREFIX_PATH': '/home/andy/ros2_ws/install/servo_control:/opt/ros/jazzy', 'DEBIAN_FRONTEND': 'noninteractive', 'ROS_AUTOMATIC_DISCOVERY_RANGE': 'SUBNET', 'PWD': '/home/andy/ros2_ws/build/servo_control', 'PYTHONPATH': '/opt/ros/jazzy/lib/python3.12/site-packages', 'COLCON': '1', 'CMAKE_PREFIX_PATH': '/home/andy/ros2_ws/install/servo_control:/opt/ros/jazzy'}), 'shell': False}
[0.099627] (-) TimerEvent: {}
[0.123543] (servo_control) StdoutLine: {'line': b'[ 33%] Built target scservo_lib\n'}
[0.175054] (servo_control) StdoutLine: {'line': b'[ 47%] Built target servo_node\n'}
[0.176223] (servo_control) StdoutLine: {'line': b'[ 52%] Built target STServoTests\n'}
[0.187783] (servo_control) StdoutLine: {'line': b'[ 61%] Built target moveServo\n'}
[0.188178] (servo_control) StdoutLine: {'line': b'[ 71%] Built target servoConfig\n'}
[0.199781] (-) TimerEvent: {}
[0.232781] (servo_control) StdoutLine: {'line': b'[ 90%] Built target servoFeedback\n'}
[0.233147] (servo_control) StdoutLine: {'line': b'[ 90%] Built target servoRepair\n'}
[0.251906] (servo_control) StdoutLine: {'line': b'[ 95%] \x1b[32mBuilding CXX object CMakeFiles/changeId.dir/src/changeId.cpp.o\x1b[0m\n'}
[0.299899] (-) TimerEvent: {}
[0.400283] (-) TimerEvent: {}
[0.500673] (-) TimerEvent: {}
[0.601047] (-) TimerEvent: {}
[0.701463] (-) TimerEvent: {}
[0.801857] (-) TimerEvent: {}
[0.902237] (-) TimerEvent: {}
[1.002642] (-) TimerEvent: {}
[1.103031] (-) TimerEvent: {}
[1.203431] (-) TimerEvent: {}
[1.303806] (-) TimerEvent: {}
[1.404194] (-) TimerEvent: {}
[1.504590] (-) TimerEvent: {}
[1.605010] (-) TimerEvent: {}
[1.705415] (-) TimerEvent: {}
[1.805800] (-) TimerEvent: {}
[1.906179] (-) TimerEvent: {}
[2.006567] (-) TimerEvent: {}
[2.106950] (-) TimerEvent: {}
[2.207330] (-) TimerEvent: {}
[2.307723] (-) TimerEvent: {}
[2.408098] (-) TimerEvent: {}
[2.508471] (-) TimerEvent: {}
[2.608850] (-) TimerEvent: {}
[2.709222] (-) TimerEvent: {}
[2.809613] (-) TimerEvent: {}
[2.909990] (-) TimerEvent: {}
[3.010342] (-) TimerEvent: {}
[3.110701] (-) TimerEvent: {}
[3.211047] (-) TimerEvent: {}
[3.311414] (-) TimerEvent: {}
[3.411768] (-) TimerEvent: {}
[3.512097] (-) TimerEvent: {}
[3.612439] (-) TimerEvent: {}
[3.712774] (-) TimerEvent: {}
[3.813119] (-) TimerEvent: {}
[3.913474] (-) TimerEvent: {}
[4.013824] (-) TimerEvent: {}
[4.114160] (-) TimerEvent: {}
[4.214537] (-) TimerEvent: {}
[4.314883] (-) TimerEvent: {}
[4.415220] (-) TimerEvent: {}
[4.515602] (-) TimerEvent: {}
[4.615956] (-) TimerEvent: {}
[4.716312] (-) TimerEvent: {}
[4.816694] (-) TimerEvent: {}
[4.917044] (-) TimerEvent: {}
[5.017405] (-) TimerEvent: {}
[5.117746] (-) TimerEvent: {}
[5.218094] (-) TimerEvent: {}
[5.233975] (servo_control) StdoutLine: {'line': b'[100%] \x1b[32m\x1b[1mLinking CXX executable changeId\x1b[0m\n'}
[5.318244] (-) TimerEvent: {}
[5.418690] (-) TimerEvent: {}
[5.458570] (servo_control) StdoutLine: {'line': b'[100%] Built target changeId\n'}
[5.477099] (servo_control) CommandEnded: {'returncode': 0}
[5.477864] (servo_control) JobProgress: {'identifier': 'servo_control', 'progress': 'install'}
[5.491993] (servo_control) Command: {'cmd': ['/usr/bin/cmake', '--install', '/home/andy/ros2_ws/build/servo_control'], 'cwd': '/home/andy/ros2_ws/build/servo_control', 'env': OrderedDict({'HOSTNAME': 'PipeBot', 'SHLVL': '0', 'LD_LIBRARY_PATH': '/opt/ros/jazzy/lib/aarch64-linux-gnu:/opt/ros/jazzy/lib', 'HOME': '/home/andy', 'ROS_PYTHON_VERSION': '3', 'LC_CTYPE': 'C.UTF-8', 'COLCON_PREFIX_PATH': '/home/andy/ros2_ws/install', 'ROS_DISTRO': 'jazzy', '_': '/usr/local/bin/colcon', 'ROS_VERSION': '2', 'TERM': 'xterm', 'PATH': '/opt/ros/jazzy/bin:/usr/local/sbin:/usr/local/bin:/usr/sbin:/usr/bin:/sbin:/bin', 'AMENT_PREFIX_PATH': '/home/andy/ros2_ws/install/servo_control:/opt/ros/jazzy', 'DEBIAN_FRONTEND': 'noninteractive', 'ROS_AUTOMATIC_DISCOVERY_RANGE': 'SUBNET', 'PWD': '/home/andy/ros2_ws/build/servo_control', 'PYTHONPATH': '/opt/ros/jazzy/lib/python3.12/site-packages', 'COLCON': '1', 'CMAKE_PREFIX_PATH': '/home/andy/ros2_ws/install/servo_control:/opt/ros/jazzy'}), 'shell': False}
[5.506055] (servo_control) StdoutLine: {'line': b'-- Install configuration: ""\n'}
[5.506371] (servo_control) StdoutLine: {'line': b'-- Up-to-date: /home/andy/ros2_ws/install/servo_control/lib/servo_control/servo_node\n'}
[5.506864] (servo_control) StdoutLine: {'line': b'-- Up-to-date: /home/andy/ros2_ws/install/servo_control/lib/servo_control/STServoTests\n'}
[5.507340] (servo_control) StdoutLine: {'line': b'-- Up-to-date: /home/andy/ros2_ws/install/servo_control/lib/servo_control/moveServo\n'}
[5.507848] (servo_control) StdoutLine: {'line': b'-- Up-to-date: /home/andy/ros2_ws/install/servo_control/lib/servo_control/servoConfig\n'}
[5.508332] (servo_control) StdoutLine: {'line': b'-- Installing: /home/andy/ros2_ws/install/servo_control/lib/servo_control/changeId\n'}
[5.509138] (servo_control) StdoutLine: {'line': b'-- Set non-toolchain portion of runtime path of "/home/andy/ros2_ws/install/servo_control/lib/servo_control/changeId" to ""\n'}
[5.509438] (servo_control) StdoutLine: {'line': b'-- Up-to-date: /home/andy/ros2_ws/install/servo_control/lib/servo_control/servoFeedback\n'}
[5.509947] (servo_control) StdoutLine: {'line': b'-- Up-to-date: /home/andy/ros2_ws/install/servo_control/lib/servo_control/servoRepair\n'}
[5.510250] (servo_control) StdoutLine: {'line': b'-- Up-to-date: /home/andy/ros2_ws/install/servo_control/share/ament_index/resource_index/package_run_dependencies/servo_control\n'}
[5.510397] (servo_control) StdoutLine: {'line': b'-- Up-to-date: /home/andy/ros2_ws/install/servo_control/share/ament_index/resource_index/parent_prefix_path/servo_control\n'}
[5.510559] (servo_control) StdoutLine: {'line': b'-- Up-to-date: /home/andy/ros2_ws/install/servo_control/share/servo_control/environment/ament_prefix_path.sh\n'}
[5.510697] (servo_control) StdoutLine: {'line': b'-- Up-to-date: /home/andy/ros2_ws/install/servo_control/share/servo_control/environment/ament_prefix_path.dsv\n'}
[5.510841] (servo_control) StdoutLine: {'line': b'-- Up-to-date: /home/andy/ros2_ws/install/servo_control/share/servo_control/environment/path.sh\n'}
[5.510958] (servo_control) StdoutLine: {'line': b'-- Up-to-date: /home/andy/ros2_ws/install/servo_control/share/servo_control/environment/path.dsv\n'}
[5.511054] (servo_control) StdoutLine: {'line': b'-- Up-to-date: /home/andy/ros2_ws/install/servo_control/share/servo_control/local_setup.bash\n'}
[5.511145] (servo_control) StdoutLine: {'line': b'-- Up-to-date: /home/andy/ros2_ws/install/servo_control/share/servo_control/local_setup.sh\n'}
[5.511287] (servo_control) StdoutLine: {'line': b'-- Up-to-date: /home/andy/ros2_ws/install/servo_control/share/servo_control/local_setup.zsh\n'}
[5.511407] (servo_control) StdoutLine: {'line': b'-- Up-to-date: /home/andy/ros2_ws/install/servo_control/share/servo_control/local_setup.dsv\n'}
[5.511502] (servo_control) StdoutLine: {'line': b'-- Installing: /home/andy/ros2_ws/install/servo_control/share/servo_control/package.dsv\n'}
[5.511592] (servo_control) StdoutLine: {'line': b'-- Up-to-date: /home/andy/ros2_ws/install/servo_control/share/ament_index/resource_index/packages/servo_control\n'}
[5.511703] (servo_control) StdoutLine: {'line': b'-- Up-to-date: /home/andy/ros2_ws/install/servo_control/share/servo_control/cmake/servo_controlConfig.cmake\n'}
[5.511794] (servo_control) StdoutLine: {'line': b'-- Up-to-date: /home/andy/ros2_ws/install/servo_control/share/servo_control/cmake/servo_controlConfig-version.cmake\n'}
[5.511886] (servo_control) StdoutLine: {'line': b'-- Up-to-date: /home/andy/ros2_ws/install/servo_control/share/servo_control/package.xml\n'}
[5.514233] (servo_control) CommandEnded: {'returncode': 0}
[5.518894] (-) TimerEvent: {}
[5.539272] (servo_control) JobEnded: {'identifier': 'servo_control', 'rc': 0}
[5.540448] (-) EventReactorShutdown: {}
