[0.000000] (-) TimerEvent: {}
[0.000800] (servo_control) JobQueued: {'identifier': 'servo_control', 'dependencies': OrderedDict()}
[0.001262] (servo_control) JobStarted: {'identifier': 'servo_control'}
[0.014775] (servo_control) JobProgress: {'identifier': 'servo_control', 'progress': 'cmake'}
[0.015818] (servo_control) JobProgress: {'identifier': 'servo_control', 'progress': 'build'}
[0.016887] (servo_control) Command: {'cmd': ['/usr/bin/cmake', '--build', '/home/andy/ros2_ws/build/servo_control', '--', '-j4', '-l4'], 'cwd': '/home/andy/ros2_ws/build/servo_control', 'env': OrderedDict({'HOSTNAME': 'PipeBot', 'SHLVL': '0', 'LD_LIBRARY_PATH': '/opt/ros/jazzy/lib/aarch64-linux-gnu:/opt/ros/jazzy/lib', 'HOME': '/home/andy', 'ROS_PYTHON_VERSION': '3', 'LC_CTYPE': 'C.UTF-8', 'COLCON_PREFIX_PATH': '/home/andy/ros2_ws/install', 'ROS_DISTRO': 'jazzy', '_': '/usr/local/bin/colcon', 'ROS_VERSION': '2', 'TERM': 'xterm', 'PATH': '/opt/ros/jazzy/bin:/usr/local/sbin:/usr/local/bin:/usr/sbin:/usr/bin:/sbin:/bin', 'AMENT_PREFIX_PATH': '/home/andy/ros2_ws/install/servo_control:/opt/ros/jazzy', 'DEBIAN_FRONTEND': 'noninteractive', 'ROS_AUTOMATIC_DISCOVERY_RANGE': 'SUBNET', 'PWD': '/home/andy/ros2_ws/build/servo_control', 'PYTHONPATH': '/opt/ros/jazzy/lib/python3.12/site-packages', 'COLCON': '1', 'CMAKE_PREFIX_PATH': '/home/andy/ros2_ws/install/servo_control:/opt/ros/jazzy'}), 'shell': False}
[0.099648] (-) TimerEvent: {}
[0.115431] (servo_control) StdoutLine: {'line': b'[ 46%] Built target scservo_lib\n'}
[0.165211] (servo_control) StdoutLine: {'line': b'[ 73%] Built target STServoTests\n'}
[0.165570] (servo_control) StdoutLine: {'line': b'[ 73%] Built target servo_node\n'}
[0.173702] (servo_control) StdoutLine: {'line': b'[ 86%] Built target moveServo\n'}
[0.181718] (servo_control) StdoutLine: {'line': b'[ 93%] \x1b[32mBuilding CXX object CMakeFiles/servoConfig.dir/src/servoConfig.cpp.o\x1b[0m\n'}
[0.199765] (-) TimerEvent: {}
[0.300170] (-) TimerEvent: {}
[0.400531] (-) TimerEvent: {}
[0.500912] (-) TimerEvent: {}
[0.601268] (-) TimerEvent: {}
[0.701630] (-) TimerEvent: {}
[0.801987] (-) TimerEvent: {}
[0.902374] (-) TimerEvent: {}
[1.002793] (-) TimerEvent: {}
[1.103159] (-) TimerEvent: {}
[1.203529] (-) TimerEvent: {}
[1.303974] (-) TimerEvent: {}
[1.404452] (-) TimerEvent: {}
[1.504955] (-) TimerEvent: {}
[1.605351] (-) TimerEvent: {}
[1.705741] (-) TimerEvent: {}
[1.806120] (-) TimerEvent: {}
[1.906499] (-) TimerEvent: {}
[2.006889] (-) TimerEvent: {}
[2.107272] (-) TimerEvent: {}
[2.207657] (-) TimerEvent: {}
[2.308037] (-) TimerEvent: {}
[2.408449] (-) TimerEvent: {}
[2.508839] (-) TimerEvent: {}
[2.609210] (-) TimerEvent: {}
[2.709606] (-) TimerEvent: {}
[2.809967] (-) TimerEvent: {}
[2.910329] (-) TimerEvent: {}
[3.010713] (-) TimerEvent: {}
[3.111074] (-) TimerEvent: {}
[3.211447] (-) TimerEvent: {}
[3.311829] (-) TimerEvent: {}
[3.412160] (-) TimerEvent: {}
[3.512497] (-) TimerEvent: {}
[3.612856] (-) TimerEvent: {}
[3.713201] (-) TimerEvent: {}
[3.813580] (-) TimerEvent: {}
[3.913928] (-) TimerEvent: {}
[4.014283] (-) TimerEvent: {}
[4.114638] (-) TimerEvent: {}
[4.214986] (-) TimerEvent: {}
[4.315326] (-) TimerEvent: {}
[4.415676] (-) TimerEvent: {}
[4.516022] (-) TimerEvent: {}
[4.616381] (-) TimerEvent: {}
[4.716750] (-) TimerEvent: {}
[4.817100] (-) TimerEvent: {}
[4.917512] (-) TimerEvent: {}
[5.017890] (-) TimerEvent: {}
[5.118247] (-) TimerEvent: {}
[5.218627] (-) TimerEvent: {}
[5.318989] (-) TimerEvent: {}
[5.419342] (-) TimerEvent: {}
[5.519728] (-) TimerEvent: {}
[5.620084] (-) TimerEvent: {}
[5.720446] (-) TimerEvent: {}
[5.820811] (-) TimerEvent: {}
[5.921149] (-) TimerEvent: {}
[6.021490] (-) TimerEvent: {}
[6.121853] (-) TimerEvent: {}
[6.222203] (-) TimerEvent: {}
[6.322569] (-) TimerEvent: {}
[6.422938] (-) TimerEvent: {}
[6.523291] (-) TimerEvent: {}
[6.623635] (-) TimerEvent: {}
[6.723978] (-) TimerEvent: {}
[6.824327] (-) TimerEvent: {}
[6.924675] (-) TimerEvent: {}
[7.025014] (-) TimerEvent: {}
[7.125375] (-) TimerEvent: {}
[7.225757] (-) TimerEvent: {}
[7.326122] (-) TimerEvent: {}
[7.426477] (-) TimerEvent: {}
[7.526871] (-) TimerEvent: {}
[7.627210] (-) TimerEvent: {}
[7.727536] (-) TimerEvent: {}
[7.827905] (-) TimerEvent: {}
[7.928214] (-) TimerEvent: {}
[8.028526] (-) TimerEvent: {}
[8.128880] (-) TimerEvent: {}
[8.229189] (-) TimerEvent: {}
[8.329496] (-) TimerEvent: {}
[8.429842] (-) TimerEvent: {}
[8.530159] (-) TimerEvent: {}
[8.630475] (-) TimerEvent: {}
[8.730808] (-) TimerEvent: {}
[8.831114] (-) TimerEvent: {}
[8.931423] (-) TimerEvent: {}
[9.031758] (-) TimerEvent: {}
[9.132079] (-) TimerEvent: {}
[9.232399] (-) TimerEvent: {}
[9.332748] (-) TimerEvent: {}
[9.433064] (-) TimerEvent: {}
[9.533379] (-) TimerEvent: {}
[9.633710] (-) TimerEvent: {}
[9.734022] (-) TimerEvent: {}
[9.834338] (-) TimerEvent: {}
[9.934644] (-) TimerEvent: {}
[10.034960] (-) TimerEvent: {}
[10.135271] (-) TimerEvent: {}
[10.235596] (-) TimerEvent: {}
[10.335917] (-) TimerEvent: {}
[10.436229] (-) TimerEvent: {}
[10.536547] (-) TimerEvent: {}
[10.636882] (-) TimerEvent: {}
[10.737180] (-) TimerEvent: {}
[10.837487] (-) TimerEvent: {}
[10.937852] (-) TimerEvent: {}
[11.038255] (-) TimerEvent: {}
[11.138641] (-) TimerEvent: {}
[11.239026] (-) TimerEvent: {}
[11.339467] (-) TimerEvent: {}
[11.440098] (-) TimerEvent: {}
[11.540611] (-) TimerEvent: {}
[11.606751] (servo_control) StdoutLine: {'line': b'[100%] \x1b[32m\x1b[1mLinking CXX executable servoConfig\x1b[0m\n'}
[11.640761] (-) TimerEvent: {}
[11.741344] (-) TimerEvent: {}
[11.841906] (-) TimerEvent: {}
[11.942393] (-) TimerEvent: {}
[12.042806] (-) TimerEvent: {}
[12.143159] (-) TimerEvent: {}
[12.215071] (servo_control) StdoutLine: {'line': b'[100%] Built target servoConfig\n'}
[12.233363] (servo_control) CommandEnded: {'returncode': 0}
[12.234076] (servo_control) JobProgress: {'identifier': 'servo_control', 'progress': 'install'}
[12.243264] (-) TimerEvent: {}
[12.249047] (servo_control) Command: {'cmd': ['/usr/bin/cmake', '--install', '/home/andy/ros2_ws/build/servo_control'], 'cwd': '/home/andy/ros2_ws/build/servo_control', 'env': OrderedDict({'HOSTNAME': 'PipeBot', 'SHLVL': '0', 'LD_LIBRARY_PATH': '/opt/ros/jazzy/lib/aarch64-linux-gnu:/opt/ros/jazzy/lib', 'HOME': '/home/andy', 'ROS_PYTHON_VERSION': '3', 'LC_CTYPE': 'C.UTF-8', 'COLCON_PREFIX_PATH': '/home/andy/ros2_ws/install', 'ROS_DISTRO': 'jazzy', '_': '/usr/local/bin/colcon', 'ROS_VERSION': '2', 'TERM': 'xterm', 'PATH': '/opt/ros/jazzy/bin:/usr/local/sbin:/usr/local/bin:/usr/sbin:/usr/bin:/sbin:/bin', 'AMENT_PREFIX_PATH': '/home/andy/ros2_ws/install/servo_control:/opt/ros/jazzy', 'DEBIAN_FRONTEND': 'noninteractive', 'ROS_AUTOMATIC_DISCOVERY_RANGE': 'SUBNET', 'PWD': '/home/andy/ros2_ws/build/servo_control', 'PYTHONPATH': '/opt/ros/jazzy/lib/python3.12/site-packages', 'COLCON': '1', 'CMAKE_PREFIX_PATH': '/home/andy/ros2_ws/install/servo_control:/opt/ros/jazzy'}), 'shell': False}
[12.261021] (servo_control) StdoutLine: {'line': b'-- Install configuration: ""\n'}
[12.261310] (servo_control) StdoutLine: {'line': b'-- Up-to-date: /home/andy/ros2_ws/install/servo_control/lib/servo_control/servo_node\n'}
[12.261825] (servo_control) StdoutLine: {'line': b'-- Up-to-date: /home/andy/ros2_ws/install/servo_control/lib/servo_control/STServoTests\n'}
[12.262275] (servo_control) StdoutLine: {'line': b'-- Up-to-date: /home/andy/ros2_ws/install/servo_control/lib/servo_control/moveServo\n'}
[12.262763] (servo_control) StdoutLine: {'line': b'-- Installing: /home/andy/ros2_ws/install/servo_control/lib/servo_control/servoConfig\n'}
[12.273065] (servo_control) StdoutLine: {'line': b'-- Set non-toolchain portion of runtime path of "/home/andy/ros2_ws/install/servo_control/lib/servo_control/servoConfig" to ""\n'}
[12.273297] (servo_control) StdoutLine: {'line': b'-- Up-to-date: /home/andy/ros2_ws/install/servo_control/share/ament_index/resource_index/package_run_dependencies/servo_control\n'}
[12.273438] (servo_control) StdoutLine: {'line': b'-- Up-to-date: /home/andy/ros2_ws/install/servo_control/share/ament_index/resource_index/parent_prefix_path/servo_control\n'}
[12.273578] (servo_control) StdoutLine: {'line': b'-- Up-to-date: /home/andy/ros2_ws/install/servo_control/share/servo_control/environment/ament_prefix_path.sh\n'}
[12.273730] (servo_control) StdoutLine: {'line': b'-- Up-to-date: /home/andy/ros2_ws/install/servo_control/share/servo_control/environment/ament_prefix_path.dsv\n'}
[12.273843] (servo_control) StdoutLine: {'line': b'-- Up-to-date: /home/andy/ros2_ws/install/servo_control/share/servo_control/environment/path.sh\n'}
[12.273932] (servo_control) StdoutLine: {'line': b'-- Up-to-date: /home/andy/ros2_ws/install/servo_control/share/servo_control/environment/path.dsv\n'}
[12.274019] (servo_control) StdoutLine: {'line': b'-- Up-to-date: /home/andy/ros2_ws/install/servo_control/share/servo_control/local_setup.bash\n'}
[12.274146] (servo_control) StdoutLine: {'line': b'-- Up-to-date: /home/andy/ros2_ws/install/servo_control/share/servo_control/local_setup.sh\n'}
[12.274275] (servo_control) StdoutLine: {'line': b'-- Up-to-date: /home/andy/ros2_ws/install/servo_control/share/servo_control/local_setup.zsh\n'}
[12.274363] (servo_control) StdoutLine: {'line': b'-- Up-to-date: /home/andy/ros2_ws/install/servo_control/share/servo_control/local_setup.dsv\n'}
[12.274451] (servo_control) StdoutLine: {'line': b'-- Installing: /home/andy/ros2_ws/install/servo_control/share/servo_control/package.dsv\n'}
[12.274539] (servo_control) StdoutLine: {'line': b'-- Up-to-date: /home/andy/ros2_ws/install/servo_control/share/ament_index/resource_index/packages/servo_control\n'}
[12.274640] (servo_control) StdoutLine: {'line': b'-- Up-to-date: /home/andy/ros2_ws/install/servo_control/share/servo_control/cmake/servo_controlConfig.cmake\n'}
[12.274728] (servo_control) StdoutLine: {'line': b'-- Up-to-date: /home/andy/ros2_ws/install/servo_control/share/servo_control/cmake/servo_controlConfig-version.cmake\n'}
[12.274815] (servo_control) StdoutLine: {'line': b'-- Up-to-date: /home/andy/ros2_ws/install/servo_control/share/servo_control/package.xml\n'}
[12.276997] (servo_control) CommandEnded: {'returncode': 0}
[12.300435] (servo_control) JobEnded: {'identifier': 'servo_control', 'rc': 0}
[12.301545] (-) EventReactorShutdown: {}
