[0.000000] (-) TimerEvent: {}
[0.000506] (servo_control) JobQueued: {'identifier': 'servo_control', 'dependencies': OrderedDict()}
[0.000982] (servo_control) JobStarted: {'identifier': 'servo_control'}
[0.016195] (servo_control) JobProgress: {'identifier': 'servo_control', 'progress': 'cmake'}
[0.017340] (servo_control) JobProgress: {'identifier': 'servo_control', 'progress': 'build'}
[0.018534] (servo_control) Command: {'cmd': ['/usr/bin/cmake', '--build', '/home/andy/ros2_ws/build/servo_control', '--', '-j4', '-l4'], 'cwd': '/home/andy/ros2_ws/build/servo_control', 'env': OrderedDict({'HOSTNAME': 'PipeBot', 'SHLVL': '0', 'LD_LIBRARY_PATH': '/opt/ros/jazzy/lib/aarch64-linux-gnu:/opt/ros/jazzy/lib', 'HOME': '/home/andy', 'ROS_PYTHON_VERSION': '3', 'LC_CTYPE': 'C.UTF-8', 'COLCON_PREFIX_PATH': '/home/andy/ros2_ws/install', 'ROS_DISTRO': 'jazzy', '_': '/usr/local/bin/colcon', 'ROS_VERSION': '2', 'TERM': 'xterm', 'PATH': '/opt/ros/jazzy/bin:/usr/local/sbin:/usr/local/bin:/usr/sbin:/usr/bin:/sbin:/bin', 'AMENT_PREFIX_PATH': '/home/andy/ros2_ws/install/servo_control:/opt/ros/jazzy', 'DEBIAN_FRONTEND': 'noninteractive', 'ROS_AUTOMATIC_DISCOVERY_RANGE': 'SUBNET', 'PWD': '/home/andy/ros2_ws/build/servo_control', 'PYTHONPATH': '/opt/ros/jazzy/lib/python3.12/site-packages', 'COLCON': '1', 'CMAKE_PREFIX_PATH': '/home/andy/ros2_ws/install/servo_control:/opt/ros/jazzy'}), 'shell': False}
[0.099638] (-) TimerEvent: {}
[0.129549] (servo_control) StdoutLine: {'line': b'[ 33%] Built target scservo_lib\n'}
[0.183527] (servo_control) StdoutLine: {'line': b'[ 42%] Built target STServoTests\n'}
[0.183988] (servo_control) StdoutLine: {'line': b'[ 52%] Built target servo_node\n'}
[0.195452] (servo_control) StdoutLine: {'line': b'[ 71%] Built target servoConfig\n'}
[0.195817] (servo_control) StdoutLine: {'line': b'[ 71%] Built target moveServo\n'}
[0.199858] (-) TimerEvent: {}
[0.243208] (servo_control) StdoutLine: {'line': b'[ 90%] Built target servoFeedback\n'}
[0.243628] (servo_control) StdoutLine: {'line': b'[ 90%] Built target servoRepair\n'}
[0.266273] (servo_control) StdoutLine: {'line': b'[ 95%] \x1b[32mBuilding CXX object CMakeFiles/changeId.dir/src/changeId.cpp.o\x1b[0m\n'}
[0.299963] (-) TimerEvent: {}
[0.400366] (-) TimerEvent: {}
[0.500779] (-) TimerEvent: {}
[0.601159] (-) TimerEvent: {}
[0.701544] (-) TimerEvent: {}
[0.801931] (-) TimerEvent: {}
[0.902320] (-) TimerEvent: {}
[1.002734] (-) TimerEvent: {}
[1.103134] (-) TimerEvent: {}
[1.203533] (-) TimerEvent: {}
[1.303917] (-) TimerEvent: {}
[1.404307] (-) TimerEvent: {}
[1.504748] (-) TimerEvent: {}
[1.605115] (-) TimerEvent: {}
[1.705477] (-) TimerEvent: {}
[1.805823] (-) TimerEvent: {}
[1.906163] (-) TimerEvent: {}
[2.006590] (-) TimerEvent: {}
[2.106940] (-) TimerEvent: {}
[2.207302] (-) TimerEvent: {}
[2.307681] (-) TimerEvent: {}
[2.408033] (-) TimerEvent: {}
[2.508382] (-) TimerEvent: {}
[2.608743] (-) TimerEvent: {}
[2.709119] (-) TimerEvent: {}
[2.809511] (-) TimerEvent: {}
[2.909862] (-) TimerEvent: {}
[3.010223] (-) TimerEvent: {}
[3.110613] (-) TimerEvent: {}
[3.210966] (-) TimerEvent: {}
[3.311318] (-) TimerEvent: {}
[3.411699] (-) TimerEvent: {}
[3.512042] (-) TimerEvent: {}
[3.612382] (-) TimerEvent: {}
[3.712758] (-) TimerEvent: {}
[3.813105] (-) TimerEvent: {}
[3.913471] (-) TimerEvent: {}
[4.013826] (-) TimerEvent: {}
[4.114175] (-) TimerEvent: {}
[4.214538] (-) TimerEvent: {}
[4.314891] (-) TimerEvent: {}
[4.415242] (-) TimerEvent: {}
[4.515650] (-) TimerEvent: {}
[4.615998] (-) TimerEvent: {}
[4.716351] (-) TimerEvent: {}
[4.816713] (-) TimerEvent: {}
[4.917056] (-) TimerEvent: {}
[5.017414] (-) TimerEvent: {}
[5.117774] (-) TimerEvent: {}
[5.218116] (-) TimerEvent: {}
[5.267195] (servo_control) StdoutLine: {'line': b'[100%] \x1b[32m\x1b[1mLinking CXX executable changeId\x1b[0m\n'}
[5.318244] (-) TimerEvent: {}
[5.418697] (-) TimerEvent: {}
[5.498280] (servo_control) StdoutLine: {'line': b'[100%] Built target changeId\n'}
[5.518727] (servo_control) CommandEnded: {'returncode': 0}
[5.519156] (-) TimerEvent: {}
[5.519757] (servo_control) JobProgress: {'identifier': 'servo_control', 'progress': 'install'}
[5.535661] (servo_control) Command: {'cmd': ['/usr/bin/cmake', '--install', '/home/andy/ros2_ws/build/servo_control'], 'cwd': '/home/andy/ros2_ws/build/servo_control', 'env': OrderedDict({'HOSTNAME': 'PipeBot', 'SHLVL': '0', 'LD_LIBRARY_PATH': '/opt/ros/jazzy/lib/aarch64-linux-gnu:/opt/ros/jazzy/lib', 'HOME': '/home/andy', 'ROS_PYTHON_VERSION': '3', 'LC_CTYPE': 'C.UTF-8', 'COLCON_PREFIX_PATH': '/home/andy/ros2_ws/install', 'ROS_DISTRO': 'jazzy', '_': '/usr/local/bin/colcon', 'ROS_VERSION': '2', 'TERM': 'xterm', 'PATH': '/opt/ros/jazzy/bin:/usr/local/sbin:/usr/local/bin:/usr/sbin:/usr/bin:/sbin:/bin', 'AMENT_PREFIX_PATH': '/home/andy/ros2_ws/install/servo_control:/opt/ros/jazzy', 'DEBIAN_FRONTEND': 'noninteractive', 'ROS_AUTOMATIC_DISCOVERY_RANGE': 'SUBNET', 'PWD': '/home/andy/ros2_ws/build/servo_control', 'PYTHONPATH': '/opt/ros/jazzy/lib/python3.12/site-packages', 'COLCON': '1', 'CMAKE_PREFIX_PATH': '/home/andy/ros2_ws/install/servo_control:/opt/ros/jazzy'}), 'shell': False}
[5.550405] (servo_control) StdoutLine: {'line': b'-- Install configuration: ""\n'}
[5.550747] (servo_control) StdoutLine: {'line': b'-- Up-to-date: /home/andy/ros2_ws/install/servo_control/lib/servo_control/servo_node\n'}
[5.551279] (servo_control) StdoutLine: {'line': b'-- Up-to-date: /home/andy/ros2_ws/install/servo_control/lib/servo_control/STServoTests\n'}
[5.551806] (servo_control) StdoutLine: {'line': b'-- Up-to-date: /home/andy/ros2_ws/install/servo_control/lib/servo_control/moveServo\n'}
[5.552340] (servo_control) StdoutLine: {'line': b'-- Up-to-date: /home/andy/ros2_ws/install/servo_control/lib/servo_control/servoConfig\n'}
[5.552872] (servo_control) StdoutLine: {'line': b'-- Installing: /home/andy/ros2_ws/install/servo_control/lib/servo_control/changeId\n'}
[5.553895] (servo_control) StdoutLine: {'line': b'-- Set non-toolchain portion of runtime path of "/home/andy/ros2_ws/install/servo_control/lib/servo_control/changeId" to ""\n'}
[5.554209] (servo_control) StdoutLine: {'line': b'-- Up-to-date: /home/andy/ros2_ws/install/servo_control/lib/servo_control/servoFeedback\n'}
[5.554763] (servo_control) StdoutLine: {'line': b'-- Up-to-date: /home/andy/ros2_ws/install/servo_control/lib/servo_control/servoRepair\n'}
[5.555086] (servo_control) StdoutLine: {'line': b'-- Up-to-date: /home/andy/ros2_ws/install/servo_control/share/ament_index/resource_index/package_run_dependencies/servo_control\n'}
[5.555216] (servo_control) StdoutLine: {'line': b'-- Up-to-date: /home/andy/ros2_ws/install/servo_control/share/ament_index/resource_index/parent_prefix_path/servo_control\n'}
[5.555363] (servo_control) StdoutLine: {'line': b'-- Up-to-date: /home/andy/ros2_ws/install/servo_control/share/servo_control/environment/ament_prefix_path.sh\n'}
[5.555523] (servo_control) StdoutLine: {'line': b'-- Up-to-date: /home/andy/ros2_ws/install/servo_control/share/servo_control/environment/ament_prefix_path.dsv\n'}
[5.555645] (servo_control) StdoutLine: {'line': b'-- Up-to-date: /home/andy/ros2_ws/install/servo_control/share/servo_control/environment/path.sh\n'}
[5.555748] (servo_control) StdoutLine: {'line': b'-- Up-to-date: /home/andy/ros2_ws/install/servo_control/share/servo_control/environment/path.dsv\n'}
[5.555849] (servo_control) StdoutLine: {'line': b'-- Up-to-date: /home/andy/ros2_ws/install/servo_control/share/servo_control/local_setup.bash\n'}
[5.555950] (servo_control) StdoutLine: {'line': b'-- Up-to-date: /home/andy/ros2_ws/install/servo_control/share/servo_control/local_setup.sh\n'}
[5.556097] (servo_control) StdoutLine: {'line': b'-- Up-to-date: /home/andy/ros2_ws/install/servo_control/share/servo_control/local_setup.zsh\n'}
[5.556203] (servo_control) StdoutLine: {'line': b'-- Up-to-date: /home/andy/ros2_ws/install/servo_control/share/servo_control/local_setup.dsv\n'}
[5.556303] (servo_control) StdoutLine: {'line': b'-- Installing: /home/andy/ros2_ws/install/servo_control/share/servo_control/package.dsv\n'}
[5.556404] (servo_control) StdoutLine: {'line': b'-- Up-to-date: /home/andy/ros2_ws/install/servo_control/share/ament_index/resource_index/packages/servo_control\n'}
[5.556561] (servo_control) StdoutLine: {'line': b'-- Up-to-date: /home/andy/ros2_ws/install/servo_control/share/servo_control/cmake/servo_controlConfig.cmake\n'}
[5.556660] (servo_control) StdoutLine: {'line': b'-- Up-to-date: /home/andy/ros2_ws/install/servo_control/share/servo_control/cmake/servo_controlConfig-version.cmake\n'}
[5.556751] (servo_control) StdoutLine: {'line': b'-- Up-to-date: /home/andy/ros2_ws/install/servo_control/share/servo_control/package.xml\n'}
[5.559088] (servo_control) CommandEnded: {'returncode': 0}
[5.585027] (servo_control) JobEnded: {'identifier': 'servo_control', 'rc': 0}
[5.586296] (-) EventReactorShutdown: {}
