[0.021s] Invoking command in '/home/andy/ros2_ws/build/servo_control': CMAKE_PREFIX_PATH=${CMAKE_PREFIX_PATH}:/opt/ros/jazzy /usr/bin/cmake --build /home/andy/ros2_ws/build/servo_control -- -j4 -l4
[0.128s] [ 33%] Built target scservo_lib
[0.183s] [ 47%] Built target STServoTests
[0.183s] [ 47%] [32mBuilding CXX object CMakeFiles/servo_node.dir/src/servo_node.cpp.o[0m
[0.197s] [ 66%] Built target servoConfig
[0.197s] [ 66%] Built target moveServo
[0.253s] [ 76%] Built target servoFeedback
[0.259s] [ 90%] Built target changeId
[0.259s] [ 95%] Built target servoRepair
[0.850s] [01m[K/home/andy/ros2_ws/src/servo_control/src/servo_node.cpp:12:1:[m[K [01;31m[Kerror: [m[Kexpected ‘[01m[K,[m[K’ or ‘[01m[K;[m[K’ before ‘[01m[Kint[m[K’
[0.850s]    12 | [01;31m[Kint[m[K milis = 1000;
[0.850s]       | [01;31m[K^~~[m[K
[0.863s] [01m[K/home/andy/ros2_ws/src/servo_control/src/servo_node.cpp:[m[K In function ‘[01m[Kvoid[01;32m[K addData[m[K(int)[m[K’:
[0.863s] [01m[K/home/andy/ros2_ws/src/servo_control/src/servo_node.cpp:38:16:[m[K [01;31m[Kerror: [m[K‘[01m[Kmilis[m[K’ was not declared in this scope
[0.863s]    38 |         usleep([01;31m[Kmilis[m[K);
[0.863s]       |                [01;31m[K^~~~~[m[K
[0.869s] [01m[K/home/andy/ros2_ws/src/servo_control/src/servo_node.cpp:[m[K In function ‘[01m[Kint[01;32m[K main[m[K(int, char**)[m[K’:
[0.869s] [01m[K/home/andy/ros2_ws/src/servo_control/src/servo_node.cpp:70:18:[m[K [01;31m[Kerror: [m[K‘[01m[Kmilis[m[K’ was not declared in this scope
[0.869s]    70 |     usleep(100 * [01;31m[Kmilis[m[K);
[0.869s]       |                  [01;31m[K^~~~~[m[K
[0.954s] gmake[2]: *** [CMakeFiles/servo_node.dir/build.make:76: CMakeFiles/servo_node.dir/src/servo_node.cpp.o] Error 1
[0.954s] gmake[1]: *** [CMakeFiles/Makefile2:177: CMakeFiles/servo_node.dir/all] Error 2
[0.955s] gmake: *** [Makefile:146: all] Error 2
[0.959s] Invoked command in '/home/andy/ros2_ws/build/servo_control' returned '2': CMAKE_PREFIX_PATH=${CMAKE_PREFIX_PATH}:/opt/ros/jazzy /usr/bin/cmake --build /home/andy/ros2_ws/build/servo_control -- -j4 -l4
