[ 46%] Built target scservo_lib
[ 73%] Built target servo_node
[ 73%] Built target STServoTests
[ 80%] [32mBuilding CXX object CMakeFiles/servoConfig.dir/src/servoConfig.cpp.o[0m
[ 93%] Built target moveServo
[100%] [32m[1mLinking CXX executable servoConfig[0m
[100%] Built target servoConfig
-- Install configuration: ""
-- Up-to-date: /home/andy/ros2_ws/install/servo_control/lib/servo_control/servo_node
-- Up-to-date: /home/andy/ros2_ws/install/servo_control/lib/servo_control/STServoTests
-- Up-to-date: /home/andy/ros2_ws/install/servo_control/lib/servo_control/moveServo
-- Installing: /home/andy/ros2_ws/install/servo_control/lib/servo_control/servoConfig
-- Set non-toolchain portion of runtime path of "/home/andy/ros2_ws/install/servo_control/lib/servo_control/servoConfig" to ""
-- Up-to-date: /home/andy/ros2_ws/install/servo_control/share/ament_index/resource_index/package_run_dependencies/servo_control
-- Up-to-date: /home/andy/ros2_ws/install/servo_control/share/ament_index/resource_index/parent_prefix_path/servo_control
-- Up-to-date: /home/andy/ros2_ws/install/servo_control/share/servo_control/environment/ament_prefix_path.sh
-- Up-to-date: /home/andy/ros2_ws/install/servo_control/share/servo_control/environment/ament_prefix_path.dsv
-- Up-to-date: /home/andy/ros2_ws/install/servo_control/share/servo_control/environment/path.sh
-- Up-to-date: /home/andy/ros2_ws/install/servo_control/share/servo_control/environment/path.dsv
-- Up-to-date: /home/andy/ros2_ws/install/servo_control/share/servo_control/local_setup.bash
-- Up-to-date: /home/andy/ros2_ws/install/servo_control/share/servo_control/local_setup.sh
-- Up-to-date: /home/andy/ros2_ws/install/servo_control/share/servo_control/local_setup.zsh
-- Up-to-date: /home/andy/ros2_ws/install/servo_control/share/servo_control/local_setup.dsv
-- Installing: /home/andy/ros2_ws/install/servo_control/share/servo_control/package.dsv
-- Up-to-date: /home/andy/ros2_ws/install/servo_control/share/ament_index/resource_index/packages/servo_control
-- Up-to-date: /home/andy/ros2_ws/install/servo_control/share/servo_control/cmake/servo_controlConfig.cmake
-- Up-to-date: /home/andy/ros2_ws/install/servo_control/share/servo_control/cmake/servo_controlConfig-version.cmake
-- Up-to-date: /home/andy/ros2_ws/install/servo_control/share/servo_control/package.xml
