[0.021s] Invoking command in '/home/andy/ros2_ws/build/servo_control': CMAKE_PREFIX_PATH=${CMAKE_PREFIX_PATH}:/opt/ros/jazzy /usr/bin/cmake --build /home/andy/ros2_ws/build/servo_control -- -j4 -l4
[0.126s] [ 33%] Built target scservo_lib
[0.178s] [ 52%] Built target STServoTests
[0.178s] [ 52%] Built target servo_node
[0.194s] [ 57%] [32mBuilding CXX object CMakeFiles/servoConfig.dir/src/servoConfig.cpp.o[0m
[0.202s] [ 61%] [32mBuilding CXX object CMakeFiles/moveServo.dir/src/moveServo.cpp.o[0m
[0.243s] [ 66%] [32mBuilding CXX object CMakeFiles/servoFeedback.dir/src/servoFeedback.cpp.o[0m
[0.248s] [ 76%] Built target servoRepair
[0.307s] [ 85%] Built target changeId
[14.247s] [ 90%] [32m[1mLinking CXX executable moveServo[0m
[14.274s] [ 95%] [32m[1mLinking CXX executable servoFeedback[0m
[15.178s] [100%] [32m[1mLinking CXX executable servoConfig[0m
[15.452s] [100%] Built target moveServo
[15.479s] [100%] Built target servoFeedback
[15.926s] [100%] Built target servoConfig
[15.944s] Invoked command in '/home/andy/ros2_ws/build/servo_control' returned '0': CMAKE_PREFIX_PATH=${CMAKE_PREFIX_PATH}:/opt/ros/jazzy /usr/bin/cmake --build /home/andy/ros2_ws/build/servo_control -- -j4 -l4
[15.959s] Invoking command in '/home/andy/ros2_ws/build/servo_control': CMAKE_PREFIX_PATH=${CMAKE_PREFIX_PATH}:/opt/ros/jazzy /usr/bin/cmake --install /home/andy/ros2_ws/build/servo_control
[15.971s] -- Install configuration: ""
[15.971s] -- Up-to-date: /home/andy/ros2_ws/install/servo_control/lib/servo_control/servo_node
[15.972s] -- Up-to-date: /home/andy/ros2_ws/install/servo_control/lib/servo_control/STServoTests
[15.972s] -- Installing: /home/andy/ros2_ws/install/servo_control/lib/servo_control/moveServo
[15.981s] -- Set non-toolchain portion of runtime path of "/home/andy/ros2_ws/install/servo_control/lib/servo_control/moveServo" to ""
[15.982s] -- Installing: /home/andy/ros2_ws/install/servo_control/lib/servo_control/servoConfig
[15.990s] -- Set non-toolchain portion of runtime path of "/home/andy/ros2_ws/install/servo_control/lib/servo_control/servoConfig" to ""
[15.991s] -- Up-to-date: /home/andy/ros2_ws/install/servo_control/lib/servo_control/changeId
[15.991s] -- Installing: /home/andy/ros2_ws/install/servo_control/lib/servo_control/servoFeedback
[15.999s] -- Set non-toolchain portion of runtime path of "/home/andy/ros2_ws/install/servo_control/lib/servo_control/servoFeedback" to ""
[16.000s] -- Up-to-date: /home/andy/ros2_ws/install/servo_control/lib/servo_control/servoRepair
[16.000s] -- Up-to-date: /home/andy/ros2_ws/install/servo_control/share/ament_index/resource_index/package_run_dependencies/servo_control
[16.000s] -- Up-to-date: /home/andy/ros2_ws/install/servo_control/share/ament_index/resource_index/parent_prefix_path/servo_control
[16.000s] -- Up-to-date: /home/andy/ros2_ws/install/servo_control/share/servo_control/environment/ament_prefix_path.sh
[16.000s] -- Up-to-date: /home/andy/ros2_ws/install/servo_control/share/servo_control/environment/ament_prefix_path.dsv
[16.001s] -- Up-to-date: /home/andy/ros2_ws/install/servo_control/share/servo_control/environment/path.sh
[16.001s] -- Up-to-date: /home/andy/ros2_ws/install/servo_control/share/servo_control/environment/path.dsv
[16.001s] -- Up-to-date: /home/andy/ros2_ws/install/servo_control/share/servo_control/local_setup.bash
[16.001s] -- Up-to-date: /home/andy/ros2_ws/install/servo_control/share/servo_control/local_setup.sh
[16.001s] -- Up-to-date: /home/andy/ros2_ws/install/servo_control/share/servo_control/local_setup.zsh
[16.001s] -- Up-to-date: /home/andy/ros2_ws/install/servo_control/share/servo_control/local_setup.dsv
[16.001s] -- Installing: /home/andy/ros2_ws/install/servo_control/share/servo_control/package.dsv
[16.001s] -- Up-to-date: /home/andy/ros2_ws/install/servo_control/share/ament_index/resource_index/packages/servo_control
[16.001s] -- Up-to-date: /home/andy/ros2_ws/install/servo_control/share/servo_control/cmake/servo_controlConfig.cmake
[16.001s] -- Up-to-date: /home/andy/ros2_ws/install/servo_control/share/servo_control/cmake/servo_controlConfig-version.cmake
[16.002s] -- Up-to-date: /home/andy/ros2_ws/install/servo_control/share/servo_control/package.xml
[16.004s] Invoked command in '/home/andy/ros2_ws/build/servo_control' returned '0': CMAKE_PREFIX_PATH=${CMAKE_PREFIX_PATH}:/opt/ros/jazzy /usr/bin/cmake --install /home/andy/ros2_ws/build/servo_control
