[0.000000] (-) TimerEvent: {}
[0.000574] (servo_control) JobQueued: {'identifier': 'servo_control', 'dependencies': OrderedDict()}
[0.000976] (servo_control) JobStarted: {'identifier': 'servo_control'}
[0.016045] (servo_control) JobProgress: {'identifier': 'servo_control', 'progress': 'cmake'}
[0.017173] (servo_control) JobProgress: {'identifier': 'servo_control', 'progress': 'build'}
[0.018233] (servo_control) Command: {'cmd': ['/usr/bin/cmake', '--build', '/home/andy/ros2_ws/build/servo_control', '--', '-j4', '-l4'], 'cwd': '/home/andy/ros2_ws/build/servo_control', 'env': OrderedDict({'HOSTNAME': 'PipeBot', 'SHLVL': '0', 'LD_LIBRARY_PATH': '/opt/ros/jazzy/lib/aarch64-linux-gnu:/opt/ros/jazzy/lib', 'HOME': '/home/andy', 'ROS_PYTHON_VERSION': '3', 'LC_CTYPE': 'C.UTF-8', 'COLCON_PREFIX_PATH': '/home/andy/ros2_ws/install', 'ROS_DISTRO': 'jazzy', '_': '/usr/local/bin/colcon', 'ROS_VERSION': '2', 'TERM': 'xterm', 'PATH': '/opt/ros/jazzy/bin:/usr/local/sbin:/usr/local/bin:/usr/sbin:/usr/bin:/sbin:/bin', 'AMENT_PREFIX_PATH': '/home/andy/ros2_ws/install/servo_control:/opt/ros/jazzy', 'DEBIAN_FRONTEND': 'noninteractive', 'ROS_AUTOMATIC_DISCOVERY_RANGE': 'SUBNET', 'PWD': '/home/andy/ros2_ws/build/servo_control', 'PYTHONPATH': '/opt/ros/jazzy/lib/python3.12/site-packages', 'COLCON': '1', 'CMAKE_PREFIX_PATH': '/home/andy/ros2_ws/install/servo_control:/opt/ros/jazzy'}), 'shell': False}
[0.099620] (-) TimerEvent: {}
[0.127445] (servo_control) StdoutLine: {'line': b'[ 46%] Built target scservo_lib\n'}
[0.181117] (servo_control) StdoutLine: {'line': b'[ 73%] Built target servo_node\n'}
[0.181507] (servo_control) StdoutLine: {'line': b'[ 73%] Built target STServoTests\n'}
[0.191081] (servo_control) StdoutLine: {'line': b'[ 93%] \x1b[32mBuilding CXX object CMakeFiles/servoConfig.dir/src/servoConfig.cpp.o\x1b[0m\n'}
[0.191377] (servo_control) StdoutLine: {'line': b'[ 93%] Built target moveServo\n'}
[0.199766] (-) TimerEvent: {}
[0.300163] (-) TimerEvent: {}
[0.400546] (-) TimerEvent: {}
[0.500944] (-) TimerEvent: {}
[0.601329] (-) TimerEvent: {}
[0.701747] (-) TimerEvent: {}
[0.802130] (-) TimerEvent: {}
[0.902520] (-) TimerEvent: {}
[1.002911] (-) TimerEvent: {}
[1.103268] (-) TimerEvent: {}
[1.203634] (-) TimerEvent: {}
[1.304046] (-) TimerEvent: {}
[1.404406] (-) TimerEvent: {}
[1.504774] (-) TimerEvent: {}
[1.605126] (-) TimerEvent: {}
[1.705483] (-) TimerEvent: {}
[1.805852] (-) TimerEvent: {}
[1.906201] (-) TimerEvent: {}
[2.006554] (-) TimerEvent: {}
[2.106930] (-) TimerEvent: {}
[2.207300] (-) TimerEvent: {}
[2.307655] (-) TimerEvent: {}
[2.408028] (-) TimerEvent: {}
[2.508382] (-) TimerEvent: {}
[2.608749] (-) TimerEvent: {}
[2.709096] (-) TimerEvent: {}
[2.809465] (-) TimerEvent: {}
[2.909828] (-) TimerEvent: {}
[3.010183] (-) TimerEvent: {}
[3.110537] (-) TimerEvent: {}
[3.210908] (-) TimerEvent: {}
[3.311255] (-) TimerEvent: {}
[3.411604] (-) TimerEvent: {}
[3.511986] (-) TimerEvent: {}
[3.612341] (-) TimerEvent: {}
[3.712697] (-) TimerEvent: {}
[3.813064] (-) TimerEvent: {}
[3.913419] (-) TimerEvent: {}
[4.013783] (-) TimerEvent: {}
[4.114141] (-) TimerEvent: {}
[4.214517] (-) TimerEvent: {}
[4.314905] (-) TimerEvent: {}
[4.415264] (-) TimerEvent: {}
[4.515611] (-) TimerEvent: {}
[4.615996] (-) TimerEvent: {}
[4.716358] (-) TimerEvent: {}
[4.816722] (-) TimerEvent: {}
[4.917072] (-) TimerEvent: {}
[5.017429] (-) TimerEvent: {}
[5.117795] (-) TimerEvent: {}
[5.218141] (-) TimerEvent: {}
[5.318463] (-) TimerEvent: {}
[5.418795] (-) TimerEvent: {}
[5.519120] (-) TimerEvent: {}
[5.619444] (-) TimerEvent: {}
[5.719783] (-) TimerEvent: {}
[5.820105] (-) TimerEvent: {}
[5.920427] (-) TimerEvent: {}
[6.020757] (-) TimerEvent: {}
[6.121075] (-) TimerEvent: {}
[6.221390] (-) TimerEvent: {}
[6.321724] (-) TimerEvent: {}
[6.422129] (-) TimerEvent: {}
[6.522470] (-) TimerEvent: {}
[6.622792] (-) TimerEvent: {}
[6.723122] (-) TimerEvent: {}
[6.823443] (-) TimerEvent: {}
[6.923779] (-) TimerEvent: {}
[7.024139] (-) TimerEvent: {}
[7.124491] (-) TimerEvent: {}
[7.224862] (-) TimerEvent: {}
[7.325232] (-) TimerEvent: {}
[7.425549] (-) TimerEvent: {}
[7.525901] (-) TimerEvent: {}
[7.626232] (-) TimerEvent: {}
[7.726557] (-) TimerEvent: {}
[7.826884] (-) TimerEvent: {}
[7.927177] (-) TimerEvent: {}
[8.027485] (-) TimerEvent: {}
[8.127800] (-) TimerEvent: {}
[8.228115] (-) TimerEvent: {}
[8.328433] (-) TimerEvent: {}
[8.428764] (-) TimerEvent: {}
[8.529073] (-) TimerEvent: {}
[8.629371] (-) TimerEvent: {}
[8.729688] (-) TimerEvent: {}
[8.830004] (-) TimerEvent: {}
[8.930298] (-) TimerEvent: {}
[9.030613] (-) TimerEvent: {}
[9.130943] (-) TimerEvent: {}
[9.231257] (-) TimerEvent: {}
[9.331565] (-) TimerEvent: {}
[9.431895] (-) TimerEvent: {}
[9.532207] (-) TimerEvent: {}
[9.632525] (-) TimerEvent: {}
[9.732857] (-) TimerEvent: {}
[9.833191] (-) TimerEvent: {}
[9.933509] (-) TimerEvent: {}
[10.033826] (-) TimerEvent: {}
[10.134135] (-) TimerEvent: {}
[10.234447] (-) TimerEvent: {}
[10.334771] (-) TimerEvent: {}
[10.435075] (-) TimerEvent: {}
[10.535388] (-) TimerEvent: {}
[10.635703] (-) TimerEvent: {}
[10.736022] (-) TimerEvent: {}
[10.836352] (-) TimerEvent: {}
[10.936701] (-) TimerEvent: {}
[11.037101] (-) TimerEvent: {}
[11.137441] (-) TimerEvent: {}
[11.237808] (-) TimerEvent: {}
[11.338270] (-) TimerEvent: {}
[11.438814] (-) TimerEvent: {}
[11.502873] (servo_control) StdoutLine: {'line': b'[100%] \x1b[32m\x1b[1mLinking CXX executable servoConfig\x1b[0m\n'}
[11.538970] (-) TimerEvent: {}
[11.639395] (-) TimerEvent: {}
[11.740038] (-) TimerEvent: {}
[11.840418] (-) TimerEvent: {}
[11.940936] (-) TimerEvent: {}
[12.041309] (-) TimerEvent: {}
[12.101058] (servo_control) StdoutLine: {'line': b'[100%] Built target servoConfig\n'}
[12.117667] (servo_control) CommandEnded: {'returncode': 0}
[12.118338] (servo_control) JobProgress: {'identifier': 'servo_control', 'progress': 'install'}
[12.131433] (servo_control) Command: {'cmd': ['/usr/bin/cmake', '--install', '/home/andy/ros2_ws/build/servo_control'], 'cwd': '/home/andy/ros2_ws/build/servo_control', 'env': OrderedDict({'HOSTNAME': 'PipeBot', 'SHLVL': '0', 'LD_LIBRARY_PATH': '/opt/ros/jazzy/lib/aarch64-linux-gnu:/opt/ros/jazzy/lib', 'HOME': '/home/andy', 'ROS_PYTHON_VERSION': '3', 'LC_CTYPE': 'C.UTF-8', 'COLCON_PREFIX_PATH': '/home/andy/ros2_ws/install', 'ROS_DISTRO': 'jazzy', '_': '/usr/local/bin/colcon', 'ROS_VERSION': '2', 'TERM': 'xterm', 'PATH': '/opt/ros/jazzy/bin:/usr/local/sbin:/usr/local/bin:/usr/sbin:/usr/bin:/sbin:/bin', 'AMENT_PREFIX_PATH': '/home/andy/ros2_ws/install/servo_control:/opt/ros/jazzy', 'DEBIAN_FRONTEND': 'noninteractive', 'ROS_AUTOMATIC_DISCOVERY_RANGE': 'SUBNET', 'PWD': '/home/andy/ros2_ws/build/servo_control', 'PYTHONPATH': '/opt/ros/jazzy/lib/python3.12/site-packages', 'COLCON': '1', 'CMAKE_PREFIX_PATH': '/home/andy/ros2_ws/install/servo_control:/opt/ros/jazzy'}), 'shell': False}
[12.141406] (-) TimerEvent: {}
[12.143731] (servo_control) StdoutLine: {'line': b'-- Install configuration: ""\n'}
[12.144007] (servo_control) StdoutLine: {'line': b'-- Up-to-date: /home/andy/ros2_ws/install/servo_control/lib/servo_control/servo_node\n'}
[12.144459] (servo_control) StdoutLine: {'line': b'-- Up-to-date: /home/andy/ros2_ws/install/servo_control/lib/servo_control/STServoTests\n'}
[12.144886] (servo_control) StdoutLine: {'line': b'-- Up-to-date: /home/andy/ros2_ws/install/servo_control/lib/servo_control/moveServo\n'}
[12.145345] (servo_control) StdoutLine: {'line': b'-- Installing: /home/andy/ros2_ws/install/servo_control/lib/servo_control/servoConfig\n'}
[12.154350] (servo_control) StdoutLine: {'line': b'-- Set non-toolchain portion of runtime path of "/home/andy/ros2_ws/install/servo_control/lib/servo_control/servoConfig" to ""\n'}
[12.154542] (servo_control) StdoutLine: {'line': b'-- Up-to-date: /home/andy/ros2_ws/install/servo_control/share/ament_index/resource_index/package_run_dependencies/servo_control\n'}
[12.154682] (servo_control) StdoutLine: {'line': b'-- Up-to-date: /home/andy/ros2_ws/install/servo_control/share/ament_index/resource_index/parent_prefix_path/servo_control\n'}
[12.154819] (servo_control) StdoutLine: {'line': b'-- Up-to-date: /home/andy/ros2_ws/install/servo_control/share/servo_control/environment/ament_prefix_path.sh\n'}
[12.154960] (servo_control) StdoutLine: {'line': b'-- Up-to-date: /home/andy/ros2_ws/install/servo_control/share/servo_control/environment/ament_prefix_path.dsv\n'}
[12.155063] (servo_control) StdoutLine: {'line': b'-- Up-to-date: /home/andy/ros2_ws/install/servo_control/share/servo_control/environment/path.sh\n'}
[12.155146] (servo_control) StdoutLine: {'line': b'-- Up-to-date: /home/andy/ros2_ws/install/servo_control/share/servo_control/environment/path.dsv\n'}
[12.155226] (servo_control) StdoutLine: {'line': b'-- Up-to-date: /home/andy/ros2_ws/install/servo_control/share/servo_control/local_setup.bash\n'}
[12.155355] (servo_control) StdoutLine: {'line': b'-- Up-to-date: /home/andy/ros2_ws/install/servo_control/share/servo_control/local_setup.sh\n'}
[12.155454] (servo_control) StdoutLine: {'line': b'-- Up-to-date: /home/andy/ros2_ws/install/servo_control/share/servo_control/local_setup.zsh\n'}
[12.155534] (servo_control) StdoutLine: {'line': b'-- Up-to-date: /home/andy/ros2_ws/install/servo_control/share/servo_control/local_setup.dsv\n'}
[12.155613] (servo_control) StdoutLine: {'line': b'-- Installing: /home/andy/ros2_ws/install/servo_control/share/servo_control/package.dsv\n'}
[12.155693] (servo_control) StdoutLine: {'line': b'-- Up-to-date: /home/andy/ros2_ws/install/servo_control/share/ament_index/resource_index/packages/servo_control\n'}
[12.155793] (servo_control) StdoutLine: {'line': b'-- Up-to-date: /home/andy/ros2_ws/install/servo_control/share/servo_control/cmake/servo_controlConfig.cmake\n'}
[12.155877] (servo_control) StdoutLine: {'line': b'-- Up-to-date: /home/andy/ros2_ws/install/servo_control/share/servo_control/cmake/servo_controlConfig-version.cmake\n'}
[12.155957] (servo_control) StdoutLine: {'line': b'-- Up-to-date: /home/andy/ros2_ws/install/servo_control/share/servo_control/package.xml\n'}
[12.158079] (servo_control) CommandEnded: {'returncode': 0}
[12.179649] (servo_control) JobEnded: {'identifier': 'servo_control', 'rc': 0}
[12.180663] (-) EventReactorShutdown: {}
