[0.000000] (-) TimerEvent: {}
[0.000435] (servo_control) JobQueued: {'identifier': 'servo_control', 'dependencies': OrderedDict()}
[0.000839] (servo_control) JobStarted: {'identifier': 'servo_control'}
[0.013721] (servo_control) JobProgress: {'identifier': 'servo_control', 'progress': 'cmake'}
[0.014732] (servo_control) JobProgress: {'identifier': 'servo_control', 'progress': 'build'}
[0.015646] (servo_control) Command: {'cmd': ['/usr/bin/cmake', '--build', '/home/andy/ros2_ws/build/servo_control', '--', '-j4', '-l4'], 'cwd': '/home/andy/ros2_ws/build/servo_control', 'env': OrderedDict({'HOSTNAME': 'PipeBot', 'SHLVL': '0', 'LD_LIBRARY_PATH': '/opt/ros/jazzy/lib/aarch64-linux-gnu:/opt/ros/jazzy/lib', 'HOME': '/home/andy', 'ROS_PYTHON_VERSION': '3', 'LC_CTYPE': 'C.UTF-8', 'COLCON_PREFIX_PATH': '/home/andy/ros2_ws/install', 'ROS_DISTRO': 'jazzy', '_': '/usr/local/bin/colcon', 'ROS_VERSION': '2', 'TERM': 'xterm', 'PATH': '/opt/ros/jazzy/bin:/usr/local/sbin:/usr/local/bin:/usr/sbin:/usr/bin:/sbin:/bin', 'AMENT_PREFIX_PATH': '/home/andy/ros2_ws/install/servo_control:/opt/ros/jazzy', 'DEBIAN_FRONTEND': 'noninteractive', 'ROS_AUTOMATIC_DISCOVERY_RANGE': 'SUBNET', 'PWD': '/home/andy/ros2_ws/build/servo_control', 'PYTHONPATH': '/opt/ros/jazzy/lib/python3.12/site-packages', 'COLCON': '1', 'CMAKE_PREFIX_PATH': '/home/andy/ros2_ws/install/servo_control:/opt/ros/jazzy'}), 'shell': False}
[0.099695] (-) TimerEvent: {}
[0.109704] (servo_control) StdoutLine: {'line': b'[ 33%] Built target scservo_lib\n'}
[0.153158] (servo_control) StdoutLine: {'line': b'[ 52%] Built target STServoTests\n'}
[0.155370] (servo_control) StdoutLine: {'line': b'[ 52%] Built target servo_node\n'}
[0.165059] (servo_control) StdoutLine: {'line': b'[ 71%] Built target moveServo\n'}
[0.165448] (servo_control) StdoutLine: {'line': b'[ 71%] Built target servoConfig\n'}
[0.199880] (-) TimerEvent: {}
[0.206099] (servo_control) StdoutLine: {'line': b'[ 80%] Built target servoRepair\n'}
[0.206466] (servo_control) StdoutLine: {'line': b'[ 90%] Built target servoFeedback\n'}
[0.225248] (servo_control) StdoutLine: {'line': b'[ 95%] \x1b[32mBuilding CXX object CMakeFiles/changeId.dir/src/changeId.cpp.o\x1b[0m\n'}
[0.299989] (-) TimerEvent: {}
[0.400334] (-) TimerEvent: {}
[0.500666] (-) TimerEvent: {}
[0.601074] (-) TimerEvent: {}
[0.701519] (-) TimerEvent: {}
[0.801841] (-) TimerEvent: {}
[0.902190] (-) TimerEvent: {}
[1.002537] (-) TimerEvent: {}
[1.102884] (-) TimerEvent: {}
[1.203270] (-) TimerEvent: {}
[1.303609] (-) TimerEvent: {}
[1.403972] (-) TimerEvent: {}
[1.504323] (-) TimerEvent: {}
[1.604693] (-) TimerEvent: {}
[1.705066] (-) TimerEvent: {}
[1.805425] (-) TimerEvent: {}
[1.905778] (-) TimerEvent: {}
[2.006126] (-) TimerEvent: {}
[2.106474] (-) TimerEvent: {}
[2.206828] (-) TimerEvent: {}
[2.307173] (-) TimerEvent: {}
[2.407512] (-) TimerEvent: {}
[2.507854] (-) TimerEvent: {}
[2.608198] (-) TimerEvent: {}
[2.708543] (-) TimerEvent: {}
[2.808902] (-) TimerEvent: {}
[2.909263] (-) TimerEvent: {}
[3.009612] (-) TimerEvent: {}
[3.109966] (-) TimerEvent: {}
[3.210305] (-) TimerEvent: {}
[3.310643] (-) TimerEvent: {}
[3.410989] (-) TimerEvent: {}
[3.511317] (-) TimerEvent: {}
[3.611630] (-) TimerEvent: {}
[3.711975] (-) TimerEvent: {}
[3.812306] (-) TimerEvent: {}
[3.912632] (-) TimerEvent: {}
[4.012967] (-) TimerEvent: {}
[4.113280] (-) TimerEvent: {}
[4.213604] (-) TimerEvent: {}
[4.313951] (-) TimerEvent: {}
[4.414272] (-) TimerEvent: {}
[4.514587] (-) TimerEvent: {}
[4.614925] (-) TimerEvent: {}
[4.715245] (-) TimerEvent: {}
[4.815556] (-) TimerEvent: {}
[4.870094] (servo_control) StdoutLine: {'line': b'[100%] \x1b[32m\x1b[1mLinking CXX executable changeId\x1b[0m\n'}
[4.915688] (-) TimerEvent: {}
[5.016094] (-) TimerEvent: {}
[5.078718] (servo_control) StdoutLine: {'line': b'[100%] Built target changeId\n'}
[5.096916] (servo_control) CommandEnded: {'returncode': 0}
[5.097620] (servo_control) JobProgress: {'identifier': 'servo_control', 'progress': 'install'}
[5.111375] (servo_control) Command: {'cmd': ['/usr/bin/cmake', '--install', '/home/andy/ros2_ws/build/servo_control'], 'cwd': '/home/andy/ros2_ws/build/servo_control', 'env': OrderedDict({'HOSTNAME': 'PipeBot', 'SHLVL': '0', 'LD_LIBRARY_PATH': '/opt/ros/jazzy/lib/aarch64-linux-gnu:/opt/ros/jazzy/lib', 'HOME': '/home/andy', 'ROS_PYTHON_VERSION': '3', 'LC_CTYPE': 'C.UTF-8', 'COLCON_PREFIX_PATH': '/home/andy/ros2_ws/install', 'ROS_DISTRO': 'jazzy', '_': '/usr/local/bin/colcon', 'ROS_VERSION': '2', 'TERM': 'xterm', 'PATH': '/opt/ros/jazzy/bin:/usr/local/sbin:/usr/local/bin:/usr/sbin:/usr/bin:/sbin:/bin', 'AMENT_PREFIX_PATH': '/home/andy/ros2_ws/install/servo_control:/opt/ros/jazzy', 'DEBIAN_FRONTEND': 'noninteractive', 'ROS_AUTOMATIC_DISCOVERY_RANGE': 'SUBNET', 'PWD': '/home/andy/ros2_ws/build/servo_control', 'PYTHONPATH': '/opt/ros/jazzy/lib/python3.12/site-packages', 'COLCON': '1', 'CMAKE_PREFIX_PATH': '/home/andy/ros2_ws/install/servo_control:/opt/ros/jazzy'}), 'shell': False}
[5.116163] (-) TimerEvent: {}
[5.124306] (servo_control) StdoutLine: {'line': b'-- Install configuration: ""\n'}
[5.124580] (servo_control) StdoutLine: {'line': b'-- Up-to-date: /home/andy/ros2_ws/install/servo_control/lib/servo_control/servo_node\n'}
[5.125057] (servo_control) StdoutLine: {'line': b'-- Up-to-date: /home/andy/ros2_ws/install/servo_control/lib/servo_control/STServoTests\n'}
[5.125512] (servo_control) StdoutLine: {'line': b'-- Up-to-date: /home/andy/ros2_ws/install/servo_control/lib/servo_control/moveServo\n'}
[5.126002] (servo_control) StdoutLine: {'line': b'-- Up-to-date: /home/andy/ros2_ws/install/servo_control/lib/servo_control/servoConfig\n'}
[5.126457] (servo_control) StdoutLine: {'line': b'-- Installing: /home/andy/ros2_ws/install/servo_control/lib/servo_control/changeId\n'}
[5.127664] (servo_control) StdoutLine: {'line': b'-- Set non-toolchain portion of runtime path of "/home/andy/ros2_ws/install/servo_control/lib/servo_control/changeId" to ""\n'}
[5.127950] (servo_control) StdoutLine: {'line': b'-- Up-to-date: /home/andy/ros2_ws/install/servo_control/lib/servo_control/servoFeedback\n'}
[5.128425] (servo_control) StdoutLine: {'line': b'-- Up-to-date: /home/andy/ros2_ws/install/servo_control/lib/servo_control/servoRepair\n'}
[5.128709] (servo_control) StdoutLine: {'line': b'-- Up-to-date: /home/andy/ros2_ws/install/servo_control/share/ament_index/resource_index/package_run_dependencies/servo_control\n'}
[5.128836] (servo_control) StdoutLine: {'line': b'-- Up-to-date: /home/andy/ros2_ws/install/servo_control/share/ament_index/resource_index/parent_prefix_path/servo_control\n'}
[5.128953] (servo_control) StdoutLine: {'line': b'-- Up-to-date: /home/andy/ros2_ws/install/servo_control/share/servo_control/environment/ament_prefix_path.sh\n'}
[5.129082] (servo_control) StdoutLine: {'line': b'-- Up-to-date: /home/andy/ros2_ws/install/servo_control/share/servo_control/environment/ament_prefix_path.dsv\n'}
[5.129205] (servo_control) StdoutLine: {'line': b'-- Up-to-date: /home/andy/ros2_ws/install/servo_control/share/servo_control/environment/path.sh\n'}
[5.129339] (servo_control) StdoutLine: {'line': b'-- Up-to-date: /home/andy/ros2_ws/install/servo_control/share/servo_control/environment/path.dsv\n'}
[5.129428] (servo_control) StdoutLine: {'line': b'-- Up-to-date: /home/andy/ros2_ws/install/servo_control/share/servo_control/local_setup.bash\n'}
[5.129514] (servo_control) StdoutLine: {'line': b'-- Up-to-date: /home/andy/ros2_ws/install/servo_control/share/servo_control/local_setup.sh\n'}
[5.129604] (servo_control) StdoutLine: {'line': b'-- Up-to-date: /home/andy/ros2_ws/install/servo_control/share/servo_control/local_setup.zsh\n'}
[5.129697] (servo_control) StdoutLine: {'line': b'-- Up-to-date: /home/andy/ros2_ws/install/servo_control/share/servo_control/local_setup.dsv\n'}
[5.129826] (servo_control) StdoutLine: {'line': b'-- Installing: /home/andy/ros2_ws/install/servo_control/share/servo_control/package.dsv\n'}
[5.129916] (servo_control) StdoutLine: {'line': b'-- Up-to-date: /home/andy/ros2_ws/install/servo_control/share/ament_index/resource_index/packages/servo_control\n'}
[5.130004] (servo_control) StdoutLine: {'line': b'-- Up-to-date: /home/andy/ros2_ws/install/servo_control/share/servo_control/cmake/servo_controlConfig.cmake\n'}
[5.130105] (servo_control) StdoutLine: {'line': b'-- Up-to-date: /home/andy/ros2_ws/install/servo_control/share/servo_control/cmake/servo_controlConfig-version.cmake\n'}
[5.130193] (servo_control) StdoutLine: {'line': b'-- Up-to-date: /home/andy/ros2_ws/install/servo_control/share/servo_control/package.xml\n'}
[5.132383] (servo_control) CommandEnded: {'returncode': 0}
[5.155382] (servo_control) JobEnded: {'identifier': 'servo_control', 'rc': 0}
[5.156383] (-) EventReactorShutdown: {}
