[0.000000] (-) TimerEvent: {}
[0.001179] (servo_control) JobQueued: {'identifier': 'servo_control', 'dependencies': OrderedDict()}
[0.001321] (servo_control) JobStarted: {'identifier': 'servo_control'}
[0.015949] (servo_control) JobProgress: {'identifier': 'servo_control', 'progress': 'cmake'}
[0.017131] (servo_control) JobProgress: {'identifier': 'servo_control', 'progress': 'build'}
[0.018313] (servo_control) Command: {'cmd': ['/usr/bin/cmake', '--build', '/home/andy/ros2_ws/build/servo_control', '--', '-j4', '-l4'], 'cwd': '/home/andy/ros2_ws/build/servo_control', 'env': OrderedDict({'HOSTNAME': 'PipeBot', 'SHLVL': '0', 'LD_LIBRARY_PATH': '/opt/ros/jazzy/lib/aarch64-linux-gnu:/opt/ros/jazzy/lib', 'HOME': '/home/andy', 'ROS_PYTHON_VERSION': '3', 'LC_CTYPE': 'C.UTF-8', 'COLCON_PREFIX_PATH': '/home/andy/ros2_ws/install', 'ROS_DISTRO': 'jazzy', '_': '/usr/local/bin/colcon', 'ROS_VERSION': '2', 'TERM': 'xterm', 'PATH': '/opt/ros/jazzy/bin:/usr/local/sbin:/usr/local/bin:/usr/sbin:/usr/bin:/sbin:/bin', 'AMENT_PREFIX_PATH': '/home/andy/ros2_ws/install/servo_control:/opt/ros/jazzy', 'DEBIAN_FRONTEND': 'noninteractive', 'ROS_AUTOMATIC_DISCOVERY_RANGE': 'SUBNET', 'PWD': '/home/andy/ros2_ws/build/servo_control', 'PYTHONPATH': '/opt/ros/jazzy/lib/python3.12/site-packages', 'COLCON': '1', 'CMAKE_PREFIX_PATH': '/home/andy/ros2_ws/install/servo_control:/opt/ros/jazzy'}), 'shell': False}
[0.099550] (-) TimerEvent: {}
[0.127843] (servo_control) StdoutLine: {'line': b'[ 46%] Built target scservo_lib\n'}
[0.181277] (servo_control) StdoutLine: {'line': b'[ 73%] Built target servo_node\n'}
[0.181695] (servo_control) StdoutLine: {'line': b'[ 73%] Built target STServoTests\n'}
[0.191710] (servo_control) StdoutLine: {'line': b'[ 86%] Built target moveServo\n'}
[0.199658] (-) TimerEvent: {}
[0.200652] (servo_control) StdoutLine: {'line': b'[ 93%] \x1b[32mBuilding CXX object CMakeFiles/servoConfig.dir/src/servoConfig.cpp.o\x1b[0m\n'}
[0.299790] (-) TimerEvent: {}
[0.400193] (-) TimerEvent: {}
[0.500566] (-) TimerEvent: {}
[0.600936] (-) TimerEvent: {}
[0.701307] (-) TimerEvent: {}
[0.801691] (-) TimerEvent: {}
[0.902076] (-) TimerEvent: {}
[1.002465] (-) TimerEvent: {}
[1.102862] (-) TimerEvent: {}
[1.203231] (-) TimerEvent: {}
[1.303590] (-) TimerEvent: {}
[1.403946] (-) TimerEvent: {}
[1.504314] (-) TimerEvent: {}
[1.604708] (-) TimerEvent: {}
[1.705097] (-) TimerEvent: {}
[1.805474] (-) TimerEvent: {}
[1.905870] (-) TimerEvent: {}
[2.006244] (-) TimerEvent: {}
[2.106625] (-) TimerEvent: {}
[2.207006] (-) TimerEvent: {}
[2.307378] (-) TimerEvent: {}
[2.407752] (-) TimerEvent: {}
[2.508113] (-) TimerEvent: {}
[2.608479] (-) TimerEvent: {}
[2.708859] (-) TimerEvent: {}
[2.809227] (-) TimerEvent: {}
[2.909607] (-) TimerEvent: {}
[3.009991] (-) TimerEvent: {}
[3.110363] (-) TimerEvent: {}
[3.210782] (-) TimerEvent: {}
[3.311161] (-) TimerEvent: {}
[3.411537] (-) TimerEvent: {}
[3.511885] (-) TimerEvent: {}
[3.612251] (-) TimerEvent: {}
[3.712629] (-) TimerEvent: {}
[3.812997] (-) TimerEvent: {}
[3.913383] (-) TimerEvent: {}
[4.013781] (-) TimerEvent: {}
[4.114160] (-) TimerEvent: {}
[4.214557] (-) TimerEvent: {}
[4.314927] (-) TimerEvent: {}
[4.415291] (-) TimerEvent: {}
[4.515688] (-) TimerEvent: {}
[4.616066] (-) TimerEvent: {}
[4.716423] (-) TimerEvent: {}
[4.816770] (-) TimerEvent: {}
[4.917091] (-) TimerEvent: {}
[5.017482] (-) TimerEvent: {}
[5.117838] (-) TimerEvent: {}
[5.218161] (-) TimerEvent: {}
[5.318490] (-) TimerEvent: {}
[5.418846] (-) TimerEvent: {}
[5.519164] (-) TimerEvent: {}
[5.619480] (-) TimerEvent: {}
[5.719804] (-) TimerEvent: {}
[5.820155] (-) TimerEvent: {}
[5.920562] (-) TimerEvent: {}
[6.020881] (-) TimerEvent: {}
[6.121200] (-) TimerEvent: {}
[6.221534] (-) TimerEvent: {}
[6.321863] (-) TimerEvent: {}
[6.422176] (-) TimerEvent: {}
[6.522540] (-) TimerEvent: {}
[6.622872] (-) TimerEvent: {}
[6.723204] (-) TimerEvent: {}
[6.823560] (-) TimerEvent: {}
[6.923890] (-) TimerEvent: {}
[7.024239] (-) TimerEvent: {}
[7.124751] (-) TimerEvent: {}
[7.225105] (-) TimerEvent: {}
[7.325493] (-) TimerEvent: {}
[7.425962] (-) TimerEvent: {}
[7.526342] (-) TimerEvent: {}
[7.626727] (-) TimerEvent: {}
[7.727064] (-) TimerEvent: {}
[7.827459] (-) TimerEvent: {}
[7.927798] (-) TimerEvent: {}
[8.028111] (-) TimerEvent: {}
[8.128427] (-) TimerEvent: {}
[8.228777] (-) TimerEvent: {}
[8.329108] (-) TimerEvent: {}
[8.429439] (-) TimerEvent: {}
[8.529771] (-) TimerEvent: {}
[8.630081] (-) TimerEvent: {}
[8.730390] (-) TimerEvent: {}
[8.830731] (-) TimerEvent: {}
[8.931050] (-) TimerEvent: {}
[9.031365] (-) TimerEvent: {}
[9.131697] (-) TimerEvent: {}
[9.232014] (-) TimerEvent: {}
[9.332324] (-) TimerEvent: {}
[9.432663] (-) TimerEvent: {}
[9.532978] (-) TimerEvent: {}
[9.633295] (-) TimerEvent: {}
[9.733663] (-) TimerEvent: {}
[9.833973] (-) TimerEvent: {}
[9.934297] (-) TimerEvent: {}
[10.034621] (-) TimerEvent: {}
[10.134945] (-) TimerEvent: {}
[10.235259] (-) TimerEvent: {}
[10.335578] (-) TimerEvent: {}
[10.435888] (-) TimerEvent: {}
[10.536200] (-) TimerEvent: {}
[10.636534] (-) TimerEvent: {}
[10.736846] (-) TimerEvent: {}
[10.837167] (-) TimerEvent: {}
[10.937594] (-) TimerEvent: {}
[11.037961] (-) TimerEvent: {}
[11.138357] (-) TimerEvent: {}
[11.238781] (-) TimerEvent: {}
[11.339191] (-) TimerEvent: {}
[11.439670] (-) TimerEvent: {}
[11.540047] (-) TimerEvent: {}
[11.631183] (servo_control) StdoutLine: {'line': b'[100%] \x1b[32m\x1b[1mLinking CXX executable servoConfig\x1b[0m\n'}
[11.640146] (-) TimerEvent: {}
[11.740618] (-) TimerEvent: {}
[11.841315] (-) TimerEvent: {}
[11.941859] (-) TimerEvent: {}
[12.042487] (-) TimerEvent: {}
[12.142847] (-) TimerEvent: {}
[12.243174] (-) TimerEvent: {}
[12.257954] (servo_control) StdoutLine: {'line': b'[100%] Built target servoConfig\n'}
[12.275021] (servo_control) CommandEnded: {'returncode': 0}
[12.275686] (servo_control) JobProgress: {'identifier': 'servo_control', 'progress': 'install'}
[12.289781] (servo_control) Command: {'cmd': ['/usr/bin/cmake', '--install', '/home/andy/ros2_ws/build/servo_control'], 'cwd': '/home/andy/ros2_ws/build/servo_control', 'env': OrderedDict({'HOSTNAME': 'PipeBot', 'SHLVL': '0', 'LD_LIBRARY_PATH': '/opt/ros/jazzy/lib/aarch64-linux-gnu:/opt/ros/jazzy/lib', 'HOME': '/home/andy', 'ROS_PYTHON_VERSION': '3', 'LC_CTYPE': 'C.UTF-8', 'COLCON_PREFIX_PATH': '/home/andy/ros2_ws/install', 'ROS_DISTRO': 'jazzy', '_': '/usr/local/bin/colcon', 'ROS_VERSION': '2', 'TERM': 'xterm', 'PATH': '/opt/ros/jazzy/bin:/usr/local/sbin:/usr/local/bin:/usr/sbin:/usr/bin:/sbin:/bin', 'AMENT_PREFIX_PATH': '/home/andy/ros2_ws/install/servo_control:/opt/ros/jazzy', 'DEBIAN_FRONTEND': 'noninteractive', 'ROS_AUTOMATIC_DISCOVERY_RANGE': 'SUBNET', 'PWD': '/home/andy/ros2_ws/build/servo_control', 'PYTHONPATH': '/opt/ros/jazzy/lib/python3.12/site-packages', 'COLCON': '1', 'CMAKE_PREFIX_PATH': '/home/andy/ros2_ws/install/servo_control:/opt/ros/jazzy'}), 'shell': False}
[12.300953] (servo_control) StdoutLine: {'line': b'-- Install configuration: ""\n'}
[12.301233] (servo_control) StdoutLine: {'line': b'-- Up-to-date: /home/andy/ros2_ws/install/servo_control/lib/servo_control/servo_node\n'}
[12.301674] (servo_control) StdoutLine: {'line': b'-- Up-to-date: /home/andy/ros2_ws/install/servo_control/lib/servo_control/STServoTests\n'}
[12.302088] (servo_control) StdoutLine: {'line': b'-- Up-to-date: /home/andy/ros2_ws/install/servo_control/lib/servo_control/moveServo\n'}
[12.302524] (servo_control) StdoutLine: {'line': b'-- Installing: /home/andy/ros2_ws/install/servo_control/lib/servo_control/servoConfig\n'}
[12.311164] (servo_control) StdoutLine: {'line': b'-- Set non-toolchain portion of runtime path of "/home/andy/ros2_ws/install/servo_control/lib/servo_control/servoConfig" to ""\n'}
[12.311351] (servo_control) StdoutLine: {'line': b'-- Up-to-date: /home/andy/ros2_ws/install/servo_control/share/ament_index/resource_index/package_run_dependencies/servo_control\n'}
[12.311440] (servo_control) StdoutLine: {'line': b'-- Up-to-date: /home/andy/ros2_ws/install/servo_control/share/ament_index/resource_index/parent_prefix_path/servo_control\n'}
[12.311570] (servo_control) StdoutLine: {'line': b'-- Up-to-date: /home/andy/ros2_ws/install/servo_control/share/servo_control/environment/ament_prefix_path.sh\n'}
[12.311683] (servo_control) StdoutLine: {'line': b'-- Up-to-date: /home/andy/ros2_ws/install/servo_control/share/servo_control/environment/ament_prefix_path.dsv\n'}
[12.311766] (servo_control) StdoutLine: {'line': b'-- Up-to-date: /home/andy/ros2_ws/install/servo_control/share/servo_control/environment/path.sh\n'}
[12.311848] (servo_control) StdoutLine: {'line': b'-- Up-to-date: /home/andy/ros2_ws/install/servo_control/share/servo_control/environment/path.dsv\n'}
[12.311929] (servo_control) StdoutLine: {'line': b'-- Up-to-date: /home/andy/ros2_ws/install/servo_control/share/servo_control/local_setup.bash\n'}
[12.312048] (servo_control) StdoutLine: {'line': b'-- Up-to-date: /home/andy/ros2_ws/install/servo_control/share/servo_control/local_setup.sh\n'}
[12.312136] (servo_control) StdoutLine: {'line': b'-- Up-to-date: /home/andy/ros2_ws/install/servo_control/share/servo_control/local_setup.zsh\n'}
[12.312216] (servo_control) StdoutLine: {'line': b'-- Up-to-date: /home/andy/ros2_ws/install/servo_control/share/servo_control/local_setup.dsv\n'}
[12.312297] (servo_control) StdoutLine: {'line': b'-- Installing: /home/andy/ros2_ws/install/servo_control/share/servo_control/package.dsv\n'}
[12.312413] (servo_control) StdoutLine: {'line': b'-- Up-to-date: /home/andy/ros2_ws/install/servo_control/share/ament_index/resource_index/packages/servo_control\n'}
[12.312495] (servo_control) StdoutLine: {'line': b'-- Up-to-date: /home/andy/ros2_ws/install/servo_control/share/servo_control/cmake/servo_controlConfig.cmake\n'}
[12.312591] (servo_control) StdoutLine: {'line': b'-- Up-to-date: /home/andy/ros2_ws/install/servo_control/share/servo_control/cmake/servo_controlConfig-version.cmake\n'}
[12.312667] (servo_control) StdoutLine: {'line': b'-- Up-to-date: /home/andy/ros2_ws/install/servo_control/share/servo_control/package.xml\n'}
[12.314692] (servo_control) CommandEnded: {'returncode': 0}
[12.336361] (servo_control) JobEnded: {'identifier': 'servo_control', 'rc': 0}
[12.337466] (-) EventReactorShutdown: {}
