[0.000000] (-) TimerEvent: {}
[0.001288] (servo_control) JobQueued: {'identifier': 'servo_control', 'dependencies': OrderedDict()}
[0.001429] (servo_control) JobStarted: {'identifier': 'servo_control'}
[0.016059] (servo_control) JobProgress: {'identifier': 'servo_control', 'progress': 'cmake'}
[0.017219] (servo_control) JobProgress: {'identifier': 'servo_control', 'progress': 'build'}
[0.018416] (servo_control) Command: {'cmd': ['/usr/bin/cmake', '--build', '/home/andy/ros2_ws/build/servo_control', '--', '-j4', '-l4'], 'cwd': '/home/andy/ros2_ws/build/servo_control', 'env': OrderedDict({'HOSTNAME': 'PipeBot', 'SHLVL': '0', 'LD_LIBRARY_PATH': '/opt/ros/jazzy/lib/aarch64-linux-gnu:/opt/ros/jazzy/lib', 'HOME': '/home/andy', 'ROS_PYTHON_VERSION': '3', 'LC_CTYPE': 'C.UTF-8', 'COLCON_PREFIX_PATH': '/home/andy/ros2_ws/install', 'ROS_DISTRO': 'jazzy', '_': '/usr/local/bin/colcon', 'ROS_VERSION': '2', 'TERM': 'xterm', 'PATH': '/opt/ros/jazzy/bin:/usr/local/sbin:/usr/local/bin:/usr/sbin:/usr/bin:/sbin:/bin', 'AMENT_PREFIX_PATH': '/home/andy/ros2_ws/install/servo_control:/opt/ros/jazzy', 'DEBIAN_FRONTEND': 'noninteractive', 'ROS_AUTOMATIC_DISCOVERY_RANGE': 'SUBNET', 'PWD': '/home/andy/ros2_ws/build/servo_control', 'PYTHONPATH': '/opt/ros/jazzy/lib/python3.12/site-packages', 'COLCON': '1', 'CMAKE_PREFIX_PATH': '/home/andy/ros2_ws/install/servo_control:/opt/ros/jazzy'}), 'shell': False}
[0.075909] (servo_control) StdoutLine: {'line': b'-- Found ament_cmake: 2.5.3 (/opt/ros/jazzy/share/ament_cmake/cmake)\n'}
[0.099623] (-) TimerEvent: {}
[0.200029] (-) TimerEvent: {}
[0.300447] (-) TimerEvent: {}
[0.400830] (-) TimerEvent: {}
[0.459890] (servo_control) StdoutLine: {'line': b'-- Found rclcpp: 28.1.8 (/opt/ros/jazzy/share/rclcpp/cmake)\n'}
[0.500923] (-) TimerEvent: {}
[0.505600] (servo_control) StdoutLine: {'line': b'-- Found rosidl_generator_c: 4.6.5 (/opt/ros/jazzy/share/rosidl_generator_c/cmake)\n'}
[0.525548] (servo_control) StdoutLine: {'line': b'-- Found rosidl_generator_cpp: 4.6.5 (/opt/ros/jazzy/share/rosidl_generator_cpp/cmake)\n'}
[0.549777] (servo_control) StdoutLine: {'line': b'-- Using all available rosidl_typesupport_c: rosidl_typesupport_fastrtps_c;rosidl_typesupport_introspection_c\n'}
[0.577767] (servo_control) StdoutLine: {'line': b'-- Using all available rosidl_typesupport_cpp: rosidl_typesupport_fastrtps_cpp;rosidl_typesupport_introspection_cpp\n'}
[0.601031] (-) TimerEvent: {}
[0.701144] (servo_control) StdoutLine: {'line': b'-- Found rmw_implementation_cmake: 7.3.2 (/opt/ros/jazzy/share/rmw_implementation_cmake/cmake)\n'}
[0.701494] (-) TimerEvent: {}
[0.704025] (servo_control) StdoutLine: {'line': b'-- Found rmw_fastrtps_cpp: 8.4.2 (/opt/ros/jazzy/share/rmw_fastrtps_cpp/cmake)\n'}
[0.801624] (-) TimerEvent: {}
[0.823083] (servo_control) StdoutLine: {'line': b"-- Using RMW implementation 'rmw_fastrtps_cpp' as default\n"}
[0.901726] (-) TimerEvent: {}
[0.940851] (servo_control) StdoutLine: {'line': b'-- Found std_msgs: 5.3.6 (/opt/ros/jazzy/share/std_msgs/cmake)\n'}
[0.974265] (servo_control) StderrLine: {'line': b'\x1b[31mCMake Error at /opt/ros/jazzy/share/ament_cmake_target_dependencies/cmake/ament_target_dependencies.cmake:42 (message):\n'}
[0.974586] (servo_control) StderrLine: {'line': b'  ament_target_dependencies() the first argument must be a valid target name\n'}
[0.974728] (servo_control) StderrLine: {'line': b'Call Stack (most recent call first):\n'}
[0.974844] (servo_control) StderrLine: {'line': b'  CMakeLists.txt:46 (ament_target_dependencies)\n'}
[0.974955] (servo_control) StderrLine: {'line': b'\n'}
[0.975064] (servo_control) StderrLine: {'line': b'\x1b[0m\n'}
[0.975172] (servo_control) StdoutLine: {'line': b'-- Configuring incomplete, errors occurred!\n'}
[0.985988] (servo_control) StderrLine: {'line': b'gmake: *** [Makefile:607: cmake_check_build_system] Error 1\n'}
[0.990042] (servo_control) CommandEnded: {'returncode': 2}
[1.004087] (-) TimerEvent: {}
[1.011880] (servo_control) JobEnded: {'identifier': 'servo_control', 'rc': 2}
[1.022460] (-) EventReactorShutdown: {}
