[0.000000] (-) TimerEvent: {}
[0.001115] (servo_control) JobQueued: {'identifier': 'servo_control', 'dependencies': OrderedDict()}
[0.001236] (servo_control) JobStarted: {'identifier': 'servo_control'}
[0.014752] (servo_control) JobProgress: {'identifier': 'servo_control', 'progress': 'cmake'}
[0.015841] (servo_control) JobProgress: {'identifier': 'servo_control', 'progress': 'build'}
[0.016802] (servo_control) Command: {'cmd': ['/usr/bin/cmake', '--build', '/home/andy/ros2_ws/build/servo_control', '--', '-j4', '-l4'], 'cwd': '/home/andy/ros2_ws/build/servo_control', 'env': OrderedDict({'HOSTNAME': 'PipeBot', 'SHLVL': '0', 'LD_LIBRARY_PATH': '/opt/ros/jazzy/lib/aarch64-linux-gnu:/opt/ros/jazzy/lib', 'HOME': '/home/andy', 'ROS_PYTHON_VERSION': '3', 'LC_CTYPE': 'C.UTF-8', 'COLCON_PREFIX_PATH': '/home/andy/ros2_ws/install', 'ROS_DISTRO': 'jazzy', '_': '/usr/local/bin/colcon', 'ROS_VERSION': '2', 'TERM': 'xterm', 'PATH': '/opt/ros/jazzy/bin:/usr/local/sbin:/usr/local/bin:/usr/sbin:/usr/bin:/sbin:/bin', 'AMENT_PREFIX_PATH': '/home/andy/ros2_ws/install/servo_control:/opt/ros/jazzy', 'DEBIAN_FRONTEND': 'noninteractive', 'ROS_AUTOMATIC_DISCOVERY_RANGE': 'SUBNET', 'PWD': '/home/andy/ros2_ws/build/servo_control', 'PYTHONPATH': '/opt/ros/jazzy/lib/python3.12/site-packages', 'COLCON': '1', 'CMAKE_PREFIX_PATH': '/home/andy/ros2_ws/install/servo_control:/opt/ros/jazzy'}), 'shell': False}
[0.099565] (-) TimerEvent: {}
[0.115404] (servo_control) StdoutLine: {'line': b'[ 46%] Built target scservo_lib\n'}
[0.163967] (servo_control) StdoutLine: {'line': b'[ 73%] Built target STServoTests\n'}
[0.164362] (servo_control) StdoutLine: {'line': b'[ 73%] Built target servo_node\n'}
[0.176778] (servo_control) StdoutLine: {'line': b'[ 86%] Built target moveServo\n'}
[0.181990] (servo_control) StdoutLine: {'line': b'[ 93%] \x1b[32mBuilding CXX object CMakeFiles/servoConfig.dir/src/servoConfig.cpp.o\x1b[0m\n'}
[0.199688] (-) TimerEvent: {}
[0.300119] (-) TimerEvent: {}
[0.400464] (-) TimerEvent: {}
[0.500808] (-) TimerEvent: {}
[0.601172] (-) TimerEvent: {}
[0.701516] (-) TimerEvent: {}
[0.801882] (-) TimerEvent: {}
[0.902247] (-) TimerEvent: {}
[1.002599] (-) TimerEvent: {}
[1.102957] (-) TimerEvent: {}
[1.203324] (-) TimerEvent: {}
[1.303675] (-) TimerEvent: {}
[1.404055] (-) TimerEvent: {}
[1.504408] (-) TimerEvent: {}
[1.604769] (-) TimerEvent: {}
[1.705141] (-) TimerEvent: {}
[1.805498] (-) TimerEvent: {}
[1.905880] (-) TimerEvent: {}
[2.006243] (-) TimerEvent: {}
[2.106607] (-) TimerEvent: {}
[2.206972] (-) TimerEvent: {}
[2.307337] (-) TimerEvent: {}
[2.407704] (-) TimerEvent: {}
[2.508106] (-) TimerEvent: {}
[2.608471] (-) TimerEvent: {}
[2.708887] (-) TimerEvent: {}
[2.809260] (-) TimerEvent: {}
[2.909673] (-) TimerEvent: {}
[3.010049] (-) TimerEvent: {}
[3.110378] (-) TimerEvent: {}
[3.210722] (-) TimerEvent: {}
[3.311066] (-) TimerEvent: {}
[3.411408] (-) TimerEvent: {}
[3.511751] (-) TimerEvent: {}
[3.612105] (-) TimerEvent: {}
[3.712438] (-) TimerEvent: {}
[3.812782] (-) TimerEvent: {}
[3.913138] (-) TimerEvent: {}
[4.013480] (-) TimerEvent: {}
[4.113808] (-) TimerEvent: {}
[4.214155] (-) TimerEvent: {}
[4.314490] (-) TimerEvent: {}
[4.414833] (-) TimerEvent: {}
[4.515190] (-) TimerEvent: {}
[4.615537] (-) TimerEvent: {}
[4.715882] (-) TimerEvent: {}
[4.816218] (-) TimerEvent: {}
[4.916556] (-) TimerEvent: {}
[5.016916] (-) TimerEvent: {}
[5.117256] (-) TimerEvent: {}
[5.217593] (-) TimerEvent: {}
[5.317933] (-) TimerEvent: {}
[5.418272] (-) TimerEvent: {}
[5.518614] (-) TimerEvent: {}
[5.618953] (-) TimerEvent: {}
[5.719272] (-) TimerEvent: {}
[5.819599] (-) TimerEvent: {}
[5.919931] (-) TimerEvent: {}
[6.020273] (-) TimerEvent: {}
[6.120613] (-) TimerEvent: {}
[6.220957] (-) TimerEvent: {}
[6.321302] (-) TimerEvent: {}
[6.421649] (-) TimerEvent: {}
[6.522000] (-) TimerEvent: {}
[6.622335] (-) TimerEvent: {}
[6.722667] (-) TimerEvent: {}
[6.822998] (-) TimerEvent: {}
[6.923319] (-) TimerEvent: {}
[7.023651] (-) TimerEvent: {}
[7.124021] (-) TimerEvent: {}
[7.224377] (-) TimerEvent: {}
[7.324707] (-) TimerEvent: {}
[7.425050] (-) TimerEvent: {}
[7.525411] (-) TimerEvent: {}
[7.625728] (-) TimerEvent: {}
[7.726070] (-) TimerEvent: {}
[7.826386] (-) TimerEvent: {}
[7.926704] (-) TimerEvent: {}
[8.027029] (-) TimerEvent: {}
[8.127336] (-) TimerEvent: {}
[8.227639] (-) TimerEvent: {}
[8.327936] (-) TimerEvent: {}
[8.428234] (-) TimerEvent: {}
[8.528521] (-) TimerEvent: {}
[8.628812] (-) TimerEvent: {}
[8.729148] (-) TimerEvent: {}
[8.829448] (-) TimerEvent: {}
[8.929741] (-) TimerEvent: {}
[9.030063] (-) TimerEvent: {}
[9.130366] (-) TimerEvent: {}
[9.230665] (-) TimerEvent: {}
[9.330990] (-) TimerEvent: {}
[9.431305] (-) TimerEvent: {}
[9.531629] (-) TimerEvent: {}
[9.631944] (-) TimerEvent: {}
[9.732250] (-) TimerEvent: {}
[9.832565] (-) TimerEvent: {}
[9.932897] (-) TimerEvent: {}
[10.033203] (-) TimerEvent: {}
[10.133507] (-) TimerEvent: {}
[10.233821] (-) TimerEvent: {}
[10.334155] (-) TimerEvent: {}
[10.434465] (-) TimerEvent: {}
[10.534783] (-) TimerEvent: {}
[10.635105] (-) TimerEvent: {}
[10.735417] (-) TimerEvent: {}
[10.835817] (-) TimerEvent: {}
[10.936227] (-) TimerEvent: {}
[11.036597] (-) TimerEvent: {}
[11.137020] (-) TimerEvent: {}
[11.237404] (-) TimerEvent: {}
[11.337881] (-) TimerEvent: {}
[11.438224] (-) TimerEvent: {}
[11.466652] (servo_control) StdoutLine: {'line': b'[100%] \x1b[32m\x1b[1mLinking CXX executable servoConfig\x1b[0m\n'}
[11.538359] (-) TimerEvent: {}
[11.638823] (-) TimerEvent: {}
[11.739394] (-) TimerEvent: {}
[11.840088] (-) TimerEvent: {}
[11.940499] (-) TimerEvent: {}
[12.040830] (-) TimerEvent: {}
[12.085305] (servo_control) StdoutLine: {'line': b'[100%] Built target servoConfig\n'}
[12.103290] (servo_control) CommandEnded: {'returncode': 0}
[12.104018] (servo_control) JobProgress: {'identifier': 'servo_control', 'progress': 'install'}
[12.118222] (servo_control) Command: {'cmd': ['/usr/bin/cmake', '--install', '/home/andy/ros2_ws/build/servo_control'], 'cwd': '/home/andy/ros2_ws/build/servo_control', 'env': OrderedDict({'HOSTNAME': 'PipeBot', 'SHLVL': '0', 'LD_LIBRARY_PATH': '/opt/ros/jazzy/lib/aarch64-linux-gnu:/opt/ros/jazzy/lib', 'HOME': '/home/andy', 'ROS_PYTHON_VERSION': '3', 'LC_CTYPE': 'C.UTF-8', 'COLCON_PREFIX_PATH': '/home/andy/ros2_ws/install', 'ROS_DISTRO': 'jazzy', '_': '/usr/local/bin/colcon', 'ROS_VERSION': '2', 'TERM': 'xterm', 'PATH': '/opt/ros/jazzy/bin:/usr/local/sbin:/usr/local/bin:/usr/sbin:/usr/bin:/sbin:/bin', 'AMENT_PREFIX_PATH': '/home/andy/ros2_ws/install/servo_control:/opt/ros/jazzy', 'DEBIAN_FRONTEND': 'noninteractive', 'ROS_AUTOMATIC_DISCOVERY_RANGE': 'SUBNET', 'PWD': '/home/andy/ros2_ws/build/servo_control', 'PYTHONPATH': '/opt/ros/jazzy/lib/python3.12/site-packages', 'COLCON': '1', 'CMAKE_PREFIX_PATH': '/home/andy/ros2_ws/install/servo_control:/opt/ros/jazzy'}), 'shell': False}
[12.131212] (servo_control) StdoutLine: {'line': b'-- Install configuration: ""\n'}
[12.131518] (servo_control) StdoutLine: {'line': b'-- Up-to-date: /home/andy/ros2_ws/install/servo_control/lib/servo_control/servo_node\n'}
[12.132002] (servo_control) StdoutLine: {'line': b'-- Up-to-date: /home/andy/ros2_ws/install/servo_control/lib/servo_control/STServoTests\n'}
[12.132461] (servo_control) StdoutLine: {'line': b'-- Up-to-date: /home/andy/ros2_ws/install/servo_control/lib/servo_control/moveServo\n'}
[12.132954] (servo_control) StdoutLine: {'line': b'-- Installing: /home/andy/ros2_ws/install/servo_control/lib/servo_control/servoConfig\n'}
[12.140924] (-) TimerEvent: {}
[12.143836] (servo_control) StdoutLine: {'line': b'-- Set non-toolchain portion of runtime path of "/home/andy/ros2_ws/install/servo_control/lib/servo_control/servoConfig" to ""\n'}
[12.144204] (servo_control) StdoutLine: {'line': b'-- Up-to-date: /home/andy/ros2_ws/install/servo_control/share/ament_index/resource_index/package_run_dependencies/servo_control\n'}
[12.144368] (servo_control) StdoutLine: {'line': b'-- Up-to-date: /home/andy/ros2_ws/install/servo_control/share/ament_index/resource_index/parent_prefix_path/servo_control\n'}
[12.144501] (servo_control) StdoutLine: {'line': b'-- Up-to-date: /home/andy/ros2_ws/install/servo_control/share/servo_control/environment/ament_prefix_path.sh\n'}
[12.144622] (servo_control) StdoutLine: {'line': b'-- Up-to-date: /home/andy/ros2_ws/install/servo_control/share/servo_control/environment/ament_prefix_path.dsv\n'}
[12.144713] (servo_control) StdoutLine: {'line': b'-- Up-to-date: /home/andy/ros2_ws/install/servo_control/share/servo_control/environment/path.sh\n'}
[12.144802] (servo_control) StdoutLine: {'line': b'-- Up-to-date: /home/andy/ros2_ws/install/servo_control/share/servo_control/environment/path.dsv\n'}
[12.144950] (servo_control) StdoutLine: {'line': b'-- Up-to-date: /home/andy/ros2_ws/install/servo_control/share/servo_control/local_setup.bash\n'}
[12.145063] (servo_control) StdoutLine: {'line': b'-- Up-to-date: /home/andy/ros2_ws/install/servo_control/share/servo_control/local_setup.sh\n'}
[12.145153] (servo_control) StdoutLine: {'line': b'-- Up-to-date: /home/andy/ros2_ws/install/servo_control/share/servo_control/local_setup.zsh\n'}
[12.145239] (servo_control) StdoutLine: {'line': b'-- Up-to-date: /home/andy/ros2_ws/install/servo_control/share/servo_control/local_setup.dsv\n'}
[12.145331] (servo_control) StdoutLine: {'line': b'-- Installing: /home/andy/ros2_ws/install/servo_control/share/servo_control/package.dsv\n'}
[12.145418] (servo_control) StdoutLine: {'line': b'-- Up-to-date: /home/andy/ros2_ws/install/servo_control/share/ament_index/resource_index/packages/servo_control\n'}
[12.145503] (servo_control) StdoutLine: {'line': b'-- Up-to-date: /home/andy/ros2_ws/install/servo_control/share/servo_control/cmake/servo_controlConfig.cmake\n'}
[12.145589] (servo_control) StdoutLine: {'line': b'-- Up-to-date: /home/andy/ros2_ws/install/servo_control/share/servo_control/cmake/servo_controlConfig-version.cmake\n'}
[12.145675] (servo_control) StdoutLine: {'line': b'-- Up-to-date: /home/andy/ros2_ws/install/servo_control/share/servo_control/package.xml\n'}
[12.147673] (servo_control) CommandEnded: {'returncode': 0}
[12.171293] (servo_control) JobEnded: {'identifier': 'servo_control', 'rc': 0}
[12.172344] (-) EventReactorShutdown: {}
