[0.018s] Invoking command in '/home/andy/ros2_ws/build/servo_control': CMAKE_PREFIX_PATH=${CMAKE_PREFIX_PATH}:/opt/ros/jazzy /usr/bin/cmake --build /home/andy/ros2_ws/build/servo_control -- -j4 -l4
[0.109s] [ 33%] Built target scservo_lib
[0.162s] [ 42%] Built target STServoTests
[0.162s] [ 52%] Built target servo_node
[0.168s] [ 71%] Built target moveServo
[0.168s] [ 71%] Built target servoConfig
[0.213s] [ 90%] Built target servoRepair
[0.213s] [ 90%] Built target servoFeedback
[0.220s] [100%] Built target changeId
[0.241s] Invoked command in '/home/andy/ros2_ws/build/servo_control' returned '0': CMAKE_PREFIX_PATH=${CMAKE_PREFIX_PATH}:/opt/ros/jazzy /usr/bin/cmake --build /home/andy/ros2_ws/build/servo_control -- -j4 -l4
[0.259s] Invoking command in '/home/andy/ros2_ws/build/servo_control': CMAKE_PREFIX_PATH=${CMAKE_PREFIX_PATH}:/opt/ros/jazzy /usr/bin/cmake --install /home/andy/ros2_ws/build/servo_control
[0.273s] -- Install configuration: ""
[0.273s] -- Up-to-date: /home/andy/ros2_ws/install/servo_control/lib/servo_control/servo_node
[0.274s] -- Up-to-date: /home/andy/ros2_ws/install/servo_control/lib/servo_control/STServoTests
[0.274s] -- Up-to-date: /home/andy/ros2_ws/install/servo_control/lib/servo_control/moveServo
[0.275s] -- Up-to-date: /home/andy/ros2_ws/install/servo_control/lib/servo_control/servoConfig
[0.275s] -- Up-to-date: /home/andy/ros2_ws/install/servo_control/lib/servo_control/changeId
[0.276s] -- Up-to-date: /home/andy/ros2_ws/install/servo_control/lib/servo_control/servoFeedback
[0.277s] -- Up-to-date: /home/andy/ros2_ws/install/servo_control/lib/servo_control/servoRepair
[0.277s] -- Up-to-date: /home/andy/ros2_ws/install/servo_control/share/ament_index/resource_index/package_run_dependencies/servo_control
[0.277s] -- Up-to-date: /home/andy/ros2_ws/install/servo_control/share/ament_index/resource_index/parent_prefix_path/servo_control
[0.277s] -- Up-to-date: /home/andy/ros2_ws/install/servo_control/share/servo_control/environment/ament_prefix_path.sh
[0.277s] -- Up-to-date: /home/andy/ros2_ws/install/servo_control/share/servo_control/environment/ament_prefix_path.dsv
[0.277s] -- Up-to-date: /home/andy/ros2_ws/install/servo_control/share/servo_control/environment/path.sh
[0.278s] -- Up-to-date: /home/andy/ros2_ws/install/servo_control/share/servo_control/environment/path.dsv
[0.278s] -- Up-to-date: /home/andy/ros2_ws/install/servo_control/share/servo_control/local_setup.bash
[0.278s] -- Up-to-date: /home/andy/ros2_ws/install/servo_control/share/servo_control/local_setup.sh
[0.278s] -- Up-to-date: /home/andy/ros2_ws/install/servo_control/share/servo_control/local_setup.zsh
[0.278s] -- Up-to-date: /home/andy/ros2_ws/install/servo_control/share/servo_control/local_setup.dsv
[0.278s] -- Installing: /home/andy/ros2_ws/install/servo_control/share/servo_control/package.dsv
[0.278s] -- Up-to-date: /home/andy/ros2_ws/install/servo_control/share/ament_index/resource_index/packages/servo_control
[0.278s] -- Up-to-date: /home/andy/ros2_ws/install/servo_control/share/servo_control/cmake/servo_controlConfig.cmake
[0.278s] -- Up-to-date: /home/andy/ros2_ws/install/servo_control/share/servo_control/cmake/servo_controlConfig-version.cmake
[0.279s] -- Up-to-date: /home/andy/ros2_ws/install/servo_control/share/servo_control/package.xml
[0.281s] Invoked command in '/home/andy/ros2_ws/build/servo_control' returned '0': CMAKE_PREFIX_PATH=${CMAKE_PREFIX_PATH}:/opt/ros/jazzy /usr/bin/cmake --install /home/andy/ros2_ws/build/servo_control
