[0.000000] (-) TimerEvent: {}
[0.000880] (servo_control) JobQueued: {'identifier': 'servo_control', 'dependencies': OrderedDict()}
[0.001222] (servo_control) JobStarted: {'identifier': 'servo_control'}
[0.015080] (servo_control) JobProgress: {'identifier': 'servo_control', 'progress': 'cmake'}
[0.016156] (servo_control) JobProgress: {'identifier': 'servo_control', 'progress': 'build'}
[0.017165] (servo_control) Command: {'cmd': ['/usr/bin/cmake', '--build', '/home/andy/ros2_ws/build/servo_control', '--', '-j4', '-l4'], 'cwd': '/home/andy/ros2_ws/build/servo_control', 'env': OrderedDict({'HOSTNAME': 'PipeBot', 'SHLVL': '0', 'LD_LIBRARY_PATH': '/opt/ros/jazzy/lib/aarch64-linux-gnu:/opt/ros/jazzy/lib', 'HOME': '/home/andy', 'ROS_PYTHON_VERSION': '3', 'LC_CTYPE': 'C.UTF-8', 'COLCON_PREFIX_PATH': '/home/andy/ros2_ws/install', 'ROS_DISTRO': 'jazzy', '_': '/usr/local/bin/colcon', 'ROS_VERSION': '2', 'TERM': 'xterm', 'PATH': '/opt/ros/jazzy/bin:/usr/local/sbin:/usr/local/bin:/usr/sbin:/usr/bin:/sbin:/bin', 'AMENT_PREFIX_PATH': '/home/andy/ros2_ws/install/servo_control:/opt/ros/jazzy', 'DEBIAN_FRONTEND': 'noninteractive', 'ROS_AUTOMATIC_DISCOVERY_RANGE': 'SUBNET', 'PWD': '/home/andy/ros2_ws/build/servo_control', 'PYTHONPATH': '/opt/ros/jazzy/lib/python3.12/site-packages', 'COLCON': '1', 'CMAKE_PREFIX_PATH': '/home/andy/ros2_ws/install/servo_control:/opt/ros/jazzy'}), 'shell': False}
[0.099552] (-) TimerEvent: {}
[0.119178] (servo_control) StdoutLine: {'line': b'[ 33%] Built target scservo_lib\n'}
[0.167987] (servo_control) StdoutLine: {'line': b'[ 42%] Built target STServoTests\n'}
[0.168391] (servo_control) StdoutLine: {'line': b'[ 52%] Built target servo_node\n'}
[0.180676] (servo_control) StdoutLine: {'line': b'[ 61%] Built target servoConfig\n'}
[0.192363] (servo_control) StdoutLine: {'line': b'[ 66%] \x1b[32mBuilding CXX object CMakeFiles/moveServo.dir/src/moveServo.cpp.o\x1b[0m\n'}
[0.199696] (-) TimerEvent: {}
[0.225722] (servo_control) StdoutLine: {'line': b'[ 85%] Built target servoRepair\n'}
[0.226112] (servo_control) StdoutLine: {'line': b'[ 85%] Built target servoFeedback\n'}
[0.240923] (servo_control) StdoutLine: {'line': b'[ 95%] Built target changeId\n'}
[0.299812] (-) TimerEvent: {}
[0.400169] (-) TimerEvent: {}
[0.500527] (-) TimerEvent: {}
[0.600900] (-) TimerEvent: {}
[0.701257] (-) TimerEvent: {}
[0.801620] (-) TimerEvent: {}
[0.902015] (-) TimerEvent: {}
[1.002372] (-) TimerEvent: {}
[1.102734] (-) TimerEvent: {}
[1.203107] (-) TimerEvent: {}
[1.303469] (-) TimerEvent: {}
[1.403825] (-) TimerEvent: {}
[1.504184] (-) TimerEvent: {}
[1.604545] (-) TimerEvent: {}
[1.704918] (-) TimerEvent: {}
[1.805275] (-) TimerEvent: {}
[1.905633] (-) TimerEvent: {}
[2.006012] (-) TimerEvent: {}
[2.106368] (-) TimerEvent: {}
[2.206731] (-) TimerEvent: {}
[2.307098] (-) TimerEvent: {}
[2.407442] (-) TimerEvent: {}
[2.507813] (-) TimerEvent: {}
[2.608153] (-) TimerEvent: {}
[2.708512] (-) TimerEvent: {}
[2.808876] (-) TimerEvent: {}
[2.909226] (-) TimerEvent: {}
[3.009570] (-) TimerEvent: {}
[3.109935] (-) TimerEvent: {}
[3.210285] (-) TimerEvent: {}
[3.310642] (-) TimerEvent: {}
[3.411016] (-) TimerEvent: {}
[3.511363] (-) TimerEvent: {}
[3.611717] (-) TimerEvent: {}
[3.712078] (-) TimerEvent: {}
[3.812425] (-) TimerEvent: {}
[3.912789] (-) TimerEvent: {}
[4.013144] (-) TimerEvent: {}
[4.113490] (-) TimerEvent: {}
[4.213842] (-) TimerEvent: {}
[4.314194] (-) TimerEvent: {}
[4.414551] (-) TimerEvent: {}
[4.514928] (-) TimerEvent: {}
[4.615274] (-) TimerEvent: {}
[4.715628] (-) TimerEvent: {}
[4.815998] (-) TimerEvent: {}
[4.916344] (-) TimerEvent: {}
[5.016737] (-) TimerEvent: {}
[5.117104] (-) TimerEvent: {}
[5.217437] (-) TimerEvent: {}
[5.317739] (-) TimerEvent: {}
[5.418061] (-) TimerEvent: {}
[5.482387] (servo_control) StdoutLine: {'line': b'[100%] \x1b[32m\x1b[1mLinking CXX executable moveServo\x1b[0m\n'}
[5.518188] (-) TimerEvent: {}
[5.618592] (-) TimerEvent: {}
[5.687148] (servo_control) StdoutLine: {'line': b'[100%] Built target moveServo\n'}
[5.703632] (servo_control) CommandEnded: {'returncode': 0}
[5.704325] (servo_control) JobProgress: {'identifier': 'servo_control', 'progress': 'install'}
[5.716959] (servo_control) Command: {'cmd': ['/usr/bin/cmake', '--install', '/home/andy/ros2_ws/build/servo_control'], 'cwd': '/home/andy/ros2_ws/build/servo_control', 'env': OrderedDict({'HOSTNAME': 'PipeBot', 'SHLVL': '0', 'LD_LIBRARY_PATH': '/opt/ros/jazzy/lib/aarch64-linux-gnu:/opt/ros/jazzy/lib', 'HOME': '/home/andy', 'ROS_PYTHON_VERSION': '3', 'LC_CTYPE': 'C.UTF-8', 'COLCON_PREFIX_PATH': '/home/andy/ros2_ws/install', 'ROS_DISTRO': 'jazzy', '_': '/usr/local/bin/colcon', 'ROS_VERSION': '2', 'TERM': 'xterm', 'PATH': '/opt/ros/jazzy/bin:/usr/local/sbin:/usr/local/bin:/usr/sbin:/usr/bin:/sbin:/bin', 'AMENT_PREFIX_PATH': '/home/andy/ros2_ws/install/servo_control:/opt/ros/jazzy', 'DEBIAN_FRONTEND': 'noninteractive', 'ROS_AUTOMATIC_DISCOVERY_RANGE': 'SUBNET', 'PWD': '/home/andy/ros2_ws/build/servo_control', 'PYTHONPATH': '/opt/ros/jazzy/lib/python3.12/site-packages', 'COLCON': '1', 'CMAKE_PREFIX_PATH': '/home/andy/ros2_ws/install/servo_control:/opt/ros/jazzy'}), 'shell': False}
[5.718687] (-) TimerEvent: {}
[5.729300] (servo_control) StdoutLine: {'line': b'-- Install configuration: ""\n'}
[5.729565] (servo_control) StdoutLine: {'line': b'-- Up-to-date: /home/andy/ros2_ws/install/servo_control/lib/servo_control/servo_node\n'}
[5.729997] (servo_control) StdoutLine: {'line': b'-- Up-to-date: /home/andy/ros2_ws/install/servo_control/lib/servo_control/STServoTests\n'}
[5.730403] (servo_control) StdoutLine: {'line': b'-- Installing: /home/andy/ros2_ws/install/servo_control/lib/servo_control/moveServo\n'}
[5.731280] (servo_control) StdoutLine: {'line': b'-- Set non-toolchain portion of runtime path of "/home/andy/ros2_ws/install/servo_control/lib/servo_control/moveServo" to ""\n'}
[5.731537] (servo_control) StdoutLine: {'line': b'-- Up-to-date: /home/andy/ros2_ws/install/servo_control/lib/servo_control/servoConfig\n'}
[5.731993] (servo_control) StdoutLine: {'line': b'-- Up-to-date: /home/andy/ros2_ws/install/servo_control/lib/servo_control/changeId\n'}
[5.732412] (servo_control) StdoutLine: {'line': b'-- Up-to-date: /home/andy/ros2_ws/install/servo_control/lib/servo_control/servoFeedback\n'}
[5.733008] (servo_control) StdoutLine: {'line': b'-- Up-to-date: /home/andy/ros2_ws/install/servo_control/lib/servo_control/servoRepair\n'}
[5.733280] (servo_control) StdoutLine: {'line': b'-- Up-to-date: /home/andy/ros2_ws/install/servo_control/share/ament_index/resource_index/package_run_dependencies/servo_control\n'}
[5.733386] (servo_control) StdoutLine: {'line': b'-- Up-to-date: /home/andy/ros2_ws/install/servo_control/share/ament_index/resource_index/parent_prefix_path/servo_control\n'}
[5.733509] (servo_control) StdoutLine: {'line': b'-- Up-to-date: /home/andy/ros2_ws/install/servo_control/share/servo_control/environment/ament_prefix_path.sh\n'}
[5.733592] (servo_control) StdoutLine: {'line': b'-- Up-to-date: /home/andy/ros2_ws/install/servo_control/share/servo_control/environment/ament_prefix_path.dsv\n'}
[5.733672] (servo_control) StdoutLine: {'line': b'-- Up-to-date: /home/andy/ros2_ws/install/servo_control/share/servo_control/environment/path.sh\n'}
[5.733806] (servo_control) StdoutLine: {'line': b'-- Up-to-date: /home/andy/ros2_ws/install/servo_control/share/servo_control/environment/path.dsv\n'}
[5.733940] (servo_control) StdoutLine: {'line': b'-- Up-to-date: /home/andy/ros2_ws/install/servo_control/share/servo_control/local_setup.bash\n'}
[5.734016] (servo_control) StdoutLine: {'line': b'-- Up-to-date: /home/andy/ros2_ws/install/servo_control/share/servo_control/local_setup.sh\n'}
[5.734092] (servo_control) StdoutLine: {'line': b'-- Up-to-date: /home/andy/ros2_ws/install/servo_control/share/servo_control/local_setup.zsh\n'}
[5.734170] (servo_control) StdoutLine: {'line': b'-- Up-to-date: /home/andy/ros2_ws/install/servo_control/share/servo_control/local_setup.dsv\n'}
[5.734248] (servo_control) StdoutLine: {'line': b'-- Installing: /home/andy/ros2_ws/install/servo_control/share/servo_control/package.dsv\n'}
[5.734366] (servo_control) StdoutLine: {'line': b'-- Up-to-date: /home/andy/ros2_ws/install/servo_control/share/ament_index/resource_index/packages/servo_control\n'}
[5.734457] (servo_control) StdoutLine: {'line': b'-- Up-to-date: /home/andy/ros2_ws/install/servo_control/share/servo_control/cmake/servo_controlConfig.cmake\n'}
[5.734535] (servo_control) StdoutLine: {'line': b'-- Up-to-date: /home/andy/ros2_ws/install/servo_control/share/servo_control/cmake/servo_controlConfig-version.cmake\n'}
[5.734610] (servo_control) StdoutLine: {'line': b'-- Up-to-date: /home/andy/ros2_ws/install/servo_control/share/servo_control/package.xml\n'}
[5.736620] (servo_control) CommandEnded: {'returncode': 0}
[5.758274] (servo_control) JobEnded: {'identifier': 'servo_control', 'rc': 0}
[5.759278] (-) EventReactorShutdown: {}
