[ 33%] Built target scservo_lib
[ 52%] Built target STServoTests
[ 52%] Built target servo_node
[ 71%] Built target moveServo
[ 71%] Built target servoConfig
[ 90%] Built target servoFeedback
[ 90%] Built target servoRepair
[ 95%] [32mBuilding CXX object CMakeFiles/changeId.dir/src/changeId.cpp.o[0m
[100%] [32m[1mLinking CXX executable changeId[0m
[100%] Built target changeId
-- Install configuration: ""
-- Up-to-date: /home/andy/ros2_ws/install/servo_control/lib/servo_control/servo_node
-- Up-to-date: /home/andy/ros2_ws/install/servo_control/lib/servo_control/STServoTests
-- Up-to-date: /home/andy/ros2_ws/install/servo_control/lib/servo_control/moveServo
-- Up-to-date: /home/andy/ros2_ws/install/servo_control/lib/servo_control/servoConfig
-- Installing: /home/andy/ros2_ws/install/servo_control/lib/servo_control/changeId
-- Set non-toolchain portion of runtime path of "/home/andy/ros2_ws/install/servo_control/lib/servo_control/changeId" to ""
-- Up-to-date: /home/andy/ros2_ws/install/servo_control/lib/servo_control/servoFeedback
-- Up-to-date: /home/andy/ros2_ws/install/servo_control/lib/servo_control/servoRepair
-- Up-to-date: /home/andy/ros2_ws/install/servo_control/share/ament_index/resource_index/package_run_dependencies/servo_control
-- Up-to-date: /home/andy/ros2_ws/install/servo_control/share/ament_index/resource_index/parent_prefix_path/servo_control
-- Up-to-date: /home/andy/ros2_ws/install/servo_control/share/servo_control/environment/ament_prefix_path.sh
-- Up-to-date: /home/andy/ros2_ws/install/servo_control/share/servo_control/environment/ament_prefix_path.dsv
-- Up-to-date: /home/andy/ros2_ws/install/servo_control/share/servo_control/environment/path.sh
-- Up-to-date: /home/andy/ros2_ws/install/servo_control/share/servo_control/environment/path.dsv
-- Up-to-date: /home/andy/ros2_ws/install/servo_control/share/servo_control/local_setup.bash
-- Up-to-date: /home/andy/ros2_ws/install/servo_control/share/servo_control/local_setup.sh
-- Up-to-date: /home/andy/ros2_ws/install/servo_control/share/servo_control/local_setup.zsh
-- Up-to-date: /home/andy/ros2_ws/install/servo_control/share/servo_control/local_setup.dsv
-- Installing: /home/andy/ros2_ws/install/servo_control/share/servo_control/package.dsv
-- Up-to-date: /home/andy/ros2_ws/install/servo_control/share/ament_index/resource_index/packages/servo_control
-- Up-to-date: /home/andy/ros2_ws/install/servo_control/share/servo_control/cmake/servo_controlConfig.cmake
-- Up-to-date: /home/andy/ros2_ws/install/servo_control/share/servo_control/cmake/servo_controlConfig-version.cmake
-- Up-to-date: /home/andy/ros2_ws/install/servo_control/share/servo_control/package.xml
