[0.020s] Invoking command in '/home/andy/ros2_ws/build/servo_control': CMAKE_PREFIX_PATH=${CMAKE_PREFIX_PATH}:/opt/ros/jazzy /usr/bin/cmake --build /home/andy/ros2_ws/build/servo_control -- -j4 -l4
[0.075s] -- Found ament_cmake: 2.5.3 (/opt/ros/jazzy/share/ament_cmake/cmake)
[0.474s] -- Found rclcpp: 28.1.8 (/opt/ros/jazzy/share/rclcpp/cmake)
[0.522s] -- Found rosidl_generator_c: 4.6.5 (/opt/ros/jazzy/share/rosidl_generator_c/cmake)
[0.543s] -- Found rosidl_generator_cpp: 4.6.5 (/opt/ros/jazzy/share/rosidl_generator_cpp/cmake)
[0.568s] -- Using all available rosidl_typesupport_c: rosidl_typesupport_fastrtps_c;rosidl_typesupport_introspection_c
[0.598s] -- Using all available rosidl_typesupport_cpp: rosidl_typesupport_fastrtps_cpp;rosidl_typesupport_introspection_cpp
[0.728s] -- Found rmw_implementation_cmake: 7.3.2 (/opt/ros/jazzy/share/rmw_implementation_cmake/cmake)
[0.730s] -- Found rmw_fastrtps_cpp: 8.4.2 (/opt/ros/jazzy/share/rmw_fastrtps_cpp/cmake)
[0.856s] -- Using RMW implementation 'rmw_fastrtps_cpp' as default
[0.980s] -- Found std_msgs: 5.3.6 (/opt/ros/jazzy/share/std_msgs/cmake)
[1.217s] -- Configuring done (1.2s)
[1.227s] [31mCMake Error at CMakeLists.txt:41 (add_executable):
[1.227s]   Cannot find source file:
[1.227s] 
[1.227s]     src/servoCFeedback.cpp
[1.227s] 
[1.227s]   Tried extensions .c .C .c++ .cc .cpp .cxx .cu .mpp .m .M .mm .ixx .cppm
[1.227s]   .ccm .cxxm .c++m .h .hh .h++ .hm .hpp .hxx .in .txx .f .F .for .f77 .f90
[1.227s]   .f95 .f03 .hip .ispc
[1.228s] 
[1.228s] [0m
[1.232s] [31mCMake Error at CMakeLists.txt:41 (add_executable):
[1.232s]   No SOURCES given to target: servoFeedback
[1.232s] 
[1.232s] [0m
[1.232s] [0mCMake Generate step failed.  Build files cannot be regenerated correctly.[0m
[1.245s] gmake: *** [Makefile:607: cmake_check_build_system] Error 1
[1.249s] Invoked command in '/home/andy/ros2_ws/build/servo_control' returned '2': CMAKE_PREFIX_PATH=${CMAKE_PREFIX_PATH}:/opt/ros/jazzy /usr/bin/cmake --build /home/andy/ros2_ws/build/servo_control -- -j4 -l4
