[0.000000] (-) TimerEvent: {}
[0.000469] (servo_control) JobQueued: {'identifier': 'servo_control', 'dependencies': OrderedDict()}
[0.000897] (servo_control) JobStarted: {'identifier': 'servo_control'}
[0.014437] (servo_control) JobProgress: {'identifier': 'servo_control', 'progress': 'cmake'}
[0.015452] (servo_control) JobProgress: {'identifier': 'servo_control', 'progress': 'build'}
[0.016397] (servo_control) Command: {'cmd': ['/usr/bin/cmake', '--build', '/home/andy/ros2_ws/build/servo_control', '--', '-j4', '-l4'], 'cwd': '/home/andy/ros2_ws/build/servo_control', 'env': OrderedDict({'HOSTNAME': 'PipeBot', 'SHLVL': '0', 'LD_LIBRARY_PATH': '/opt/ros/jazzy/lib/aarch64-linux-gnu:/opt/ros/jazzy/lib', 'HOME': '/home/andy', 'ROS_PYTHON_VERSION': '3', 'LC_CTYPE': 'C.UTF-8', 'COLCON_PREFIX_PATH': '/home/andy/ros2_ws/install', 'ROS_DISTRO': 'jazzy', '_': '/usr/local/bin/colcon', 'ROS_VERSION': '2', 'TERM': 'xterm', 'PATH': '/opt/ros/jazzy/bin:/usr/local/sbin:/usr/local/bin:/usr/sbin:/usr/bin:/sbin:/bin', 'AMENT_PREFIX_PATH': '/home/andy/ros2_ws/install/servo_control:/opt/ros/jazzy', 'DEBIAN_FRONTEND': 'noninteractive', 'ROS_AUTOMATIC_DISCOVERY_RANGE': 'SUBNET', 'PWD': '/home/andy/ros2_ws/build/servo_control', 'PYTHONPATH': '/opt/ros/jazzy/lib/python3.12/site-packages', 'COLCON': '1', 'CMAKE_PREFIX_PATH': '/home/andy/ros2_ws/install/servo_control:/opt/ros/jazzy'}), 'shell': False}
[0.099685] (-) TimerEvent: {}
[0.114353] (servo_control) StdoutLine: {'line': b'[ 46%] Built target scservo_lib\n'}
[0.162812] (servo_control) StdoutLine: {'line': b'[ 60%] Built target servo_node\n'}
[0.163203] (servo_control) StdoutLine: {'line': b'[ 73%] Built target STServoTests\n'}
[0.172026] (servo_control) StdoutLine: {'line': b'[ 80%] \x1b[32mBuilding CXX object CMakeFiles/moveServo.dir/src/moveServo.cpp.o\x1b[0m\n'}
[0.182566] (servo_control) StdoutLine: {'line': b'[ 93%] Built target servoConfig\n'}
[0.199807] (-) TimerEvent: {}
[0.300185] (-) TimerEvent: {}
[0.400544] (-) TimerEvent: {}
[0.500910] (-) TimerEvent: {}
[0.601284] (-) TimerEvent: {}
[0.701648] (-) TimerEvent: {}
[0.802032] (-) TimerEvent: {}
[0.902399] (-) TimerEvent: {}
[1.002761] (-) TimerEvent: {}
[1.103149] (-) TimerEvent: {}
[1.203522] (-) TimerEvent: {}
[1.303887] (-) TimerEvent: {}
[1.404271] (-) TimerEvent: {}
[1.504624] (-) TimerEvent: {}
[1.604997] (-) TimerEvent: {}
[1.705356] (-) TimerEvent: {}
[1.805711] (-) TimerEvent: {}
[1.906099] (-) TimerEvent: {}
[2.006481] (-) TimerEvent: {}
[2.106882] (-) TimerEvent: {}
[2.207272] (-) TimerEvent: {}
[2.307643] (-) TimerEvent: {}
[2.408013] (-) TimerEvent: {}
[2.508363] (-) TimerEvent: {}
[2.608703] (-) TimerEvent: {}
[2.709133] (-) TimerEvent: {}
[2.809497] (-) TimerEvent: {}
[2.909849] (-) TimerEvent: {}
[3.010241] (-) TimerEvent: {}
[3.110622] (-) TimerEvent: {}
[3.211013] (-) TimerEvent: {}
[3.311368] (-) TimerEvent: {}
[3.411726] (-) TimerEvent: {}
[3.512095] (-) TimerEvent: {}
[3.612455] (-) TimerEvent: {}
[3.712829] (-) TimerEvent: {}
[3.813203] (-) TimerEvent: {}
[3.913561] (-) TimerEvent: {}
[4.013906] (-) TimerEvent: {}
[4.114259] (-) TimerEvent: {}
[4.214585] (-) TimerEvent: {}
[4.314906] (-) TimerEvent: {}
[4.415236] (-) TimerEvent: {}
[4.515571] (-) TimerEvent: {}
[4.615907] (-) TimerEvent: {}
[4.716240] (-) TimerEvent: {}
[4.816563] (-) TimerEvent: {}
[4.916884] (-) TimerEvent: {}
[5.017223] (-) TimerEvent: {}
[5.117555] (-) TimerEvent: {}
[5.217882] (-) TimerEvent: {}
[5.318238] (-) TimerEvent: {}
[5.418564] (-) TimerEvent: {}
[5.518892] (-) TimerEvent: {}
[5.619252] (-) TimerEvent: {}
[5.719569] (-) TimerEvent: {}
[5.819880] (-) TimerEvent: {}
[5.920221] (-) TimerEvent: {}
[6.020546] (-) TimerEvent: {}
[6.120882] (-) TimerEvent: {}
[6.221212] (-) TimerEvent: {}
[6.321544] (-) TimerEvent: {}
[6.421887] (-) TimerEvent: {}
[6.522224] (-) TimerEvent: {}
[6.622546] (-) TimerEvent: {}
[6.722866] (-) TimerEvent: {}
[6.823182] (-) TimerEvent: {}
[6.923493] (-) TimerEvent: {}
[7.023830] (-) TimerEvent: {}
[7.124290] (-) TimerEvent: {}
[7.224618] (-) TimerEvent: {}
[7.324980] (-) TimerEvent: {}
[7.425316] (-) TimerEvent: {}
[7.525668] (-) TimerEvent: {}
[7.626028] (-) TimerEvent: {}
[7.726418] (-) TimerEvent: {}
[7.826733] (-) TimerEvent: {}
[7.927044] (-) TimerEvent: {}
[8.027346] (-) TimerEvent: {}
[8.127665] (-) TimerEvent: {}
[8.227975] (-) TimerEvent: {}
[8.328295] (-) TimerEvent: {}
[8.428594] (-) TimerEvent: {}
[8.528913] (-) TimerEvent: {}
[8.629245] (-) TimerEvent: {}
[8.729553] (-) TimerEvent: {}
[8.829853] (-) TimerEvent: {}
[8.930164] (-) TimerEvent: {}
[9.030469] (-) TimerEvent: {}
[9.130769] (-) TimerEvent: {}
[9.231099] (-) TimerEvent: {}
[9.331408] (-) TimerEvent: {}
[9.431713] (-) TimerEvent: {}
[9.532008] (-) TimerEvent: {}
[9.632319] (-) TimerEvent: {}
[9.732629] (-) TimerEvent: {}
[9.832921] (-) TimerEvent: {}
[9.933237] (-) TimerEvent: {}
[10.033551] (-) TimerEvent: {}
[10.133858] (-) TimerEvent: {}
[10.234181] (-) TimerEvent: {}
[10.334492] (-) TimerEvent: {}
[10.434794] (-) TimerEvent: {}
[10.535135] (-) TimerEvent: {}
[10.635455] (-) TimerEvent: {}
[10.735784] (-) TimerEvent: {}
[10.836139] (-) TimerEvent: {}
[10.936473] (-) TimerEvent: {}
[11.036779] (-) TimerEvent: {}
[11.137142] (-) TimerEvent: {}
[11.237507] (-) TimerEvent: {}
[11.337926] (-) TimerEvent: {}
[11.383475] (servo_control) StdoutLine: {'line': b'[100%] \x1b[32m\x1b[1mLinking CXX executable moveServo\x1b[0m\n'}
[11.438046] (-) TimerEvent: {}
[11.538513] (-) TimerEvent: {}
[11.638986] (-) TimerEvent: {}
[11.739415] (-) TimerEvent: {}
[11.839779] (-) TimerEvent: {}
[11.940125] (-) TimerEvent: {}
[11.943236] (servo_control) StdoutLine: {'line': b'[100%] Built target moveServo\n'}
[11.960179] (servo_control) CommandEnded: {'returncode': 0}
[11.960833] (servo_control) JobProgress: {'identifier': 'servo_control', 'progress': 'install'}
[11.973603] (servo_control) Command: {'cmd': ['/usr/bin/cmake', '--install', '/home/andy/ros2_ws/build/servo_control'], 'cwd': '/home/andy/ros2_ws/build/servo_control', 'env': OrderedDict({'HOSTNAME': 'PipeBot', 'SHLVL': '0', 'LD_LIBRARY_PATH': '/opt/ros/jazzy/lib/aarch64-linux-gnu:/opt/ros/jazzy/lib', 'HOME': '/home/andy', 'ROS_PYTHON_VERSION': '3', 'LC_CTYPE': 'C.UTF-8', 'COLCON_PREFIX_PATH': '/home/andy/ros2_ws/install', 'ROS_DISTRO': 'jazzy', '_': '/usr/local/bin/colcon', 'ROS_VERSION': '2', 'TERM': 'xterm', 'PATH': '/opt/ros/jazzy/bin:/usr/local/sbin:/usr/local/bin:/usr/sbin:/usr/bin:/sbin:/bin', 'AMENT_PREFIX_PATH': '/home/andy/ros2_ws/install/servo_control:/opt/ros/jazzy', 'DEBIAN_FRONTEND': 'noninteractive', 'ROS_AUTOMATIC_DISCOVERY_RANGE': 'SUBNET', 'PWD': '/home/andy/ros2_ws/build/servo_control', 'PYTHONPATH': '/opt/ros/jazzy/lib/python3.12/site-packages', 'COLCON': '1', 'CMAKE_PREFIX_PATH': '/home/andy/ros2_ws/install/servo_control:/opt/ros/jazzy'}), 'shell': False}
[11.985572] (servo_control) StdoutLine: {'line': b'-- Install configuration: ""\n'}
[11.985845] (servo_control) StdoutLine: {'line': b'-- Up-to-date: /home/andy/ros2_ws/install/servo_control/lib/servo_control/servo_node\n'}
[11.986285] (servo_control) StdoutLine: {'line': b'-- Up-to-date: /home/andy/ros2_ws/install/servo_control/lib/servo_control/STServoTests\n'}
[11.986697] (servo_control) StdoutLine: {'line': b'-- Installing: /home/andy/ros2_ws/install/servo_control/lib/servo_control/moveServo\n'}
[11.995646] (servo_control) StdoutLine: {'line': b'-- Set non-toolchain portion of runtime path of "/home/andy/ros2_ws/install/servo_control/lib/servo_control/moveServo" to ""\n'}
[11.995883] (servo_control) StdoutLine: {'line': b'-- Up-to-date: /home/andy/ros2_ws/install/servo_control/lib/servo_control/servoConfig\n'}
[11.996227] (servo_control) StdoutLine: {'line': b'-- Up-to-date: /home/andy/ros2_ws/install/servo_control/share/ament_index/resource_index/package_run_dependencies/servo_control\n'}
[11.996454] (servo_control) StdoutLine: {'line': b'-- Up-to-date: /home/andy/ros2_ws/install/servo_control/share/ament_index/resource_index/parent_prefix_path/servo_control\n'}
[11.996604] (servo_control) StdoutLine: {'line': b'-- Up-to-date: /home/andy/ros2_ws/install/servo_control/share/servo_control/environment/ament_prefix_path.sh\n'}
[11.996746] (servo_control) StdoutLine: {'line': b'-- Up-to-date: /home/andy/ros2_ws/install/servo_control/share/servo_control/environment/ament_prefix_path.dsv\n'}
[11.996854] (servo_control) StdoutLine: {'line': b'-- Up-to-date: /home/andy/ros2_ws/install/servo_control/share/servo_control/environment/path.sh\n'}
[11.996947] (servo_control) StdoutLine: {'line': b'-- Up-to-date: /home/andy/ros2_ws/install/servo_control/share/servo_control/environment/path.dsv\n'}
[11.997036] (servo_control) StdoutLine: {'line': b'-- Up-to-date: /home/andy/ros2_ws/install/servo_control/share/servo_control/local_setup.bash\n'}
[11.997165] (servo_control) StdoutLine: {'line': b'-- Up-to-date: /home/andy/ros2_ws/install/servo_control/share/servo_control/local_setup.sh\n'}
[11.997268] (servo_control) StdoutLine: {'line': b'-- Up-to-date: /home/andy/ros2_ws/install/servo_control/share/servo_control/local_setup.zsh\n'}
[11.997350] (servo_control) StdoutLine: {'line': b'-- Up-to-date: /home/andy/ros2_ws/install/servo_control/share/servo_control/local_setup.dsv\n'}
[11.997431] (servo_control) StdoutLine: {'line': b'-- Installing: /home/andy/ros2_ws/install/servo_control/share/servo_control/package.dsv\n'}
[11.997513] (servo_control) StdoutLine: {'line': b'-- Up-to-date: /home/andy/ros2_ws/install/servo_control/share/ament_index/resource_index/packages/servo_control\n'}
[11.997594] (servo_control) StdoutLine: {'line': b'-- Up-to-date: /home/andy/ros2_ws/install/servo_control/share/servo_control/cmake/servo_controlConfig.cmake\n'}
[11.997673] (servo_control) StdoutLine: {'line': b'-- Up-to-date: /home/andy/ros2_ws/install/servo_control/share/servo_control/cmake/servo_controlConfig-version.cmake\n'}
[11.997754] (servo_control) StdoutLine: {'line': b'-- Up-to-date: /home/andy/ros2_ws/install/servo_control/share/servo_control/package.xml\n'}
[11.999672] (servo_control) CommandEnded: {'returncode': 0}
[12.021096] (servo_control) JobEnded: {'identifier': 'servo_control', 'rc': 0}
[12.022074] (-) EventReactorShutdown: {}
