[ 33%] Built target scservo_lib
[ 42%] Built target STServoTests
[ 47%] [32mBuilding CXX object CMakeFiles/servo_node.dir/src/servo_node.cpp.o[0m
[ 66%] Built target moveServo
[ 66%] Built target servoConfig
[ 76%] Built target servoFeedback
[ 90%] Built target changeId
[ 95%] Built target servoRepair
[100%] [32m[1mLinking CXX executable servo_node[0m
[100%] Built target servo_node
-- Install configuration: ""
-- Installing: /home/andy/ros2_ws/install/servo_control/lib/servo_control/servo_node
-- Set non-toolchain portion of runtime path of "/home/andy/ros2_ws/install/servo_control/lib/servo_control/servo_node" to ""
-- Up-to-date: /home/andy/ros2_ws/install/servo_control/lib/servo_control/STServoTests
-- Up-to-date: /home/andy/ros2_ws/install/servo_control/lib/servo_control/moveServo
-- Up-to-date: /home/andy/ros2_ws/install/servo_control/lib/servo_control/servoConfig
-- Up-to-date: /home/andy/ros2_ws/install/servo_control/lib/servo_control/changeId
-- Up-to-date: /home/andy/ros2_ws/install/servo_control/lib/servo_control/servoFeedback
-- Up-to-date: /home/andy/ros2_ws/install/servo_control/lib/servo_control/servoRepair
-- Up-to-date: /home/andy/ros2_ws/install/servo_control/share/ament_index/resource_index/package_run_dependencies/servo_control
-- Up-to-date: /home/andy/ros2_ws/install/servo_control/share/ament_index/resource_index/parent_prefix_path/servo_control
-- Up-to-date: /home/andy/ros2_ws/install/servo_control/share/servo_control/environment/ament_prefix_path.sh
-- Up-to-date: /home/andy/ros2_ws/install/servo_control/share/servo_control/environment/ament_prefix_path.dsv
-- Up-to-date: /home/andy/ros2_ws/install/servo_control/share/servo_control/environment/path.sh
-- Up-to-date: /home/andy/ros2_ws/install/servo_control/share/servo_control/environment/path.dsv
-- Up-to-date: /home/andy/ros2_ws/install/servo_control/share/servo_control/local_setup.bash
-- Up-to-date: /home/andy/ros2_ws/install/servo_control/share/servo_control/local_setup.sh
-- Up-to-date: /home/andy/ros2_ws/install/servo_control/share/servo_control/local_setup.zsh
-- Up-to-date: /home/andy/ros2_ws/install/servo_control/share/servo_control/local_setup.dsv
-- Installing: /home/andy/ros2_ws/install/servo_control/share/servo_control/package.dsv
-- Up-to-date: /home/andy/ros2_ws/install/servo_control/share/ament_index/resource_index/packages/servo_control
-- Up-to-date: /home/andy/ros2_ws/install/servo_control/share/servo_control/cmake/servo_controlConfig.cmake
-- Up-to-date: /home/andy/ros2_ws/install/servo_control/share/servo_control/cmake/servo_controlConfig-version.cmake
-- Up-to-date: /home/andy/ros2_ws/install/servo_control/share/servo_control/package.xml
