[0.000000] (-) TimerEvent: {}
[0.001271] (servo_control) JobQueued: {'identifier': 'servo_control', 'dependencies': OrderedDict()}
[0.001403] (servo_control) JobStarted: {'identifier': 'servo_control'}
[0.015393] (servo_control) JobProgress: {'identifier': 'servo_control', 'progress': 'cmake'}
[0.016485] (servo_control) JobProgress: {'identifier': 'servo_control', 'progress': 'build'}
[0.017515] (servo_control) Command: {'cmd': ['/usr/bin/cmake', '--build', '/home/andy/ros2_ws/build/servo_control', '--', '-j4', '-l4'], 'cwd': '/home/andy/ros2_ws/build/servo_control', 'env': OrderedDict({'HOSTNAME': 'PipeBot', 'SHLVL': '0', 'LD_LIBRARY_PATH': '/opt/ros/jazzy/lib/aarch64-linux-gnu:/opt/ros/jazzy/lib', 'HOME': '/home/andy', 'ROS_PYTHON_VERSION': '3', 'LC_CTYPE': 'C.UTF-8', 'COLCON_PREFIX_PATH': '/home/andy/ros2_ws/install', 'ROS_DISTRO': 'jazzy', '_': '/usr/local/bin/colcon', 'ROS_VERSION': '2', 'TERM': 'xterm', 'PATH': '/opt/ros/jazzy/bin:/usr/local/sbin:/usr/local/bin:/usr/sbin:/usr/bin:/sbin:/bin', 'AMENT_PREFIX_PATH': '/home/andy/ros2_ws/install/servo_control:/opt/ros/jazzy', 'DEBIAN_FRONTEND': 'noninteractive', 'ROS_AUTOMATIC_DISCOVERY_RANGE': 'SUBNET', 'PWD': '/home/andy/ros2_ws/build/servo_control', 'PYTHONPATH': '/opt/ros/jazzy/lib/python3.12/site-packages', 'COLCON': '1', 'CMAKE_PREFIX_PATH': '/home/andy/ros2_ws/install/servo_control:/opt/ros/jazzy'}), 'shell': False}
[0.099644] (-) TimerEvent: {}
[0.122352] (servo_control) StdoutLine: {'line': b'[ 46%] Built target scservo_lib\n'}
[0.176410] (servo_control) StdoutLine: {'line': b'[ 60%] Built target servo_node\n'}
[0.177062] (servo_control) StdoutLine: {'line': b'[ 73%] Built target STServoTests\n'}
[0.183573] (servo_control) StdoutLine: {'line': b'[ 86%] Built target moveServo\n'}
[0.192564] (servo_control) StdoutLine: {'line': b'[ 93%] \x1b[32mBuilding CXX object CMakeFiles/servoConfig.dir/src/servoConfig.cpp.o\x1b[0m\n'}
[0.199768] (-) TimerEvent: {}
[0.300185] (-) TimerEvent: {}
[0.400576] (-) TimerEvent: {}
[0.500960] (-) TimerEvent: {}
[0.601362] (-) TimerEvent: {}
[0.701768] (-) TimerEvent: {}
[0.802178] (-) TimerEvent: {}
[0.902580] (-) TimerEvent: {}
[1.003010] (-) TimerEvent: {}
[1.103415] (-) TimerEvent: {}
[1.203795] (-) TimerEvent: {}
[1.304184] (-) TimerEvent: {}
[1.404564] (-) TimerEvent: {}
[1.504946] (-) TimerEvent: {}
[1.605335] (-) TimerEvent: {}
[1.705719] (-) TimerEvent: {}
[1.806123] (-) TimerEvent: {}
[1.906492] (-) TimerEvent: {}
[2.006857] (-) TimerEvent: {}
[2.107202] (-) TimerEvent: {}
[2.207562] (-) TimerEvent: {}
[2.307912] (-) TimerEvent: {}
[2.408304] (-) TimerEvent: {}
[2.508689] (-) TimerEvent: {}
[2.609066] (-) TimerEvent: {}
[2.709444] (-) TimerEvent: {}
[2.809816] (-) TimerEvent: {}
[2.910174] (-) TimerEvent: {}
[3.010534] (-) TimerEvent: {}
[3.110935] (-) TimerEvent: {}
[3.211382] (-) TimerEvent: {}
[3.311725] (-) TimerEvent: {}
[3.412086] (-) TimerEvent: {}
[3.512465] (-) TimerEvent: {}
[3.612823] (-) TimerEvent: {}
[3.713173] (-) TimerEvent: {}
[3.813531] (-) TimerEvent: {}
[3.913890] (-) TimerEvent: {}
[4.014289] (-) TimerEvent: {}
[4.114658] (-) TimerEvent: {}
[4.215011] (-) TimerEvent: {}
[4.315386] (-) TimerEvent: {}
[4.415748] (-) TimerEvent: {}
[4.516117] (-) TimerEvent: {}
[4.616475] (-) TimerEvent: {}
[4.716824] (-) TimerEvent: {}
[4.817180] (-) TimerEvent: {}
[4.917526] (-) TimerEvent: {}
[5.017926] (-) TimerEvent: {}
[5.118320] (-) TimerEvent: {}
[5.218672] (-) TimerEvent: {}
[5.319046] (-) TimerEvent: {}
[5.419445] (-) TimerEvent: {}
[5.519822] (-) TimerEvent: {}
[5.620195] (-) TimerEvent: {}
[5.720548] (-) TimerEvent: {}
[5.820904] (-) TimerEvent: {}
[5.921271] (-) TimerEvent: {}
[6.021596] (-) TimerEvent: {}
[6.121917] (-) TimerEvent: {}
[6.222256] (-) TimerEvent: {}
[6.322584] (-) TimerEvent: {}
[6.422911] (-) TimerEvent: {}
[6.523256] (-) TimerEvent: {}
[6.623577] (-) TimerEvent: {}
[6.723898] (-) TimerEvent: {}
[6.824263] (-) TimerEvent: {}
[6.924587] (-) TimerEvent: {}
[7.024909] (-) TimerEvent: {}
[7.125264] (-) TimerEvent: {}
[7.225626] (-) TimerEvent: {}
[7.325990] (-) TimerEvent: {}
[7.426362] (-) TimerEvent: {}
[7.526738] (-) TimerEvent: {}
[7.627086] (-) TimerEvent: {}
[7.727473] (-) TimerEvent: {}
[7.827890] (-) TimerEvent: {}
[7.928357] (-) TimerEvent: {}
[8.028720] (-) TimerEvent: {}
[8.129060] (-) TimerEvent: {}
[8.229401] (-) TimerEvent: {}
[8.329728] (-) TimerEvent: {}
[8.430041] (-) TimerEvent: {}
[8.530375] (-) TimerEvent: {}
[8.630712] (-) TimerEvent: {}
[8.731032] (-) TimerEvent: {}
[8.831378] (-) TimerEvent: {}
[8.931710] (-) TimerEvent: {}
[9.032034] (-) TimerEvent: {}
[9.132370] (-) TimerEvent: {}
[9.232698] (-) TimerEvent: {}
[9.333012] (-) TimerEvent: {}
[9.433350] (-) TimerEvent: {}
[9.533673] (-) TimerEvent: {}
[9.633994] (-) TimerEvent: {}
[9.734333] (-) TimerEvent: {}
[9.834650] (-) TimerEvent: {}
[9.934971] (-) TimerEvent: {}
[10.035310] (-) TimerEvent: {}
[10.135637] (-) TimerEvent: {}
[10.235956] (-) TimerEvent: {}
[10.336290] (-) TimerEvent: {}
[10.436608] (-) TimerEvent: {}
[10.536923] (-) TimerEvent: {}
[10.637283] (-) TimerEvent: {}
[10.737608] (-) TimerEvent: {}
[10.837938] (-) TimerEvent: {}
[10.938281] (-) TimerEvent: {}
[11.038584] (-) TimerEvent: {}
[11.138950] (-) TimerEvent: {}
[11.239333] (-) TimerEvent: {}
[11.339712] (-) TimerEvent: {}
[11.440088] (-) TimerEvent: {}
[11.540637] (-) TimerEvent: {}
[11.641494] (-) TimerEvent: {}
[11.742050] (-) TimerEvent: {}
[11.812806] (servo_control) StdoutLine: {'line': b'[100%] \x1b[32m\x1b[1mLinking CXX executable servoConfig\x1b[0m\n'}
[11.842229] (-) TimerEvent: {}
[11.942837] (-) TimerEvent: {}
[12.043261] (-) TimerEvent: {}
[12.143688] (-) TimerEvent: {}
[12.244046] (-) TimerEvent: {}
[12.344411] (-) TimerEvent: {}
[12.440059] (servo_control) StdoutLine: {'line': b'[100%] Built target servoConfig\n'}
[12.444516] (-) TimerEvent: {}
[12.457182] (servo_control) CommandEnded: {'returncode': 0}
[12.457854] (servo_control) JobProgress: {'identifier': 'servo_control', 'progress': 'install'}
[12.471126] (servo_control) Command: {'cmd': ['/usr/bin/cmake', '--install', '/home/andy/ros2_ws/build/servo_control'], 'cwd': '/home/andy/ros2_ws/build/servo_control', 'env': OrderedDict({'HOSTNAME': 'PipeBot', 'SHLVL': '0', 'LD_LIBRARY_PATH': '/opt/ros/jazzy/lib/aarch64-linux-gnu:/opt/ros/jazzy/lib', 'HOME': '/home/andy', 'ROS_PYTHON_VERSION': '3', 'LC_CTYPE': 'C.UTF-8', 'COLCON_PREFIX_PATH': '/home/andy/ros2_ws/install', 'ROS_DISTRO': 'jazzy', '_': '/usr/local/bin/colcon', 'ROS_VERSION': '2', 'TERM': 'xterm', 'PATH': '/opt/ros/jazzy/bin:/usr/local/sbin:/usr/local/bin:/usr/sbin:/usr/bin:/sbin:/bin', 'AMENT_PREFIX_PATH': '/home/andy/ros2_ws/install/servo_control:/opt/ros/jazzy', 'DEBIAN_FRONTEND': 'noninteractive', 'ROS_AUTOMATIC_DISCOVERY_RANGE': 'SUBNET', 'PWD': '/home/andy/ros2_ws/build/servo_control', 'PYTHONPATH': '/opt/ros/jazzy/lib/python3.12/site-packages', 'COLCON': '1', 'CMAKE_PREFIX_PATH': '/home/andy/ros2_ws/install/servo_control:/opt/ros/jazzy'}), 'shell': False}
[12.483393] (servo_control) StdoutLine: {'line': b'-- Install configuration: ""\n'}
[12.483674] (servo_control) StdoutLine: {'line': b'-- Up-to-date: /home/andy/ros2_ws/install/servo_control/lib/servo_control/servo_node\n'}
[12.484134] (servo_control) StdoutLine: {'line': b'-- Up-to-date: /home/andy/ros2_ws/install/servo_control/lib/servo_control/STServoTests\n'}
[12.484560] (servo_control) StdoutLine: {'line': b'-- Up-to-date: /home/andy/ros2_ws/install/servo_control/lib/servo_control/moveServo\n'}
[12.485000] (servo_control) StdoutLine: {'line': b'-- Installing: /home/andy/ros2_ws/install/servo_control/lib/servo_control/servoConfig\n'}
[12.494018] (servo_control) StdoutLine: {'line': b'-- Set non-toolchain portion of runtime path of "/home/andy/ros2_ws/install/servo_control/lib/servo_control/servoConfig" to ""\n'}
[12.494227] (servo_control) StdoutLine: {'line': b'-- Up-to-date: /home/andy/ros2_ws/install/servo_control/share/ament_index/resource_index/package_run_dependencies/servo_control\n'}
[12.494320] (servo_control) StdoutLine: {'line': b'-- Up-to-date: /home/andy/ros2_ws/install/servo_control/share/ament_index/resource_index/parent_prefix_path/servo_control\n'}
[12.494429] (servo_control) StdoutLine: {'line': b'-- Up-to-date: /home/andy/ros2_ws/install/servo_control/share/servo_control/environment/ament_prefix_path.sh\n'}
[12.494546] (servo_control) StdoutLine: {'line': b'-- Up-to-date: /home/andy/ros2_ws/install/servo_control/share/servo_control/environment/ament_prefix_path.dsv\n'}
[12.494630] (servo_control) StdoutLine: {'line': b'-- Up-to-date: /home/andy/ros2_ws/install/servo_control/share/servo_control/environment/path.sh\n'}
[12.494712] (servo_control) StdoutLine: {'line': b'-- Up-to-date: /home/andy/ros2_ws/install/servo_control/share/servo_control/environment/path.dsv\n'}
[12.494833] (servo_control) StdoutLine: {'line': b'-- Up-to-date: /home/andy/ros2_ws/install/servo_control/share/servo_control/local_setup.bash\n'}
[12.494914] (servo_control) StdoutLine: {'line': b'-- Up-to-date: /home/andy/ros2_ws/install/servo_control/share/servo_control/local_setup.sh\n'}
[12.494990] (servo_control) StdoutLine: {'line': b'-- Up-to-date: /home/andy/ros2_ws/install/servo_control/share/servo_control/local_setup.zsh\n'}
[12.495070] (servo_control) StdoutLine: {'line': b'-- Up-to-date: /home/andy/ros2_ws/install/servo_control/share/servo_control/local_setup.dsv\n'}
[12.495201] (servo_control) StdoutLine: {'line': b'-- Installing: /home/andy/ros2_ws/install/servo_control/share/servo_control/package.dsv\n'}
[12.495281] (servo_control) StdoutLine: {'line': b'-- Up-to-date: /home/andy/ros2_ws/install/servo_control/share/ament_index/resource_index/packages/servo_control\n'}
[12.495354] (servo_control) StdoutLine: {'line': b'-- Up-to-date: /home/andy/ros2_ws/install/servo_control/share/servo_control/cmake/servo_controlConfig.cmake\n'}
[12.495454] (servo_control) StdoutLine: {'line': b'-- Up-to-date: /home/andy/ros2_ws/install/servo_control/share/servo_control/cmake/servo_controlConfig-version.cmake\n'}
[12.495529] (servo_control) StdoutLine: {'line': b'-- Up-to-date: /home/andy/ros2_ws/install/servo_control/share/servo_control/package.xml\n'}
[12.497707] (servo_control) CommandEnded: {'returncode': 0}
[12.519542] (servo_control) JobEnded: {'identifier': 'servo_control', 'rc': 0}
[12.520489] (-) EventReactorShutdown: {}
