[0.000000] (-) TimerEvent: {}
[0.001292] (servo_control) JobQueued: {'identifier': 'servo_control', 'dependencies': OrderedDict()}
[0.001428] (servo_control) JobStarted: {'identifier': 'servo_control'}
[0.015456] (servo_control) JobProgress: {'identifier': 'servo_control', 'progress': 'cmake'}
[0.016582] (servo_control) JobProgress: {'identifier': 'servo_control', 'progress': 'build'}
[0.017609] (servo_control) Command: {'cmd': ['/usr/bin/cmake', '--build', '/home/andy/ros2_ws/build/servo_control', '--', '-j4', '-l4'], 'cwd': '/home/andy/ros2_ws/build/servo_control', 'env': OrderedDict({'HOSTNAME': 'PipeBot', 'SHLVL': '0', 'LD_LIBRARY_PATH': '/opt/ros/jazzy/lib/aarch64-linux-gnu:/opt/ros/jazzy/lib', 'HOME': '/home/andy', 'ROS_PYTHON_VERSION': '3', 'LC_CTYPE': 'C.UTF-8', 'COLCON_PREFIX_PATH': '/home/andy/ros2_ws/install', 'ROS_DISTRO': 'jazzy', '_': '/usr/local/bin/colcon', 'ROS_VERSION': '2', 'TERM': 'xterm', 'PATH': '/opt/ros/jazzy/bin:/usr/local/sbin:/usr/local/bin:/usr/sbin:/usr/bin:/sbin:/bin', 'AMENT_PREFIX_PATH': '/home/andy/ros2_ws/install/servo_control:/opt/ros/jazzy', 'DEBIAN_FRONTEND': 'noninteractive', 'ROS_AUTOMATIC_DISCOVERY_RANGE': 'SUBNET', 'PWD': '/home/andy/ros2_ws/build/servo_control', 'PYTHONPATH': '/opt/ros/jazzy/lib/python3.12/site-packages', 'COLCON': '1', 'CMAKE_PREFIX_PATH': '/home/andy/ros2_ws/install/servo_control:/opt/ros/jazzy'}), 'shell': False}
[0.099641] (-) TimerEvent: {}
[0.121959] (servo_control) StdoutLine: {'line': b'[ 46%] Built target scservo_lib\n'}
[0.173428] (servo_control) StdoutLine: {'line': b'[ 73%] Built target servo_node\n'}
[0.173777] (servo_control) StdoutLine: {'line': b'[ 73%] Built target STServoTests\n'}
[0.183619] (servo_control) StdoutLine: {'line': b'[ 86%] Built target moveServo\n'}
[0.192203] (servo_control) StdoutLine: {'line': b'[100%] Built target servoConfig\n'}
[0.199751] (-) TimerEvent: {}
[0.215224] (servo_control) CommandEnded: {'returncode': 0}
[0.216132] (servo_control) JobProgress: {'identifier': 'servo_control', 'progress': 'install'}
[0.235004] (servo_control) Command: {'cmd': ['/usr/bin/cmake', '--install', '/home/andy/ros2_ws/build/servo_control'], 'cwd': '/home/andy/ros2_ws/build/servo_control', 'env': OrderedDict({'HOSTNAME': 'PipeBot', 'SHLVL': '0', 'LD_LIBRARY_PATH': '/opt/ros/jazzy/lib/aarch64-linux-gnu:/opt/ros/jazzy/lib', 'HOME': '/home/andy', 'ROS_PYTHON_VERSION': '3', 'LC_CTYPE': 'C.UTF-8', 'COLCON_PREFIX_PATH': '/home/andy/ros2_ws/install', 'ROS_DISTRO': 'jazzy', '_': '/usr/local/bin/colcon', 'ROS_VERSION': '2', 'TERM': 'xterm', 'PATH': '/opt/ros/jazzy/bin:/usr/local/sbin:/usr/local/bin:/usr/sbin:/usr/bin:/sbin:/bin', 'AMENT_PREFIX_PATH': '/home/andy/ros2_ws/install/servo_control:/opt/ros/jazzy', 'DEBIAN_FRONTEND': 'noninteractive', 'ROS_AUTOMATIC_DISCOVERY_RANGE': 'SUBNET', 'PWD': '/home/andy/ros2_ws/build/servo_control', 'PYTHONPATH': '/opt/ros/jazzy/lib/python3.12/site-packages', 'COLCON': '1', 'CMAKE_PREFIX_PATH': '/home/andy/ros2_ws/install/servo_control:/opt/ros/jazzy'}), 'shell': False}
[0.250744] (servo_control) StdoutLine: {'line': b'-- Install configuration: ""\n'}
[0.251153] (servo_control) StdoutLine: {'line': b'-- Up-to-date: /home/andy/ros2_ws/install/servo_control/lib/servo_control/servo_node\n'}
[0.251786] (servo_control) StdoutLine: {'line': b'-- Up-to-date: /home/andy/ros2_ws/install/servo_control/lib/servo_control/STServoTests\n'}
[0.252408] (servo_control) StdoutLine: {'line': b'-- Up-to-date: /home/andy/ros2_ws/install/servo_control/lib/servo_control/moveServo\n'}
[0.253054] (servo_control) StdoutLine: {'line': b'-- Up-to-date: /home/andy/ros2_ws/install/servo_control/lib/servo_control/servoConfig\n'}
[0.253458] (servo_control) StdoutLine: {'line': b'-- Up-to-date: /home/andy/ros2_ws/install/servo_control/share/ament_index/resource_index/package_run_dependencies/servo_control\n'}
[0.253604] (servo_control) StdoutLine: {'line': b'-- Up-to-date: /home/andy/ros2_ws/install/servo_control/share/ament_index/resource_index/parent_prefix_path/servo_control\n'}
[0.253781] (servo_control) StdoutLine: {'line': b'-- Up-to-date: /home/andy/ros2_ws/install/servo_control/share/servo_control/environment/ament_prefix_path.sh\n'}
[0.253933] (servo_control) StdoutLine: {'line': b'-- Up-to-date: /home/andy/ros2_ws/install/servo_control/share/servo_control/environment/ament_prefix_path.dsv\n'}
[0.254056] (servo_control) StdoutLine: {'line': b'-- Up-to-date: /home/andy/ros2_ws/install/servo_control/share/servo_control/environment/path.sh\n'}
[0.254267] (servo_control) StdoutLine: {'line': b'-- Up-to-date: /home/andy/ros2_ws/install/servo_control/share/servo_control/environment/path.dsv\n'}
[0.254392] (servo_control) StdoutLine: {'line': b'-- Up-to-date: /home/andy/ros2_ws/install/servo_control/share/servo_control/local_setup.bash\n'}
[0.254503] (servo_control) StdoutLine: {'line': b'-- Up-to-date: /home/andy/ros2_ws/install/servo_control/share/servo_control/local_setup.sh\n'}
[0.254619] (servo_control) StdoutLine: {'line': b'-- Up-to-date: /home/andy/ros2_ws/install/servo_control/share/servo_control/local_setup.zsh\n'}
[0.254737] (servo_control) StdoutLine: {'line': b'-- Up-to-date: /home/andy/ros2_ws/install/servo_control/share/servo_control/local_setup.dsv\n'}
[0.254857] (servo_control) StdoutLine: {'line': b'-- Installing: /home/andy/ros2_ws/install/servo_control/share/servo_control/package.dsv\n'}
[0.255041] (servo_control) StdoutLine: {'line': b'-- Up-to-date: /home/andy/ros2_ws/install/servo_control/share/ament_index/resource_index/packages/servo_control\n'}
[0.255213] (servo_control) StdoutLine: {'line': b'-- Up-to-date: /home/andy/ros2_ws/install/servo_control/share/servo_control/cmake/servo_controlConfig.cmake\n'}
[0.255328] (servo_control) StdoutLine: {'line': b'-- Up-to-date: /home/andy/ros2_ws/install/servo_control/share/servo_control/cmake/servo_controlConfig-version.cmake\n'}
[0.255436] (servo_control) StdoutLine: {'line': b'-- Up-to-date: /home/andy/ros2_ws/install/servo_control/share/servo_control/package.xml\n'}
[0.258132] (servo_control) CommandEnded: {'returncode': 0}
[0.288451] (servo_control) JobEnded: {'identifier': 'servo_control', 'rc': 0}
[0.289788] (-) EventReactorShutdown: {}
