-- Found ament_cmake: 2.5.3 (/opt/ros/jazzy/share/ament_cmake/cmake)
-- Found rclcpp: 28.1.8 (/opt/ros/jazzy/share/rclcpp/cmake)
-- Found rosidl_generator_c: 4.6.5 (/opt/ros/jazzy/share/rosidl_generator_c/cmake)
-- Found rosidl_generator_cpp: 4.6.5 (/opt/ros/jazzy/share/rosidl_generator_cpp/cmake)
-- Using all available rosidl_typesupport_c: rosidl_typesupport_fastrtps_c;rosidl_typesupport_introspection_c
-- Using all available rosidl_typesupport_cpp: rosidl_typesupport_fastrtps_cpp;rosidl_typesupport_introspection_cpp
-- Found rmw_implementation_cmake: 7.3.2 (/opt/ros/jazzy/share/rmw_implementation_cmake/cmake)
-- Found rmw_fastrtps_cpp: 8.4.2 (/opt/ros/jazzy/share/rmw_fastrtps_cpp/cmake)
-- Using RMW implementation 'rmw_fastrtps_cpp' as default
-- Found std_msgs: 5.3.6 (/opt/ros/jazzy/share/std_msgs/cmake)
-- Configuring done (1.1s)
-- Generating done (0.1s)
-- Build files have been written to: /home/andy/ros2_ws/build/servo_control
[ 33%] Built target scservo_lib
[ 42%] Built target servo_node
[ 52%] Built target STServoTests
[ 57%] [32mBuilding CXX object CMakeFiles/servoConfig.dir/src/servoConfig.cpp.o[0m
[ 66%] Built target moveServo
[ 71%] [32mBuilding CXX object CMakeFiles/servoFeedback.dir/src/servoFeedback.cpp.o[0m
[ 76%] [32mBuilding CXX object CMakeFiles/servoRepair.dir/src/servoRepair.cpp.o[0m
[ 85%] Built target changeId
[ 90%] [32m[1mLinking CXX executable servoFeedback[0m
[ 95%] [32m[1mLinking CXX executable servoConfig[0m
[ 95%] Built target servoFeedback
[ 95%] Built target servoConfig
