[0.000000] (-) TimerEvent: {}
[0.000794] (servo_control) JobQueued: {'identifier': 'servo_control', 'dependencies': OrderedDict()}
[0.000865] (servo_control) JobStarted: {'identifier': 'servo_control'}
[0.014372] (servo_control) JobProgress: {'identifier': 'servo_control', 'progress': 'cmake'}
[0.015392] (servo_control) JobProgress: {'identifier': 'servo_control', 'progress': 'build'}
[0.016358] (servo_control) Command: {'cmd': ['/usr/bin/cmake', '--build', '/home/andy/ros2_ws/build/servo_control', '--', '-j4', '-l4'], 'cwd': '/home/andy/ros2_ws/build/servo_control', 'env': OrderedDict({'HOSTNAME': 'PipeBot', 'SHLVL': '0', 'LD_LIBRARY_PATH': '/opt/ros/jazzy/lib/aarch64-linux-gnu:/opt/ros/jazzy/lib', 'HOME': '/home/andy', 'ROS_PYTHON_VERSION': '3', 'LC_CTYPE': 'C.UTF-8', 'COLCON_PREFIX_PATH': '/home/andy/ros2_ws/install', 'ROS_DISTRO': 'jazzy', '_': '/usr/local/bin/colcon', 'ROS_VERSION': '2', 'TERM': 'xterm', 'PATH': '/opt/ros/jazzy/bin:/usr/local/sbin:/usr/local/bin:/usr/sbin:/usr/bin:/sbin:/bin', 'AMENT_PREFIX_PATH': '/home/andy/ros2_ws/install/servo_control:/opt/ros/jazzy', 'DEBIAN_FRONTEND': 'noninteractive', 'ROS_AUTOMATIC_DISCOVERY_RANGE': 'SUBNET', 'PWD': '/home/andy/ros2_ws/build/servo_control', 'PYTHONPATH': '/opt/ros/jazzy/lib/python3.12/site-packages', 'COLCON': '1', 'CMAKE_PREFIX_PATH': '/home/andy/ros2_ws/install/servo_control:/opt/ros/jazzy'}), 'shell': False}
[0.099657] (-) TimerEvent: {}
[0.114656] (servo_control) StdoutLine: {'line': b'[ 33%] Built target scservo_lib\n'}
[0.164173] (servo_control) StdoutLine: {'line': b'[ 38%] \x1b[32mBuilding CXX object CMakeFiles/servo_node.dir/src/servo_node.cpp.o\x1b[0m\n'}
[0.168098] (servo_control) StdoutLine: {'line': b'[ 47%] Built target STServoTests\n'}
[0.174337] (servo_control) StdoutLine: {'line': b'[ 57%] Built target moveServo\n'}
[0.175337] (servo_control) StdoutLine: {'line': b'[ 66%] Built target servoConfig\n'}
[0.199798] (-) TimerEvent: {}
[0.226557] (servo_control) StdoutLine: {'line': b'[ 76%] Built target servoFeedback\n'}
[0.234047] (servo_control) StdoutLine: {'line': b'[ 95%] Built target servoRepair\n'}
[0.234388] (servo_control) StdoutLine: {'line': b'[ 95%] Built target changeId\n'}
[0.299912] (-) TimerEvent: {}
[0.400302] (-) TimerEvent: {}
[0.500683] (-) TimerEvent: {}
[0.601082] (-) TimerEvent: {}
[0.701465] (-) TimerEvent: {}
[0.763313] (servo_control) StderrLine: {'line': b'\x1b[01m\x1b[K/home/andy/ros2_ws/src/servo_control/src/servo_node.cpp:12:1:\x1b[m\x1b[K \x1b[01;31m\x1b[Kerror: \x1b[m\x1b[Kexpected \xe2\x80\x98\x1b[01m\x1b[K,\x1b[m\x1b[K\xe2\x80\x99 or \xe2\x80\x98\x1b[01m\x1b[K;\x1b[m\x1b[K\xe2\x80\x99 before \xe2\x80\x98\x1b[01m\x1b[Kint\x1b[m\x1b[K\xe2\x80\x99\n'}
[0.763665] (servo_control) StderrLine: {'line': b'   12 | \x1b[01;31m\x1b[Kint\x1b[m\x1b[K milis = 1000;\n'}
[0.763798] (servo_control) StderrLine: {'line': b'      | \x1b[01;31m\x1b[K^~~\x1b[m\x1b[K\n'}
[0.775081] (servo_control) StderrLine: {'line': b'\x1b[01m\x1b[K/home/andy/ros2_ws/src/servo_control/src/servo_node.cpp:\x1b[m\x1b[K In function \xe2\x80\x98\x1b[01m\x1b[Kvoid\x1b[01;32m\x1b[K addData\x1b[m\x1b[K(int)\x1b[m\x1b[K\xe2\x80\x99:\n'}
[0.775281] (servo_control) StderrLine: {'line': b'\x1b[01m\x1b[K/home/andy/ros2_ws/src/servo_control/src/servo_node.cpp:38:16:\x1b[m\x1b[K \x1b[01;31m\x1b[Kerror: \x1b[m\x1b[K\xe2\x80\x98\x1b[01m\x1b[Kmilis\x1b[m\x1b[K\xe2\x80\x99 was not declared in this scope\n'}
[0.775404] (servo_control) StderrLine: {'line': b'   38 |         usleep(\x1b[01;31m\x1b[Kmilis\x1b[m\x1b[K);\n'}
[0.775516] (servo_control) StderrLine: {'line': b'      |                \x1b[01;31m\x1b[K^~~~~\x1b[m\x1b[K\n'}
[0.780478] (servo_control) StderrLine: {'line': b'\x1b[01m\x1b[K/home/andy/ros2_ws/src/servo_control/src/servo_node.cpp:\x1b[m\x1b[K In function \xe2\x80\x98\x1b[01m\x1b[Kint\x1b[01;32m\x1b[K main\x1b[m\x1b[K(int, char**)\x1b[m\x1b[K\xe2\x80\x99:\n'}
[0.780641] (servo_control) StderrLine: {'line': b'\x1b[01m\x1b[K/home/andy/ros2_ws/src/servo_control/src/servo_node.cpp:70:18:\x1b[m\x1b[K \x1b[01;31m\x1b[Kerror: \x1b[m\x1b[K\xe2\x80\x98\x1b[01m\x1b[Kmilis\x1b[m\x1b[K\xe2\x80\x99 was not declared in this scope\n'}
[0.780780] (servo_control) StderrLine: {'line': b'   70 |     usleep(100 * \x1b[01;31m\x1b[Kmilis\x1b[m\x1b[K);\n'}
[0.780887] (servo_control) StderrLine: {'line': b'      |                  \x1b[01;31m\x1b[K^~~~~\x1b[m\x1b[K\n'}
[0.801568] (-) TimerEvent: {}
[0.857405] (servo_control) StderrLine: {'line': b'gmake[2]: *** [CMakeFiles/servo_node.dir/build.make:76: CMakeFiles/servo_node.dir/src/servo_node.cpp.o] Error 1\n'}
[0.857752] (servo_control) StderrLine: {'line': b'gmake[1]: *** [CMakeFiles/Makefile2:177: CMakeFiles/servo_node.dir/all] Error 2\n'}
[0.857974] (servo_control) StderrLine: {'line': b'gmake: *** [Makefile:146: all] Error 2\n'}
[0.861853] (servo_control) CommandEnded: {'returncode': 2}
[0.882331] (servo_control) JobEnded: {'identifier': 'servo_control', 'rc': 2}
[0.893021] (-) EventReactorShutdown: {}
