[0.000000] (-) TimerEvent: {}
[0.001144] (servo_control) JobQueued: {'identifier': 'servo_control', 'dependencies': OrderedDict()}
[0.001277] (servo_control) JobStarted: {'identifier': 'servo_control'}
[0.015328] (servo_control) JobProgress: {'identifier': 'servo_control', 'progress': 'cmake'}
[0.016436] (servo_control) JobProgress: {'identifier': 'servo_control', 'progress': 'build'}
[0.017476] (servo_control) Command: {'cmd': ['/usr/bin/cmake', '--build', '/home/andy/ros2_ws/build/servo_control', '--', '-j4', '-l4'], 'cwd': '/home/andy/ros2_ws/build/servo_control', 'env': OrderedDict({'HOSTNAME': 'PipeBot', 'SHLVL': '0', 'LD_LIBRARY_PATH': '/opt/ros/jazzy/lib/aarch64-linux-gnu:/opt/ros/jazzy/lib', 'HOME': '/home/andy', 'ROS_PYTHON_VERSION': '3', 'LC_CTYPE': 'C.UTF-8', 'COLCON_PREFIX_PATH': '/home/andy/ros2_ws/install', 'ROS_DISTRO': 'jazzy', '_': '/usr/local/bin/colcon', 'ROS_VERSION': '2', 'TERM': 'xterm', 'PATH': '/opt/ros/jazzy/bin:/usr/local/sbin:/usr/local/bin:/usr/sbin:/usr/bin:/sbin:/bin', 'AMENT_PREFIX_PATH': '/home/andy/ros2_ws/install/servo_control:/opt/ros/jazzy', 'DEBIAN_FRONTEND': 'noninteractive', 'ROS_AUTOMATIC_DISCOVERY_RANGE': 'SUBNET', 'PWD': '/home/andy/ros2_ws/build/servo_control', 'PYTHONPATH': '/opt/ros/jazzy/lib/python3.12/site-packages', 'COLCON': '1', 'CMAKE_PREFIX_PATH': '/home/andy/ros2_ws/install/servo_control:/opt/ros/jazzy'}), 'shell': False}
[0.099541] (-) TimerEvent: {}
[0.122352] (servo_control) StdoutLine: {'line': b'[ 46%] Built target scservo_lib\n'}
[0.174688] (servo_control) StdoutLine: {'line': b'[ 60%] Built target servo_node\n'}
[0.182085] (servo_control) StdoutLine: {'line': b'[ 73%] Built target STServoTests\n'}
[0.191203] (servo_control) StdoutLine: {'line': b'[ 93%] \x1b[32mBuilding CXX object CMakeFiles/moveServo.dir/src/moveServo.cpp.o\x1b[0m\n'}
[0.191535] (servo_control) StdoutLine: {'line': b'[ 93%] Built target servoConfig\n'}
[0.199659] (-) TimerEvent: {}
[0.300068] (-) TimerEvent: {}
[0.400454] (-) TimerEvent: {}
[0.500847] (-) TimerEvent: {}
[0.601226] (-) TimerEvent: {}
[0.701696] (-) TimerEvent: {}
[0.802249] (-) TimerEvent: {}
[0.902756] (-) TimerEvent: {}
[1.003165] (-) TimerEvent: {}
[1.103592] (-) TimerEvent: {}
[1.204008] (-) TimerEvent: {}
[1.304410] (-) TimerEvent: {}
[1.404837] (-) TimerEvent: {}
[1.505225] (-) TimerEvent: {}
[1.605639] (-) TimerEvent: {}
[1.706041] (-) TimerEvent: {}
[1.806427] (-) TimerEvent: {}
[1.906843] (-) TimerEvent: {}
[2.007250] (-) TimerEvent: {}
[2.107654] (-) TimerEvent: {}
[2.208057] (-) TimerEvent: {}
[2.308458] (-) TimerEvent: {}
[2.408883] (-) TimerEvent: {}
[2.509278] (-) TimerEvent: {}
[2.609639] (-) TimerEvent: {}
[2.710003] (-) TimerEvent: {}
[2.810373] (-) TimerEvent: {}
[2.910787] (-) TimerEvent: {}
[3.011139] (-) TimerEvent: {}
[3.111503] (-) TimerEvent: {}
[3.211916] (-) TimerEvent: {}
[3.312289] (-) TimerEvent: {}
[3.412636] (-) TimerEvent: {}
[3.512984] (-) TimerEvent: {}
[3.613336] (-) TimerEvent: {}
[3.713707] (-) TimerEvent: {}
[3.814141] (-) TimerEvent: {}
[3.914503] (-) TimerEvent: {}
[4.014877] (-) TimerEvent: {}
[4.115251] (-) TimerEvent: {}
[4.215631] (-) TimerEvent: {}
[4.316005] (-) TimerEvent: {}
[4.416365] (-) TimerEvent: {}
[4.516758] (-) TimerEvent: {}
[4.617138] (-) TimerEvent: {}
[4.717486] (-) TimerEvent: {}
[4.817852] (-) TimerEvent: {}
[4.918223] (-) TimerEvent: {}
[5.018620] (-) TimerEvent: {}
[5.118986] (-) TimerEvent: {}
[5.219340] (-) TimerEvent: {}
[5.319716] (-) TimerEvent: {}
[5.420092] (-) TimerEvent: {}
[5.520458] (-) TimerEvent: {}
[5.620847] (-) TimerEvent: {}
[5.721216] (-) TimerEvent: {}
[5.821596] (-) TimerEvent: {}
[5.921977] (-) TimerEvent: {}
[6.022409] (-) TimerEvent: {}
[6.122774] (-) TimerEvent: {}
[6.223110] (-) TimerEvent: {}
[6.323457] (-) TimerEvent: {}
[6.423829] (-) TimerEvent: {}
[6.524172] (-) TimerEvent: {}
[6.624511] (-) TimerEvent: {}
[6.724901] (-) TimerEvent: {}
[6.825238] (-) TimerEvent: {}
[6.925575] (-) TimerEvent: {}
[7.025911] (-) TimerEvent: {}
[7.126250] (-) TimerEvent: {}
[7.226599] (-) TimerEvent: {}
[7.326957] (-) TimerEvent: {}
[7.427344] (-) TimerEvent: {}
[7.527856] (-) TimerEvent: {}
[7.628267] (-) TimerEvent: {}
[7.728631] (-) TimerEvent: {}
[7.828992] (-) TimerEvent: {}
[7.929338] (-) TimerEvent: {}
[8.029710] (-) TimerEvent: {}
[8.130050] (-) TimerEvent: {}
[8.230380] (-) TimerEvent: {}
[8.330744] (-) TimerEvent: {}
[8.431054] (-) TimerEvent: {}
[8.531373] (-) TimerEvent: {}
[8.631708] (-) TimerEvent: {}
[8.732019] (-) TimerEvent: {}
[8.832337] (-) TimerEvent: {}
[8.932661] (-) TimerEvent: {}
[9.032977] (-) TimerEvent: {}
[9.133290] (-) TimerEvent: {}
[9.233620] (-) TimerEvent: {}
[9.333936] (-) TimerEvent: {}
[9.434260] (-) TimerEvent: {}
[9.534599] (-) TimerEvent: {}
[9.634920] (-) TimerEvent: {}
[9.735231] (-) TimerEvent: {}
[9.835559] (-) TimerEvent: {}
[9.935874] (-) TimerEvent: {}
[10.036203] (-) TimerEvent: {}
[10.136517] (-) TimerEvent: {}
[10.236858] (-) TimerEvent: {}
[10.337182] (-) TimerEvent: {}
[10.437499] (-) TimerEvent: {}
[10.537837] (-) TimerEvent: {}
[10.638146] (-) TimerEvent: {}
[10.738467] (-) TimerEvent: {}
[10.838817] (-) TimerEvent: {}
[10.939144] (-) TimerEvent: {}
[11.039465] (-) TimerEvent: {}
[11.139784] (-) TimerEvent: {}
[11.240190] (-) TimerEvent: {}
[11.340577] (-) TimerEvent: {}
[11.440944] (-) TimerEvent: {}
[11.541311] (-) TimerEvent: {}
[11.641870] (-) TimerEvent: {}
[11.742655] (-) TimerEvent: {}
[11.843217] (-) TimerEvent: {}
[11.909907] (servo_control) StdoutLine: {'line': b'[100%] \x1b[32m\x1b[1mLinking CXX executable moveServo\x1b[0m\n'}
[11.943392] (-) TimerEvent: {}
[12.043947] (-) TimerEvent: {}
[12.144532] (-) TimerEvent: {}
[12.245264] (-) TimerEvent: {}
[12.345634] (-) TimerEvent: {}
[12.445991] (-) TimerEvent: {}
[12.539871] (servo_control) StdoutLine: {'line': b'[100%] Built target moveServo\n'}
[12.546119] (-) TimerEvent: {}
[12.557180] (servo_control) CommandEnded: {'returncode': 0}
[12.557890] (servo_control) JobProgress: {'identifier': 'servo_control', 'progress': 'install'}
[12.571826] (servo_control) Command: {'cmd': ['/usr/bin/cmake', '--install', '/home/andy/ros2_ws/build/servo_control'], 'cwd': '/home/andy/ros2_ws/build/servo_control', 'env': OrderedDict({'HOSTNAME': 'PipeBot', 'SHLVL': '0', 'LD_LIBRARY_PATH': '/opt/ros/jazzy/lib/aarch64-linux-gnu:/opt/ros/jazzy/lib', 'HOME': '/home/andy', 'ROS_PYTHON_VERSION': '3', 'LC_CTYPE': 'C.UTF-8', 'COLCON_PREFIX_PATH': '/home/andy/ros2_ws/install', 'ROS_DISTRO': 'jazzy', '_': '/usr/local/bin/colcon', 'ROS_VERSION': '2', 'TERM': 'xterm', 'PATH': '/opt/ros/jazzy/bin:/usr/local/sbin:/usr/local/bin:/usr/sbin:/usr/bin:/sbin:/bin', 'AMENT_PREFIX_PATH': '/home/andy/ros2_ws/install/servo_control:/opt/ros/jazzy', 'DEBIAN_FRONTEND': 'noninteractive', 'ROS_AUTOMATIC_DISCOVERY_RANGE': 'SUBNET', 'PWD': '/home/andy/ros2_ws/build/servo_control', 'PYTHONPATH': '/opt/ros/jazzy/lib/python3.12/site-packages', 'COLCON': '1', 'CMAKE_PREFIX_PATH': '/home/andy/ros2_ws/install/servo_control:/opt/ros/jazzy'}), 'shell': False}
[12.583412] (servo_control) StdoutLine: {'line': b'-- Install configuration: ""\n'}
[12.583714] (servo_control) StdoutLine: {'line': b'-- Up-to-date: /home/andy/ros2_ws/install/servo_control/lib/servo_control/servo_node\n'}
[12.584138] (servo_control) StdoutLine: {'line': b'-- Up-to-date: /home/andy/ros2_ws/install/servo_control/lib/servo_control/STServoTests\n'}
[12.584563] (servo_control) StdoutLine: {'line': b'-- Installing: /home/andy/ros2_ws/install/servo_control/lib/servo_control/moveServo\n'}
[12.592811] (servo_control) StdoutLine: {'line': b'-- Set non-toolchain portion of runtime path of "/home/andy/ros2_ws/install/servo_control/lib/servo_control/moveServo" to ""\n'}
[12.593068] (servo_control) StdoutLine: {'line': b'-- Up-to-date: /home/andy/ros2_ws/install/servo_control/lib/servo_control/servoConfig\n'}
[12.593365] (servo_control) StdoutLine: {'line': b'-- Up-to-date: /home/andy/ros2_ws/install/servo_control/share/ament_index/resource_index/package_run_dependencies/servo_control\n'}
[12.593473] (servo_control) StdoutLine: {'line': b'-- Up-to-date: /home/andy/ros2_ws/install/servo_control/share/ament_index/resource_index/parent_prefix_path/servo_control\n'}
[12.593617] (servo_control) StdoutLine: {'line': b'-- Up-to-date: /home/andy/ros2_ws/install/servo_control/share/servo_control/environment/ament_prefix_path.sh\n'}
[12.593743] (servo_control) StdoutLine: {'line': b'-- Up-to-date: /home/andy/ros2_ws/install/servo_control/share/servo_control/environment/ament_prefix_path.dsv\n'}
[12.593874] (servo_control) StdoutLine: {'line': b'-- Up-to-date: /home/andy/ros2_ws/install/servo_control/share/servo_control/environment/path.sh\n'}
[12.593980] (servo_control) StdoutLine: {'line': b'-- Up-to-date: /home/andy/ros2_ws/install/servo_control/share/servo_control/environment/path.dsv\n'}
[12.594063] (servo_control) StdoutLine: {'line': b'-- Up-to-date: /home/andy/ros2_ws/install/servo_control/share/servo_control/local_setup.bash\n'}
[12.594143] (servo_control) StdoutLine: {'line': b'-- Up-to-date: /home/andy/ros2_ws/install/servo_control/share/servo_control/local_setup.sh\n'}
[12.594227] (servo_control) StdoutLine: {'line': b'-- Up-to-date: /home/andy/ros2_ws/install/servo_control/share/servo_control/local_setup.zsh\n'}
[12.594313] (servo_control) StdoutLine: {'line': b'-- Up-to-date: /home/andy/ros2_ws/install/servo_control/share/servo_control/local_setup.dsv\n'}
[12.594430] (servo_control) StdoutLine: {'line': b'-- Installing: /home/andy/ros2_ws/install/servo_control/share/servo_control/package.dsv\n'}
[12.594512] (servo_control) StdoutLine: {'line': b'-- Up-to-date: /home/andy/ros2_ws/install/servo_control/share/ament_index/resource_index/packages/servo_control\n'}
[12.594607] (servo_control) StdoutLine: {'line': b'-- Up-to-date: /home/andy/ros2_ws/install/servo_control/share/servo_control/cmake/servo_controlConfig.cmake\n'}
[12.594692] (servo_control) StdoutLine: {'line': b'-- Up-to-date: /home/andy/ros2_ws/install/servo_control/share/servo_control/cmake/servo_controlConfig-version.cmake\n'}
[12.594772] (servo_control) StdoutLine: {'line': b'-- Up-to-date: /home/andy/ros2_ws/install/servo_control/share/servo_control/package.xml\n'}
[12.596913] (servo_control) CommandEnded: {'returncode': 0}
[12.619160] (servo_control) JobEnded: {'identifier': 'servo_control', 'rc': 0}
[12.620234] (-) EventReactorShutdown: {}
