[0.247s] DEBUG:colcon:Command line arguments: ['/usr/local/bin/colcon', 'build']
[0.247s] DEBUG:colcon:Parsed command line arguments: Namespace(log_base=None, log_level=None, verb_name='build', build_base='build', install_base='install', merge_install=False, symlink_install=False, test_result_base=None, continue_on_error=False, executor='parallel', parallel_workers=4, event_handlers=None, ignore_user_meta=False, metas=['./colcon.meta'], base_paths=['.'], packages_ignore=None, packages_ignore_regex=None, paths=None, packages_up_to=None, packages_up_to_regex=None, packages_above=None, packages_above_and_dependencies=None, packages_above_depth=None, packages_select_by_dep=None, packages_skip_by_dep=None, packages_skip_up_to=None, packages_select_build_failed=False, packages_skip_build_finished=False, packages_select_test_failures=False, packages_skip_test_passed=False, packages_select=None, packages_skip=None, packages_select_regex=None, packages_skip_regex=None, packages_start=None, packages_end=None, cmake_args=None, cmake_target=None, cmake_target_skip_unavailable=False, cmake_clean_cache=False, cmake_clean_first=False, cmake_force_configure=False, ament_cmake_args=None, catkin_cmake_args=None, catkin_skip_building_tests=False, verb_parser=<colcon_defaults.argument_parser.defaults.DefaultArgumentsDecorator object at 0xffff8b39fb30>, verb_extension=<colcon_core.verb.build.BuildVerb object at 0xffff8c1ab080>, main=<bound method BuildVerb.main of <colcon_core.verb.build.BuildVerb object at 0xffff8c1ab080>>)
[0.319s] Level 1:colcon.colcon_core.package_discovery:discover_packages(colcon_meta) check parameters
[0.319s] Level 1:colcon.colcon_core.package_discovery:discover_packages(recursive) check parameters
[0.319s] Level 1:colcon.colcon_core.package_discovery:discover_packages(ignore) check parameters
[0.319s] Level 1:colcon.colcon_core.package_discovery:discover_packages(path) check parameters
[0.319s] Level 1:colcon.colcon_core.package_discovery:discover_packages(colcon_meta) discover
[0.319s] Level 1:colcon.colcon_core.package_discovery:discover_packages(recursive) discover
[0.319s] INFO:colcon.colcon_core.package_discovery:Crawling recursively for packages in '/home/andy/ros2_ws'
[0.319s] Level 1:colcon.colcon_core.package_identification:_identify(.) by extensions ['ignore', 'ignore_ament_install']
[0.320s] Level 1:colcon.colcon_core.package_identification:_identify(.) by extension 'ignore'
[0.320s] Level 1:colcon.colcon_core.package_identification:_identify(.) by extension 'ignore_ament_install'
[0.320s] Level 1:colcon.colcon_core.package_identification:_identify(.) by extensions ['colcon_pkg']
[0.320s] Level 1:colcon.colcon_core.package_identification:_identify(.) by extension 'colcon_pkg'
[0.320s] Level 1:colcon.colcon_core.package_identification:_identify(.) by extensions ['colcon_meta']
[0.320s] Level 1:colcon.colcon_core.package_identification:_identify(.) by extension 'colcon_meta'
[0.320s] Level 1:colcon.colcon_core.package_identification:_identify(.) by extensions ['ros']
[0.320s] Level 1:colcon.colcon_core.package_identification:_identify(.) by extension 'ros'
[0.371s] Level 1:colcon.colcon_core.package_identification:_identify(.) by extensions ['cmake', 'python']
[0.371s] Level 1:colcon.colcon_core.package_identification:_identify(.) by extension 'cmake'
[0.371s] Level 1:colcon.colcon_core.package_identification:_identify(.) by extension 'python'
[0.371s] Level 1:colcon.colcon_core.package_identification:_identify(.) by extensions ['python_setup_py']
[0.371s] Level 1:colcon.colcon_core.package_identification:_identify(.) by extension 'python_setup_py'
[0.371s] Level 1:colcon.colcon_core.package_identification:_identify(build) by extensions ['ignore', 'ignore_ament_install']
[0.372s] Level 1:colcon.colcon_core.package_identification:_identify(build) by extension 'ignore'
[0.372s] Level 1:colcon.colcon_core.package_identification:_identify(build) ignored
[0.372s] Level 1:colcon.colcon_core.package_identification:_identify(install) by extensions ['ignore', 'ignore_ament_install']
[0.372s] Level 1:colcon.colcon_core.package_identification:_identify(install) by extension 'ignore'
[0.372s] Level 1:colcon.colcon_core.package_identification:_identify(install) ignored
[0.372s] Level 1:colcon.colcon_core.package_identification:_identify(log) by extensions ['ignore', 'ignore_ament_install']
[0.373s] Level 1:colcon.colcon_core.package_identification:_identify(log) by extension 'ignore'
[0.373s] Level 1:colcon.colcon_core.package_identification:_identify(log) ignored
[0.373s] Level 1:colcon.colcon_core.package_identification:_identify(src) by extensions ['ignore', 'ignore_ament_install']
[0.373s] Level 1:colcon.colcon_core.package_identification:_identify(src) by extension 'ignore'
[0.373s] Level 1:colcon.colcon_core.package_identification:_identify(src) by extension 'ignore_ament_install'
[0.373s] Level 1:colcon.colcon_core.package_identification:_identify(src) by extensions ['colcon_pkg']
[0.373s] Level 1:colcon.colcon_core.package_identification:_identify(src) by extension 'colcon_pkg'
[0.373s] Level 1:colcon.colcon_core.package_identification:_identify(src) by extensions ['colcon_meta']
[0.373s] Level 1:colcon.colcon_core.package_identification:_identify(src) by extension 'colcon_meta'
[0.373s] Level 1:colcon.colcon_core.package_identification:_identify(src) by extensions ['ros']
[0.373s] Level 1:colcon.colcon_core.package_identification:_identify(src) by extension 'ros'
[0.373s] Level 1:colcon.colcon_core.package_identification:_identify(src) by extensions ['cmake', 'python']
[0.374s] Level 1:colcon.colcon_core.package_identification:_identify(src) by extension 'cmake'
[0.374s] Level 1:colcon.colcon_core.package_identification:_identify(src) by extension 'python'
[0.374s] Level 1:colcon.colcon_core.package_identification:_identify(src) by extensions ['python_setup_py']
[0.374s] Level 1:colcon.colcon_core.package_identification:_identify(src) by extension 'python_setup_py'
[0.374s] Level 1:colcon.colcon_core.package_identification:_identify(src/servo_control) by extensions ['ignore', 'ignore_ament_install']
[0.374s] Level 1:colcon.colcon_core.package_identification:_identify(src/servo_control) by extension 'ignore'
[0.374s] Level 1:colcon.colcon_core.package_identification:_identify(src/servo_control) by extension 'ignore_ament_install'
[0.374s] Level 1:colcon.colcon_core.package_identification:_identify(src/servo_control) by extensions ['colcon_pkg']
[0.374s] Level 1:colcon.colcon_core.package_identification:_identify(src/servo_control) by extension 'colcon_pkg'
[0.374s] Level 1:colcon.colcon_core.package_identification:_identify(src/servo_control) by extensions ['colcon_meta']
[0.374s] Level 1:colcon.colcon_core.package_identification:_identify(src/servo_control) by extension 'colcon_meta'
[0.374s] Level 1:colcon.colcon_core.package_identification:_identify(src/servo_control) by extensions ['ros']
[0.374s] Level 1:colcon.colcon_core.package_identification:_identify(src/servo_control) by extension 'ros'
[0.379s] DEBUG:colcon.colcon_core.package_identification:Package 'src/servo_control' with type 'ros.ament_cmake' and name 'servo_control'
[0.379s] Level 1:colcon.colcon_core.package_discovery:discover_packages(recursive) using defaults
[0.379s] Level 1:colcon.colcon_core.package_discovery:discover_packages(ignore) discover
[0.379s] Level 1:colcon.colcon_core.package_discovery:discover_packages(ignore) using defaults
[0.379s] Level 1:colcon.colcon_core.package_discovery:discover_packages(path) discover
[0.379s] Level 1:colcon.colcon_core.package_discovery:discover_packages(path) using defaults
[0.414s] Level 5:colcon.colcon_core.verb:set package 'servo_control' build argument 'cmake_args' from command line to 'None'
[0.414s] Level 5:colcon.colcon_core.verb:set package 'servo_control' build argument 'cmake_target' from command line to 'None'
[0.414s] Level 5:colcon.colcon_core.verb:set package 'servo_control' build argument 'cmake_target_skip_unavailable' from command line to 'False'
[0.414s] Level 5:colcon.colcon_core.verb:set package 'servo_control' build argument 'cmake_clean_cache' from command line to 'False'
[0.414s] Level 5:colcon.colcon_core.verb:set package 'servo_control' build argument 'cmake_clean_first' from command line to 'False'
[0.414s] Level 5:colcon.colcon_core.verb:set package 'servo_control' build argument 'cmake_force_configure' from command line to 'False'
[0.414s] Level 5:colcon.colcon_core.verb:set package 'servo_control' build argument 'ament_cmake_args' from command line to 'None'
[0.414s] Level 5:colcon.colcon_core.verb:set package 'servo_control' build argument 'catkin_cmake_args' from command line to 'None'
[0.414s] Level 5:colcon.colcon_core.verb:set package 'servo_control' build argument 'catkin_skip_building_tests' from command line to 'False'
[0.414s] DEBUG:colcon.colcon_core.verb:Building package 'servo_control' with the following arguments: {'ament_cmake_args': None, 'build_base': '/home/andy/ros2_ws/build/servo_control', 'catkin_cmake_args': None, 'catkin_skip_building_tests': False, 'cmake_args': None, 'cmake_clean_cache': False, 'cmake_clean_first': False, 'cmake_force_configure': False, 'cmake_target': None, 'cmake_target_skip_unavailable': False, 'install_base': '/home/andy/ros2_ws/install/servo_control', 'merge_install': False, 'path': '/home/andy/ros2_ws/src/servo_control', 'symlink_install': False, 'test_result_base': None}
[0.414s] INFO:colcon.colcon_core.executor:Executing jobs using 'parallel' executor
[0.416s] DEBUG:colcon.colcon_parallel_executor.executor.parallel:run_until_complete
[0.416s] INFO:colcon.colcon_ros.task.ament_cmake.build:Building ROS package in '/home/andy/ros2_ws/src/servo_control' with build type 'ament_cmake'
[0.417s] INFO:colcon.colcon_cmake.task.cmake.build:Building CMake package in '/home/andy/ros2_ws/src/servo_control'
[0.421s] INFO:colcon.colcon_core.plugin_system:Skipping extension 'colcon_core.shell.bat': Not used on non-Windows systems
[0.421s] INFO:colcon.colcon_core.shell:Skip shell extension 'powershell' for command environment: Not usable outside of PowerShell
[0.421s] DEBUG:colcon.colcon_core.shell:Skip shell extension 'dsv' for command environment
[0.437s] DEBUG:colcon.colcon_core.event_handler.log_command:Invoking command in '/home/andy/ros2_ws/build/servo_control': CMAKE_PREFIX_PATH=${CMAKE_PREFIX_PATH}:/opt/ros/jazzy /usr/bin/cmake --build /home/andy/ros2_ws/build/servo_control -- -j4 -l4
[12.973s] DEBUG:colcon.colcon_core.event_handler.log_command:Invoked command in '/home/andy/ros2_ws/build/servo_control' returned '0': CMAKE_PREFIX_PATH=${CMAKE_PREFIX_PATH}:/opt/ros/jazzy /usr/bin/cmake --build /home/andy/ros2_ws/build/servo_control -- -j4 -l4
[12.988s] DEBUG:colcon.colcon_core.event_handler.log_command:Invoking command in '/home/andy/ros2_ws/build/servo_control': CMAKE_PREFIX_PATH=${CMAKE_PREFIX_PATH}:/opt/ros/jazzy /usr/bin/cmake --install /home/andy/ros2_ws/build/servo_control
[13.013s] Level 1:colcon.colcon_core.environment:create_environment_scripts_only(servo_control)
[13.013s] DEBUG:colcon.colcon_core.event_handler.log_command:Invoked command in '/home/andy/ros2_ws/build/servo_control' returned '0': CMAKE_PREFIX_PATH=${CMAKE_PREFIX_PATH}:/opt/ros/jazzy /usr/bin/cmake --install /home/andy/ros2_ws/build/servo_control
[13.016s] Level 1:colcon.colcon_core.environment:checking '/home/andy/ros2_ws/install/servo_control' for CMake module files
[13.016s] Level 1:colcon.colcon_core.environment:checking '/home/andy/ros2_ws/install/servo_control' for CMake config files
[13.017s] Level 1:colcon.colcon_core.shell:create_environment_hook('servo_control', 'cmake_prefix_path')
[13.017s] INFO:colcon.colcon_core.shell:Creating environment hook '/home/andy/ros2_ws/install/servo_control/share/servo_control/hook/cmake_prefix_path.ps1'
[13.018s] INFO:colcon.colcon_core.shell:Creating environment descriptor '/home/andy/ros2_ws/install/servo_control/share/servo_control/hook/cmake_prefix_path.dsv'
[13.018s] INFO:colcon.colcon_core.shell:Creating environment hook '/home/andy/ros2_ws/install/servo_control/share/servo_control/hook/cmake_prefix_path.sh'
[13.019s] Level 1:colcon.colcon_core.environment:checking '/home/andy/ros2_ws/install/servo_control/lib'
[13.020s] Level 1:colcon.colcon_core.environment:checking '/home/andy/ros2_ws/install/servo_control/bin'
[13.020s] Level 1:colcon.colcon_core.environment:checking '/home/andy/ros2_ws/install/servo_control/lib/pkgconfig/servo_control.pc'
[13.023s] Level 1:colcon.colcon_core.environment:checking '/home/andy/ros2_ws/install/servo_control/lib/python3.12/site-packages'
[13.024s] Level 1:colcon.colcon_core.environment:checking '/home/andy/ros2_ws/install/servo_control/bin'
[13.024s] INFO:colcon.colcon_core.shell:Creating package script '/home/andy/ros2_ws/install/servo_control/share/servo_control/package.ps1'
[13.025s] INFO:colcon.colcon_core.shell:Creating package descriptor '/home/andy/ros2_ws/install/servo_control/share/servo_control/package.dsv'
[13.025s] INFO:colcon.colcon_core.shell:Creating package script '/home/andy/ros2_ws/install/servo_control/share/servo_control/package.sh'
[13.026s] INFO:colcon.colcon_core.shell:Creating package script '/home/andy/ros2_ws/install/servo_control/share/servo_control/package.bash'
[13.027s] INFO:colcon.colcon_core.shell:Creating package script '/home/andy/ros2_ws/install/servo_control/share/servo_control/package.zsh'
[13.028s] Level 1:colcon.colcon_core.environment:create_file_with_runtime_dependencies(/home/andy/ros2_ws/install/servo_control/share/colcon-core/packages/servo_control)
[13.028s] Level 1:colcon.colcon_core.environment:create_environment_scripts_only(servo_control)
[13.028s] Level 1:colcon.colcon_core.environment:checking '/home/andy/ros2_ws/install/servo_control' for CMake module files
[13.029s] Level 1:colcon.colcon_core.environment:checking '/home/andy/ros2_ws/install/servo_control' for CMake config files
[13.029s] Level 1:colcon.colcon_core.shell:create_environment_hook('servo_control', 'cmake_prefix_path')
[13.029s] INFO:colcon.colcon_core.shell:Creating environment hook '/home/andy/ros2_ws/install/servo_control/share/servo_control/hook/cmake_prefix_path.ps1'
[13.030s] INFO:colcon.colcon_core.shell:Creating environment descriptor '/home/andy/ros2_ws/install/servo_control/share/servo_control/hook/cmake_prefix_path.dsv'
[13.030s] INFO:colcon.colcon_core.shell:Creating environment hook '/home/andy/ros2_ws/install/servo_control/share/servo_control/hook/cmake_prefix_path.sh'
[13.031s] Level 1:colcon.colcon_core.environment:checking '/home/andy/ros2_ws/install/servo_control/lib'
[13.031s] Level 1:colcon.colcon_core.environment:checking '/home/andy/ros2_ws/install/servo_control/bin'
[13.031s] Level 1:colcon.colcon_core.environment:checking '/home/andy/ros2_ws/install/servo_control/lib/pkgconfig/servo_control.pc'
[13.032s] Level 1:colcon.colcon_core.environment:checking '/home/andy/ros2_ws/install/servo_control/lib/python3.12/site-packages'
[13.032s] Level 1:colcon.colcon_core.environment:checking '/home/andy/ros2_ws/install/servo_control/bin'
[13.032s] INFO:colcon.colcon_core.shell:Creating package script '/home/andy/ros2_ws/install/servo_control/share/servo_control/package.ps1'
[13.033s] INFO:colcon.colcon_core.shell:Creating package descriptor '/home/andy/ros2_ws/install/servo_control/share/servo_control/package.dsv'
[13.033s] INFO:colcon.colcon_core.shell:Creating package script '/home/andy/ros2_ws/install/servo_control/share/servo_control/package.sh'
[13.034s] INFO:colcon.colcon_core.shell:Creating package script '/home/andy/ros2_ws/install/servo_control/share/servo_control/package.bash'
[13.034s] INFO:colcon.colcon_core.shell:Creating package script '/home/andy/ros2_ws/install/servo_control/share/servo_control/package.zsh'
[13.035s] Level 1:colcon.colcon_core.environment:create_file_with_runtime_dependencies(/home/andy/ros2_ws/install/servo_control/share/colcon-core/packages/servo_control)
[13.035s] DEBUG:colcon.colcon_parallel_executor.executor.parallel:closing loop
[13.035s] DEBUG:colcon.colcon_parallel_executor.executor.parallel:loop closed
[13.035s] DEBUG:colcon.colcon_parallel_executor.executor.parallel:run_until_complete finished with '0'
[13.035s] DEBUG:colcon.colcon_core.event_reactor:joining thread
[13.038s] INFO:colcon.colcon_core.plugin_system:Skipping extension 'colcon_notification.desktop_notification.notify2': 'notify2' not found
[13.038s] INFO:colcon.colcon_core.plugin_system:Skipping extension 'colcon_notification.desktop_notification.notify_send': Could not find 'notify-send'
[13.038s] INFO:colcon.colcon_core.plugin_system:Skipping extension 'colcon_notification.desktop_notification.terminal_notifier': Not used on non-Darwin systems
[13.038s] INFO:colcon.colcon_core.plugin_system:Skipping extension 'colcon_notification.desktop_notification.win32': Not used on non-Windows systems
[13.039s] DEBUG:colcon.colcon_core.event_reactor:joined thread
[13.039s] INFO:colcon.colcon_core.shell:Creating prefix script '/home/andy/ros2_ws/install/local_setup.ps1'
[13.040s] INFO:colcon.colcon_core.shell:Creating prefix util module '/home/andy/ros2_ws/install/_local_setup_util_ps1.py'
[13.041s] INFO:colcon.colcon_core.shell:Creating prefix chain script '/home/andy/ros2_ws/install/setup.ps1'
[13.042s] INFO:colcon.colcon_core.shell:Creating prefix script '/home/andy/ros2_ws/install/local_setup.sh'
[13.043s] INFO:colcon.colcon_core.shell:Creating prefix util module '/home/andy/ros2_ws/install/_local_setup_util_sh.py'
[13.044s] INFO:colcon.colcon_core.shell:Creating prefix chain script '/home/andy/ros2_ws/install/setup.sh'
[13.045s] INFO:colcon.colcon_core.shell:Creating prefix script '/home/andy/ros2_ws/install/local_setup.bash'
[13.045s] INFO:colcon.colcon_core.shell:Creating prefix chain script '/home/andy/ros2_ws/install/setup.bash'
[13.046s] INFO:colcon.colcon_core.shell:Creating prefix script '/home/andy/ros2_ws/install/local_setup.zsh'
[13.047s] INFO:colcon.colcon_core.shell:Creating prefix chain script '/home/andy/ros2_ws/install/setup.zsh'
