[0.019s] Invoking command in '/home/andy/ros2_ws/build/servo_control': CMAKE_PREFIX_PATH=${CMAKE_PREFIX_PATH}:/opt/ros/jazzy /usr/bin/cmake --build /home/andy/ros2_ws/build/servo_control -- -j4 -l4
[0.121s] [ 46%] Built target scservo_lib
[0.174s] [ 60%] Built target servo_node
[0.181s] [ 73%] Built target STServoTests
[0.190s] [ 93%] [32mBuilding CXX object CMakeFiles/moveServo.dir/src/moveServo.cpp.o[0m
[0.190s] [ 93%] Built target servoConfig
[11.909s] [100%] [32m[1mLinking CXX executable moveServo[0m
[12.539s] [100%] Built target moveServo
[12.556s] Invoked command in '/home/andy/ros2_ws/build/servo_control' returned '0': CMAKE_PREFIX_PATH=${CMAKE_PREFIX_PATH}:/opt/ros/jazzy /usr/bin/cmake --build /home/andy/ros2_ws/build/servo_control -- -j4 -l4
[12.571s] Invoking command in '/home/andy/ros2_ws/build/servo_control': CMAKE_PREFIX_PATH=${CMAKE_PREFIX_PATH}:/opt/ros/jazzy /usr/bin/cmake --install /home/andy/ros2_ws/build/servo_control
[12.582s] -- Install configuration: ""
[12.583s] -- Up-to-date: /home/andy/ros2_ws/install/servo_control/lib/servo_control/servo_node
[12.583s] -- Up-to-date: /home/andy/ros2_ws/install/servo_control/lib/servo_control/STServoTests
[12.583s] -- Installing: /home/andy/ros2_ws/install/servo_control/lib/servo_control/moveServo
[12.592s] -- Set non-toolchain portion of runtime path of "/home/andy/ros2_ws/install/servo_control/lib/servo_control/moveServo" to ""
[12.592s] -- Up-to-date: /home/andy/ros2_ws/install/servo_control/lib/servo_control/servoConfig
[12.592s] -- Up-to-date: /home/andy/ros2_ws/install/servo_control/share/ament_index/resource_index/package_run_dependencies/servo_control
[12.592s] -- Up-to-date: /home/andy/ros2_ws/install/servo_control/share/ament_index/resource_index/parent_prefix_path/servo_control
[12.592s] -- Up-to-date: /home/andy/ros2_ws/install/servo_control/share/servo_control/environment/ament_prefix_path.sh
[12.593s] -- Up-to-date: /home/andy/ros2_ws/install/servo_control/share/servo_control/environment/ament_prefix_path.dsv
[12.593s] -- Up-to-date: /home/andy/ros2_ws/install/servo_control/share/servo_control/environment/path.sh
[12.593s] -- Up-to-date: /home/andy/ros2_ws/install/servo_control/share/servo_control/environment/path.dsv
[12.593s] -- Up-to-date: /home/andy/ros2_ws/install/servo_control/share/servo_control/local_setup.bash
[12.593s] -- Up-to-date: /home/andy/ros2_ws/install/servo_control/share/servo_control/local_setup.sh
[12.593s] -- Up-to-date: /home/andy/ros2_ws/install/servo_control/share/servo_control/local_setup.zsh
[12.593s] -- Up-to-date: /home/andy/ros2_ws/install/servo_control/share/servo_control/local_setup.dsv
[12.593s] -- Installing: /home/andy/ros2_ws/install/servo_control/share/servo_control/package.dsv
[12.593s] -- Up-to-date: /home/andy/ros2_ws/install/servo_control/share/ament_index/resource_index/packages/servo_control
[12.593s] -- Up-to-date: /home/andy/ros2_ws/install/servo_control/share/servo_control/cmake/servo_controlConfig.cmake
[12.593s] -- Up-to-date: /home/andy/ros2_ws/install/servo_control/share/servo_control/cmake/servo_controlConfig-version.cmake
[12.594s] -- Up-to-date: /home/andy/ros2_ws/install/servo_control/share/servo_control/package.xml
[12.596s] Invoked command in '/home/andy/ros2_ws/build/servo_control' returned '0': CMAKE_PREFIX_PATH=${CMAKE_PREFIX_PATH}:/opt/ros/jazzy /usr/bin/cmake --install /home/andy/ros2_ws/build/servo_control
