-- Found ament_cmake: 2.5.3 (/opt/ros/jazzy/share/ament_cmake/cmake)
-- Found rclcpp: 28.1.8 (/opt/ros/jazzy/share/rclcpp/cmake)
-- Found rosidl_generator_c: 4.6.5 (/opt/ros/jazzy/share/rosidl_generator_c/cmake)
-- Found rosidl_generator_cpp: 4.6.5 (/opt/ros/jazzy/share/rosidl_generator_cpp/cmake)
-- Using all available rosidl_typesupport_c: rosidl_typesupport_fastrtps_c;rosidl_typesupport_introspection_c
-- Using all available rosidl_typesupport_cpp: rosidl_typesupport_fastrtps_cpp;rosidl_typesupport_introspection_cpp
-- Found rmw_implementation_cmake: 7.3.2 (/opt/ros/jazzy/share/rmw_implementation_cmake/cmake)
-- Found rmw_fastrtps_cpp: 8.4.2 (/opt/ros/jazzy/share/rmw_fastrtps_cpp/cmake)
-- Using RMW implementation 'rmw_fastrtps_cpp' as default
-- Configuring done (1.1s)
-- Generating done (0.0s)
-- Build files have been written to: /root/ros2_ws/build/servo_control
[ 22%] [32mBuilding CXX object CMakeFiles/scservo_lib.dir/src/lib/SCSCL.cpp.o[0m
[ 22%] [32mBuilding CXX object CMakeFiles/scservo_lib.dir/src/lib/SCS.cpp.o[0m
[ 33%] [32mBuilding CXX object CMakeFiles/scservo_lib.dir/src/lib/SMSBL.cpp.o[0m
[ 44%] [32mBuilding CXX object CMakeFiles/scservo_lib.dir/src/lib/SCSerial.cpp.o[0m
[ 55%] [32mBuilding CXX object CMakeFiles/scservo_lib.dir/src/lib/SMSCL.cpp.o[0m
[ 66%] [32mBuilding CXX object CMakeFiles/scservo_lib.dir/src/lib/SMS_STS.cpp.o[0m
[ 77%] [32m[1mLinking CXX static library libscservo_lib.a[0m
[ 77%] Built target scservo_lib
[ 88%] [32mBuilding CXX object CMakeFiles/servo_node.dir/src/servo_node.cpp.o[0m
[100%] [32m[1mLinking CXX executable servo_node[0m
[100%] Built target servo_node
-- Install configuration: ""
-- Installing: /root/ros2_ws/install/servo_control/lib/servo_control/servo_node
-- Set non-toolchain portion of runtime path of "/root/ros2_ws/install/servo_control/lib/servo_control/servo_node" to ""
-- Installing: /root/ros2_ws/install/servo_control/share/ament_index/resource_index/package_run_dependencies/servo_control
-- Installing: /root/ros2_ws/install/servo_control/share/ament_index/resource_index/parent_prefix_path/servo_control
-- Installing: /root/ros2_ws/install/servo_control/share/servo_control/environment/ament_prefix_path.sh
-- Installing: /root/ros2_ws/install/servo_control/share/servo_control/environment/ament_prefix_path.dsv
-- Installing: /root/ros2_ws/install/servo_control/share/servo_control/environment/path.sh
-- Installing: /root/ros2_ws/install/servo_control/share/servo_control/environment/path.dsv
-- Installing: /root/ros2_ws/install/servo_control/share/servo_control/local_setup.bash
-- Installing: /root/ros2_ws/install/servo_control/share/servo_control/local_setup.sh
-- Installing: /root/ros2_ws/install/servo_control/share/servo_control/local_setup.zsh
-- Installing: /root/ros2_ws/install/servo_control/share/servo_control/local_setup.dsv
-- Installing: /root/ros2_ws/install/servo_control/share/servo_control/package.dsv
-- Installing: /root/ros2_ws/install/servo_control/share/ament_index/resource_index/packages/servo_control
-- Installing: /root/ros2_ws/install/servo_control/share/servo_control/cmake/servo_controlConfig.cmake
-- Installing: /root/ros2_ws/install/servo_control/share/servo_control/cmake/servo_controlConfig-version.cmake
-- Installing: /root/ros2_ws/install/servo_control/share/servo_control/package.xml
