[0.020s] Invoking command in '/root/ros2_ws/build/servo_control': CMAKE_PREFIX_PATH=/opt/ros/jazzy /usr/bin/cmake /root/ros2_ws/src/servo_control -DCMAKE_INSTALL_PREFIX=/root/ros2_ws/install/servo_control
[0.048s] -- Found ament_cmake: 2.5.3 (/opt/ros/jazzy/share/ament_cmake/cmake)
[0.448s] -- Found rclcpp: 28.1.8 (/opt/ros/jazzy/share/rclcpp/cmake)
[0.496s] -- Found rosidl_generator_c: 4.6.5 (/opt/ros/jazzy/share/rosidl_generator_c/cmake)
[0.517s] -- Found rosidl_generator_cpp: 4.6.5 (/opt/ros/jazzy/share/rosidl_generator_cpp/cmake)
[0.542s] -- Using all available rosidl_typesupport_c: rosidl_typesupport_fastrtps_c;rosidl_typesupport_introspection_c
[0.572s] -- Using all available rosidl_typesupport_cpp: rosidl_typesupport_fastrtps_cpp;rosidl_typesupport_introspection_cpp
[0.703s] -- Found rmw_implementation_cmake: 7.3.2 (/opt/ros/jazzy/share/rmw_implementation_cmake/cmake)
[0.706s] -- Found rmw_fastrtps_cpp: 8.4.2 (/opt/ros/jazzy/share/rmw_fastrtps_cpp/cmake)
[0.832s] -- Using RMW implementation 'rmw_fastrtps_cpp' as default
[1.156s] -- Configuring done (1.1s)
[1.179s] -- Generating done (0.0s)
[1.187s] -- Build files have been written to: /root/ros2_ws/build/servo_control
[1.200s] Invoked command in '/root/ros2_ws/build/servo_control' returned '0': CMAKE_PREFIX_PATH=/opt/ros/jazzy /usr/bin/cmake /root/ros2_ws/src/servo_control -DCMAKE_INSTALL_PREFIX=/root/ros2_ws/install/servo_control
[1.203s] Invoking command in '/root/ros2_ws/build/servo_control': CMAKE_PREFIX_PATH=/opt/ros/jazzy /usr/bin/cmake --build /root/ros2_ws/build/servo_control -- -j4 -l4
[1.307s] [ 22%] [32mBuilding CXX object CMakeFiles/scservo_lib.dir/src/lib/SCSCL.cpp.o[0m
[1.308s] [ 22%] [32mBuilding CXX object CMakeFiles/scservo_lib.dir/src/lib/SCS.cpp.o[0m
[1.308s] [ 33%] [32mBuilding CXX object CMakeFiles/scservo_lib.dir/src/lib/SMSBL.cpp.o[0m
[1.310s] [ 44%] [32mBuilding CXX object CMakeFiles/scservo_lib.dir/src/lib/SCSerial.cpp.o[0m
[1.453s] [ 55%] [32mBuilding CXX object CMakeFiles/scservo_lib.dir/src/lib/SMSCL.cpp.o[0m
[1.462s] [ 66%] [32mBuilding CXX object CMakeFiles/scservo_lib.dir/src/lib/SMS_STS.cpp.o[0m
[1.584s] [ 77%] [32m[1mLinking CXX static library libscservo_lib.a[0m
[1.659s] [ 77%] Built target scservo_lib
[1.700s] [ 88%] [32mBuilding CXX object CMakeFiles/servo_node.dir/src/servo_node.cpp.o[0m
[2.579s] [100%] [32m[1mLinking CXX executable servo_node[0m
[2.817s] [100%] Built target servo_node
[2.838s] Invoked command in '/root/ros2_ws/build/servo_control' returned '0': CMAKE_PREFIX_PATH=/opt/ros/jazzy /usr/bin/cmake --build /root/ros2_ws/build/servo_control -- -j4 -l4
[2.857s] Invoking command in '/root/ros2_ws/build/servo_control': CMAKE_PREFIX_PATH=/opt/ros/jazzy /usr/bin/cmake --install /root/ros2_ws/build/servo_control
[2.872s] -- Install configuration: ""
[2.872s] -- Installing: /root/ros2_ws/install/servo_control/lib/servo_control/servo_node
[2.873s] -- Set non-toolchain portion of runtime path of "/root/ros2_ws/install/servo_control/lib/servo_control/servo_node" to ""
[2.874s] -- Installing: /root/ros2_ws/install/servo_control/share/ament_index/resource_index/package_run_dependencies/servo_control
[2.874s] -- Installing: /root/ros2_ws/install/servo_control/share/ament_index/resource_index/parent_prefix_path/servo_control
[2.874s] -- Installing: /root/ros2_ws/install/servo_control/share/servo_control/environment/ament_prefix_path.sh
[2.874s] -- Installing: /root/ros2_ws/install/servo_control/share/servo_control/environment/ament_prefix_path.dsv
[2.875s] -- Installing: /root/ros2_ws/install/servo_control/share/servo_control/environment/path.sh
[2.875s] -- Installing: /root/ros2_ws/install/servo_control/share/servo_control/environment/path.dsv
[2.875s] -- Installing: /root/ros2_ws/install/servo_control/share/servo_control/local_setup.bash
[2.875s] -- Installing: /root/ros2_ws/install/servo_control/share/servo_control/local_setup.sh
[2.875s] -- Installing: /root/ros2_ws/install/servo_control/share/servo_control/local_setup.zsh
[2.876s] -- Installing: /root/ros2_ws/install/servo_control/share/servo_control/local_setup.dsv
[2.876s] -- Installing: /root/ros2_ws/install/servo_control/share/servo_control/package.dsv
[2.876s] -- Installing: /root/ros2_ws/install/servo_control/share/ament_index/resource_index/packages/servo_control
[2.876s] -- Installing: /root/ros2_ws/install/servo_control/share/servo_control/cmake/servo_controlConfig.cmake
[2.877s] -- Installing: /root/ros2_ws/install/servo_control/share/servo_control/cmake/servo_controlConfig-version.cmake
[2.877s] -- Installing: /root/ros2_ws/install/servo_control/share/servo_control/package.xml
[2.881s] Invoked command in '/root/ros2_ws/build/servo_control' returned '0': CMAKE_PREFIX_PATH=/opt/ros/jazzy /usr/bin/cmake --install /root/ros2_ws/build/servo_control
