[0.407s] DEBUG:colcon:Command line arguments: ['/usr/local/bin/colcon', 'build']
[0.408s] DEBUG:colcon:Parsed command line arguments: Namespace(log_base=None, log_level=None, verb_name='build', build_base='build', install_base='install', merge_install=False, symlink_install=False, test_result_base=None, continue_on_error=False, executor='parallel', parallel_workers=4, event_handlers=None, ignore_user_meta=False, metas=['./colcon.meta'], base_paths=['.'], packages_ignore=None, packages_ignore_regex=None, paths=None, packages_up_to=None, packages_up_to_regex=None, packages_above=None, packages_above_and_dependencies=None, packages_above_depth=None, packages_select_by_dep=None, packages_skip_by_dep=None, packages_skip_up_to=None, packages_select_build_failed=False, packages_skip_build_finished=False, packages_select_test_failures=False, packages_skip_test_passed=False, packages_select=None, packages_skip=None, packages_select_regex=None, packages_skip_regex=None, packages_start=None, packages_end=None, cmake_args=None, cmake_target=None, cmake_target_skip_unavailable=False, cmake_clean_cache=False, cmake_clean_first=False, cmake_force_configure=False, ament_cmake_args=None, catkin_cmake_args=None, catkin_skip_building_tests=False, verb_parser=<colcon_defaults.argument_parser.defaults.DefaultArgumentsDecorator object at 0xffff9924fb00>, verb_extension=<colcon_core.verb.build.BuildVerb object at 0xffff9a05b080>, main=<bound method BuildVerb.main of <colcon_core.verb.build.BuildVerb object at 0xffff9a05b080>>)
[0.508s] Level 1:colcon.colcon_core.package_discovery:discover_packages(colcon_meta) check parameters
[0.508s] Level 1:colcon.colcon_core.package_discovery:discover_packages(recursive) check parameters
[0.508s] Level 1:colcon.colcon_core.package_discovery:discover_packages(ignore) check parameters
[0.508s] Level 1:colcon.colcon_core.package_discovery:discover_packages(path) check parameters
[0.508s] Level 1:colcon.colcon_core.package_discovery:discover_packages(colcon_meta) discover
[0.508s] Level 1:colcon.colcon_core.package_discovery:discover_packages(recursive) discover
[0.509s] INFO:colcon.colcon_core.package_discovery:Crawling recursively for packages in '/home/andy/ros2_ws'
[0.509s] Level 1:colcon.colcon_core.package_identification:_identify(.) by extensions ['ignore', 'ignore_ament_install']
[0.509s] Level 1:colcon.colcon_core.package_identification:_identify(.) by extension 'ignore'
[0.509s] Level 1:colcon.colcon_core.package_identification:_identify(.) by extension 'ignore_ament_install'
[0.509s] Level 1:colcon.colcon_core.package_identification:_identify(.) by extensions ['colcon_pkg']
[0.509s] Level 1:colcon.colcon_core.package_identification:_identify(.) by extension 'colcon_pkg'
[0.509s] Level 1:colcon.colcon_core.package_identification:_identify(.) by extensions ['colcon_meta']
[0.509s] Level 1:colcon.colcon_core.package_identification:_identify(.) by extension 'colcon_meta'
[0.509s] Level 1:colcon.colcon_core.package_identification:_identify(.) by extensions ['ros']
[0.509s] Level 1:colcon.colcon_core.package_identification:_identify(.) by extension 'ros'
[0.571s] Level 1:colcon.colcon_core.package_identification:_identify(.) by extensions ['cmake', 'python']
[0.572s] Level 1:colcon.colcon_core.package_identification:_identify(.) by extension 'cmake'
[0.572s] Level 1:colcon.colcon_core.package_identification:_identify(.) by extension 'python'
[0.572s] Level 1:colcon.colcon_core.package_identification:_identify(.) by extensions ['python_setup_py']
[0.572s] Level 1:colcon.colcon_core.package_identification:_identify(.) by extension 'python_setup_py'
[0.572s] Level 1:colcon.colcon_core.package_identification:_identify(build) by extensions ['ignore', 'ignore_ament_install']
[0.572s] Level 1:colcon.colcon_core.package_identification:_identify(build) by extension 'ignore'
[0.572s] Level 1:colcon.colcon_core.package_identification:_identify(build) ignored
[0.572s] Level 1:colcon.colcon_core.package_identification:_identify(install) by extensions ['ignore', 'ignore_ament_install']
[0.573s] Level 1:colcon.colcon_core.package_identification:_identify(install) by extension 'ignore'
[0.573s] Level 1:colcon.colcon_core.package_identification:_identify(install) ignored
[0.573s] Level 1:colcon.colcon_core.package_identification:_identify(log) by extensions ['ignore', 'ignore_ament_install']
[0.573s] Level 1:colcon.colcon_core.package_identification:_identify(log) by extension 'ignore'
[0.573s] Level 1:colcon.colcon_core.package_identification:_identify(log) ignored
[0.573s] Level 1:colcon.colcon_core.package_identification:_identify(src) by extensions ['ignore', 'ignore_ament_install']
[0.574s] Level 1:colcon.colcon_core.package_identification:_identify(src) by extension 'ignore'
[0.574s] Level 1:colcon.colcon_core.package_identification:_identify(src) by extension 'ignore_ament_install'
[0.574s] Level 1:colcon.colcon_core.package_identification:_identify(src) by extensions ['colcon_pkg']
[0.574s] Level 1:colcon.colcon_core.package_identification:_identify(src) by extension 'colcon_pkg'
[0.574s] Level 1:colcon.colcon_core.package_identification:_identify(src) by extensions ['colcon_meta']
[0.574s] Level 1:colcon.colcon_core.package_identification:_identify(src) by extension 'colcon_meta'
[0.574s] Level 1:colcon.colcon_core.package_identification:_identify(src) by extensions ['ros']
[0.574s] Level 1:colcon.colcon_core.package_identification:_identify(src) by extension 'ros'
[0.574s] Level 1:colcon.colcon_core.package_identification:_identify(src) by extensions ['cmake', 'python']
[0.574s] Level 1:colcon.colcon_core.package_identification:_identify(src) by extension 'cmake'
[0.574s] Level 1:colcon.colcon_core.package_identification:_identify(src) by extension 'python'
[0.574s] Level 1:colcon.colcon_core.package_identification:_identify(src) by extensions ['python_setup_py']
[0.574s] Level 1:colcon.colcon_core.package_identification:_identify(src) by extension 'python_setup_py'
[0.574s] Level 1:colcon.colcon_core.package_identification:_identify(src/servo_control) by extensions ['ignore', 'ignore_ament_install']
[0.575s] Level 1:colcon.colcon_core.package_identification:_identify(src/servo_control) by extension 'ignore'
[0.575s] Level 1:colcon.colcon_core.package_identification:_identify(src/servo_control) by extension 'ignore_ament_install'
[0.575s] Level 1:colcon.colcon_core.package_identification:_identify(src/servo_control) by extensions ['colcon_pkg']
[0.575s] Level 1:colcon.colcon_core.package_identification:_identify(src/servo_control) by extension 'colcon_pkg'
[0.575s] Level 1:colcon.colcon_core.package_identification:_identify(src/servo_control) by extensions ['colcon_meta']
[0.575s] Level 1:colcon.colcon_core.package_identification:_identify(src/servo_control) by extension 'colcon_meta'
[0.575s] Level 1:colcon.colcon_core.package_identification:_identify(src/servo_control) by extensions ['ros']
[0.575s] Level 1:colcon.colcon_core.package_identification:_identify(src/servo_control) by extension 'ros'
[0.581s] DEBUG:colcon.colcon_core.package_identification:Package 'src/servo_control' with type 'ros.ament_cmake' and name 'servo_control'
[0.581s] Level 1:colcon.colcon_core.package_discovery:discover_packages(recursive) using defaults
[0.581s] Level 1:colcon.colcon_core.package_discovery:discover_packages(ignore) discover
[0.581s] Level 1:colcon.colcon_core.package_discovery:discover_packages(ignore) using defaults
[0.581s] Level 1:colcon.colcon_core.package_discovery:discover_packages(path) discover
[0.581s] Level 1:colcon.colcon_core.package_discovery:discover_packages(path) using defaults
[0.628s] Level 5:colcon.colcon_core.verb:set package 'servo_control' build argument 'cmake_args' from command line to 'None'
[0.628s] Level 5:colcon.colcon_core.verb:set package 'servo_control' build argument 'cmake_target' from command line to 'None'
[0.628s] Level 5:colcon.colcon_core.verb:set package 'servo_control' build argument 'cmake_target_skip_unavailable' from command line to 'False'
[0.628s] Level 5:colcon.colcon_core.verb:set package 'servo_control' build argument 'cmake_clean_cache' from command line to 'False'
[0.628s] Level 5:colcon.colcon_core.verb:set package 'servo_control' build argument 'cmake_clean_first' from command line to 'False'
[0.628s] Level 5:colcon.colcon_core.verb:set package 'servo_control' build argument 'cmake_force_configure' from command line to 'False'
[0.628s] Level 5:colcon.colcon_core.verb:set package 'servo_control' build argument 'ament_cmake_args' from command line to 'None'
[0.628s] Level 5:colcon.colcon_core.verb:set package 'servo_control' build argument 'catkin_cmake_args' from command line to 'None'
[0.628s] Level 5:colcon.colcon_core.verb:set package 'servo_control' build argument 'catkin_skip_building_tests' from command line to 'False'
[0.628s] DEBUG:colcon.colcon_core.verb:Building package 'servo_control' with the following arguments: {'ament_cmake_args': None, 'build_base': '/home/andy/ros2_ws/build/servo_control', 'catkin_cmake_args': None, 'catkin_skip_building_tests': False, 'cmake_args': None, 'cmake_clean_cache': False, 'cmake_clean_first': False, 'cmake_force_configure': False, 'cmake_target': None, 'cmake_target_skip_unavailable': False, 'install_base': '/home/andy/ros2_ws/install/servo_control', 'merge_install': False, 'path': '/home/andy/ros2_ws/src/servo_control', 'symlink_install': False, 'test_result_base': None}
[0.628s] INFO:colcon.colcon_core.executor:Executing jobs using 'parallel' executor
[0.630s] DEBUG:colcon.colcon_parallel_executor.executor.parallel:run_until_complete
[0.630s] INFO:colcon.colcon_ros.task.ament_cmake.build:Building ROS package in '/home/andy/ros2_ws/src/servo_control' with build type 'ament_cmake'
[0.630s] INFO:colcon.colcon_cmake.task.cmake.build:Building CMake package in '/home/andy/ros2_ws/src/servo_control'
[0.638s] INFO:colcon.colcon_core.plugin_system:Skipping extension 'colcon_core.shell.bat': Not used on non-Windows systems
[0.638s] INFO:colcon.colcon_core.shell:Skip shell extension 'powershell' for command environment: Not usable outside of PowerShell
[0.638s] DEBUG:colcon.colcon_core.shell:Skip shell extension 'dsv' for command environment
[0.656s] DEBUG:colcon.colcon_core.event_handler.log_command:Invoking command in '/home/andy/ros2_ws/build/servo_control': CMAKE_PREFIX_PATH=${CMAKE_PREFIX_PATH}:/opt/ros/jazzy /usr/bin/cmake --build /home/andy/ros2_ws/build/servo_control -- -j4 -l4
[16.478s] DEBUG:colcon.colcon_core.event_handler.log_command:Invoked command in '/home/andy/ros2_ws/build/servo_control' returned '0': CMAKE_PREFIX_PATH=${CMAKE_PREFIX_PATH}:/opt/ros/jazzy /usr/bin/cmake --build /home/andy/ros2_ws/build/servo_control -- -j4 -l4
[16.494s] DEBUG:colcon.colcon_core.event_handler.log_command:Invoking command in '/home/andy/ros2_ws/build/servo_control': CMAKE_PREFIX_PATH=${CMAKE_PREFIX_PATH}:/opt/ros/jazzy /usr/bin/cmake --install /home/andy/ros2_ws/build/servo_control
[16.540s] Level 1:colcon.colcon_core.environment:create_environment_scripts_only(servo_control)
[16.541s] DEBUG:colcon.colcon_core.event_handler.log_command:Invoked command in '/home/andy/ros2_ws/build/servo_control' returned '0': CMAKE_PREFIX_PATH=${CMAKE_PREFIX_PATH}:/opt/ros/jazzy /usr/bin/cmake --install /home/andy/ros2_ws/build/servo_control
[16.547s] Level 1:colcon.colcon_core.environment:checking '/home/andy/ros2_ws/install/servo_control' for CMake module files
[16.547s] Level 1:colcon.colcon_core.environment:checking '/home/andy/ros2_ws/install/servo_control' for CMake config files
[16.548s] Level 1:colcon.colcon_core.shell:create_environment_hook('servo_control', 'cmake_prefix_path')
[16.548s] INFO:colcon.colcon_core.shell:Creating environment hook '/home/andy/ros2_ws/install/servo_control/share/servo_control/hook/cmake_prefix_path.ps1'
[16.549s] INFO:colcon.colcon_core.shell:Creating environment descriptor '/home/andy/ros2_ws/install/servo_control/share/servo_control/hook/cmake_prefix_path.dsv'
[16.550s] INFO:colcon.colcon_core.shell:Creating environment hook '/home/andy/ros2_ws/install/servo_control/share/servo_control/hook/cmake_prefix_path.sh'
[16.552s] Level 1:colcon.colcon_core.environment:checking '/home/andy/ros2_ws/install/servo_control/lib'
[16.552s] Level 1:colcon.colcon_core.environment:checking '/home/andy/ros2_ws/install/servo_control/bin'
[16.552s] Level 1:colcon.colcon_core.environment:checking '/home/andy/ros2_ws/install/servo_control/lib/pkgconfig/servo_control.pc'
[16.556s] Level 1:colcon.colcon_core.environment:checking '/home/andy/ros2_ws/install/servo_control/lib/python3.12/site-packages'
[16.556s] Level 1:colcon.colcon_core.environment:checking '/home/andy/ros2_ws/install/servo_control/bin'
[16.557s] INFO:colcon.colcon_core.shell:Creating package script '/home/andy/ros2_ws/install/servo_control/share/servo_control/package.ps1'
[16.558s] INFO:colcon.colcon_core.shell:Creating package descriptor '/home/andy/ros2_ws/install/servo_control/share/servo_control/package.dsv'
[16.559s] INFO:colcon.colcon_core.shell:Creating package script '/home/andy/ros2_ws/install/servo_control/share/servo_control/package.sh'
[16.560s] INFO:colcon.colcon_core.shell:Creating package script '/home/andy/ros2_ws/install/servo_control/share/servo_control/package.bash'
[16.562s] INFO:colcon.colcon_core.shell:Creating package script '/home/andy/ros2_ws/install/servo_control/share/servo_control/package.zsh'
[16.563s] Level 1:colcon.colcon_core.environment:create_file_with_runtime_dependencies(/home/andy/ros2_ws/install/servo_control/share/colcon-core/packages/servo_control)
[16.563s] Level 1:colcon.colcon_core.environment:create_environment_scripts_only(servo_control)
[16.564s] Level 1:colcon.colcon_core.environment:checking '/home/andy/ros2_ws/install/servo_control' for CMake module files
[16.564s] Level 1:colcon.colcon_core.environment:checking '/home/andy/ros2_ws/install/servo_control' for CMake config files
[16.565s] Level 1:colcon.colcon_core.shell:create_environment_hook('servo_control', 'cmake_prefix_path')
[16.565s] INFO:colcon.colcon_core.shell:Creating environment hook '/home/andy/ros2_ws/install/servo_control/share/servo_control/hook/cmake_prefix_path.ps1'
[16.565s] INFO:colcon.colcon_core.shell:Creating environment descriptor '/home/andy/ros2_ws/install/servo_control/share/servo_control/hook/cmake_prefix_path.dsv'
[16.566s] INFO:colcon.colcon_core.shell:Creating environment hook '/home/andy/ros2_ws/install/servo_control/share/servo_control/hook/cmake_prefix_path.sh'
[16.566s] Level 1:colcon.colcon_core.environment:checking '/home/andy/ros2_ws/install/servo_control/lib'
[16.566s] Level 1:colcon.colcon_core.environment:checking '/home/andy/ros2_ws/install/servo_control/bin'
[16.566s] Level 1:colcon.colcon_core.environment:checking '/home/andy/ros2_ws/install/servo_control/lib/pkgconfig/servo_control.pc'
[16.567s] Level 1:colcon.colcon_core.environment:checking '/home/andy/ros2_ws/install/servo_control/lib/python3.12/site-packages'
[16.567s] Level 1:colcon.colcon_core.environment:checking '/home/andy/ros2_ws/install/servo_control/bin'
[16.567s] INFO:colcon.colcon_core.shell:Creating package script '/home/andy/ros2_ws/install/servo_control/share/servo_control/package.ps1'
[16.568s] INFO:colcon.colcon_core.shell:Creating package descriptor '/home/andy/ros2_ws/install/servo_control/share/servo_control/package.dsv'
[16.569s] INFO:colcon.colcon_core.shell:Creating package script '/home/andy/ros2_ws/install/servo_control/share/servo_control/package.sh'
[16.569s] INFO:colcon.colcon_core.shell:Creating package script '/home/andy/ros2_ws/install/servo_control/share/servo_control/package.bash'
[16.570s] INFO:colcon.colcon_core.shell:Creating package script '/home/andy/ros2_ws/install/servo_control/share/servo_control/package.zsh'
[16.570s] Level 1:colcon.colcon_core.environment:create_file_with_runtime_dependencies(/home/andy/ros2_ws/install/servo_control/share/colcon-core/packages/servo_control)
[16.570s] DEBUG:colcon.colcon_parallel_executor.executor.parallel:closing loop
[16.571s] DEBUG:colcon.colcon_parallel_executor.executor.parallel:loop closed
[16.571s] DEBUG:colcon.colcon_parallel_executor.executor.parallel:run_until_complete finished with '0'
[16.571s] DEBUG:colcon.colcon_core.event_reactor:joining thread
[16.575s] INFO:colcon.colcon_core.plugin_system:Skipping extension 'colcon_notification.desktop_notification.notify2': 'notify2' not found
[16.575s] INFO:colcon.colcon_core.plugin_system:Skipping extension 'colcon_notification.desktop_notification.notify_send': Could not find 'notify-send'
[16.575s] INFO:colcon.colcon_core.plugin_system:Skipping extension 'colcon_notification.desktop_notification.terminal_notifier': Not used on non-Darwin systems
[16.575s] INFO:colcon.colcon_core.plugin_system:Skipping extension 'colcon_notification.desktop_notification.win32': Not used on non-Windows systems
[16.575s] DEBUG:colcon.colcon_core.event_reactor:joined thread
[16.576s] INFO:colcon.colcon_core.shell:Creating prefix script '/home/andy/ros2_ws/install/local_setup.ps1'
[16.577s] INFO:colcon.colcon_core.shell:Creating prefix util module '/home/andy/ros2_ws/install/_local_setup_util_ps1.py'
[16.579s] INFO:colcon.colcon_core.shell:Creating prefix chain script '/home/andy/ros2_ws/install/setup.ps1'
[16.580s] INFO:colcon.colcon_core.shell:Creating prefix script '/home/andy/ros2_ws/install/local_setup.sh'
[16.582s] INFO:colcon.colcon_core.shell:Creating prefix util module '/home/andy/ros2_ws/install/_local_setup_util_sh.py'
[16.582s] INFO:colcon.colcon_core.shell:Creating prefix chain script '/home/andy/ros2_ws/install/setup.sh'
[16.585s] INFO:colcon.colcon_core.shell:Creating prefix script '/home/andy/ros2_ws/install/local_setup.bash'
[16.586s] INFO:colcon.colcon_core.shell:Creating prefix chain script '/home/andy/ros2_ws/install/setup.bash'
[16.587s] INFO:colcon.colcon_core.shell:Creating prefix script '/home/andy/ros2_ws/install/local_setup.zsh'
[16.588s] INFO:colcon.colcon_core.shell:Creating prefix chain script '/home/andy/ros2_ws/install/setup.zsh'
