[0.020s] Invoking command in '/home/andy/ros2_ws/build/servo_control': CMAKE_PREFIX_PATH=${CMAKE_PREFIX_PATH}:/opt/ros/jazzy /usr/bin/cmake --build /home/andy/ros2_ws/build/servo_control -- -j4 -l4
[0.127s] [ 33%] Built target scservo_lib
[0.180s] [ 52%] Built target servo_node
[0.181s] [ 52%] Built target STServoTests
[0.191s] [ 57%] [32mBuilding CXX object CMakeFiles/servoConfig.dir/src/servoConfig.cpp.o[0m
[0.212s] [ 61%] [32mBuilding CXX object CMakeFiles/moveServo.dir/src/moveServo.cpp.o[0m
[0.248s] [ 66%] [32mBuilding CXX object CMakeFiles/servoFeedback.dir/src/servoFeedback.cpp.o[0m
[0.251s] [ 71%] [32mBuilding CXX object CMakeFiles/servoRepair.dir/src/servoRepair.cpp.o[0m
[15.849s] [ 76%] [32m[1mLinking CXX executable moveServo[0m
[16.636s] [ 80%] [32m[1mLinking CXX executable servoFeedback[0m
[16.760s] [ 85%] [32m[1mLinking CXX executable servoRepair[0m
[16.912s] [ 90%] [32m[1mLinking CXX executable servoConfig[0m
[17.051s] [ 90%] Built target moveServo
[17.207s] [100%] Built target changeId
[17.962s] [100%] Built target servoFeedback
[18.025s] [100%] Built target servoRepair
[18.089s] [100%] Built target servoConfig
[18.106s] Invoked command in '/home/andy/ros2_ws/build/servo_control' returned '0': CMAKE_PREFIX_PATH=${CMAKE_PREFIX_PATH}:/opt/ros/jazzy /usr/bin/cmake --build /home/andy/ros2_ws/build/servo_control -- -j4 -l4
[18.121s] Invoking command in '/home/andy/ros2_ws/build/servo_control': CMAKE_PREFIX_PATH=${CMAKE_PREFIX_PATH}:/opt/ros/jazzy /usr/bin/cmake --install /home/andy/ros2_ws/build/servo_control
[18.132s] -- Install configuration: ""
[18.132s] -- Up-to-date: /home/andy/ros2_ws/install/servo_control/lib/servo_control/servo_node
[18.133s] -- Up-to-date: /home/andy/ros2_ws/install/servo_control/lib/servo_control/STServoTests
[18.133s] -- Installing: /home/andy/ros2_ws/install/servo_control/lib/servo_control/moveServo
[18.143s] -- Set non-toolchain portion of runtime path of "/home/andy/ros2_ws/install/servo_control/lib/servo_control/moveServo" to ""
[18.143s] -- Installing: /home/andy/ros2_ws/install/servo_control/lib/servo_control/servoConfig
[18.152s] -- Set non-toolchain portion of runtime path of "/home/andy/ros2_ws/install/servo_control/lib/servo_control/servoConfig" to ""
[18.152s] -- Up-to-date: /home/andy/ros2_ws/install/servo_control/lib/servo_control/changeId
[18.153s] -- Installing: /home/andy/ros2_ws/install/servo_control/lib/servo_control/servoFeedback
[18.161s] -- Set non-toolchain portion of runtime path of "/home/andy/ros2_ws/install/servo_control/lib/servo_control/servoFeedback" to ""
[18.161s] -- Installing: /home/andy/ros2_ws/install/servo_control/lib/servo_control/servoRepair
[18.169s] -- Set non-toolchain portion of runtime path of "/home/andy/ros2_ws/install/servo_control/lib/servo_control/servoRepair" to ""
[18.170s] -- Up-to-date: /home/andy/ros2_ws/install/servo_control/share/ament_index/resource_index/package_run_dependencies/servo_control
[18.170s] -- Up-to-date: /home/andy/ros2_ws/install/servo_control/share/ament_index/resource_index/parent_prefix_path/servo_control
[18.170s] -- Up-to-date: /home/andy/ros2_ws/install/servo_control/share/servo_control/environment/ament_prefix_path.sh
[18.170s] -- Up-to-date: /home/andy/ros2_ws/install/servo_control/share/servo_control/environment/ament_prefix_path.dsv
[18.170s] -- Up-to-date: /home/andy/ros2_ws/install/servo_control/share/servo_control/environment/path.sh
[18.170s] -- Up-to-date: /home/andy/ros2_ws/install/servo_control/share/servo_control/environment/path.dsv
[18.170s] -- Up-to-date: /home/andy/ros2_ws/install/servo_control/share/servo_control/local_setup.bash
[18.170s] -- Up-to-date: /home/andy/ros2_ws/install/servo_control/share/servo_control/local_setup.sh
[18.170s] -- Up-to-date: /home/andy/ros2_ws/install/servo_control/share/servo_control/local_setup.zsh
[18.171s] -- Up-to-date: /home/andy/ros2_ws/install/servo_control/share/servo_control/local_setup.dsv
[18.171s] -- Installing: /home/andy/ros2_ws/install/servo_control/share/servo_control/package.dsv
[18.171s] -- Up-to-date: /home/andy/ros2_ws/install/servo_control/share/ament_index/resource_index/packages/servo_control
[18.171s] -- Up-to-date: /home/andy/ros2_ws/install/servo_control/share/servo_control/cmake/servo_controlConfig.cmake
[18.171s] -- Up-to-date: /home/andy/ros2_ws/install/servo_control/share/servo_control/cmake/servo_controlConfig-version.cmake
[18.171s] -- Up-to-date: /home/andy/ros2_ws/install/servo_control/share/servo_control/package.xml
[18.174s] Invoked command in '/home/andy/ros2_ws/build/servo_control' returned '0': CMAKE_PREFIX_PATH=${CMAKE_PREFIX_PATH}:/opt/ros/jazzy /usr/bin/cmake --install /home/andy/ros2_ws/build/servo_control
