[0.000000] (-) TimerEvent: {}
[0.001244] (servo_control) JobQueued: {'identifier': 'servo_control', 'dependencies': OrderedDict()}
[0.001389] (servo_control) JobStarted: {'identifier': 'servo_control'}
[0.016202] (servo_control) JobProgress: {'identifier': 'servo_control', 'progress': 'cmake'}
[0.017453] (servo_control) JobProgress: {'identifier': 'servo_control', 'progress': 'build'}
[0.018638] (servo_control) Command: {'cmd': ['/usr/bin/cmake', '--build', '/home/andy/ros2_ws/build/servo_control', '--', '-j4', '-l4'], 'cwd': '/home/andy/ros2_ws/build/servo_control', 'env': OrderedDict({'HOSTNAME': 'PipeBot', 'SHLVL': '0', 'LD_LIBRARY_PATH': '/opt/ros/jazzy/lib/aarch64-linux-gnu:/opt/ros/jazzy/lib', 'HOME': '/home/andy', 'ROS_PYTHON_VERSION': '3', 'LC_CTYPE': 'C.UTF-8', 'COLCON_PREFIX_PATH': '/home/andy/ros2_ws/install', 'ROS_DISTRO': 'jazzy', '_': '/usr/local/bin/colcon', 'ROS_VERSION': '2', 'TERM': 'xterm', 'PATH': '/opt/ros/jazzy/bin:/usr/local/sbin:/usr/local/bin:/usr/sbin:/usr/bin:/sbin:/bin', 'AMENT_PREFIX_PATH': '/home/andy/ros2_ws/install/servo_control:/opt/ros/jazzy', 'DEBIAN_FRONTEND': 'noninteractive', 'ROS_AUTOMATIC_DISCOVERY_RANGE': 'SUBNET', 'PWD': '/home/andy/ros2_ws/build/servo_control', 'PYTHONPATH': '/opt/ros/jazzy/lib/python3.12/site-packages', 'COLCON': '1', 'CMAKE_PREFIX_PATH': '/home/andy/ros2_ws/install/servo_control:/opt/ros/jazzy'}), 'shell': False}
[0.099493] (-) TimerEvent: {}
[0.127651] (servo_control) StdoutLine: {'line': b'[ 46%] Built target scservo_lib\n'}
[0.182633] (servo_control) StdoutLine: {'line': b'[ 73%] Built target STServoTests\n'}
[0.183016] (servo_control) StdoutLine: {'line': b'[ 73%] Built target servo_node\n'}
[0.191835] (servo_control) StdoutLine: {'line': b'[ 86%] Built target moveServo\n'}
[0.199622] (-) TimerEvent: {}
[0.200933] (servo_control) StdoutLine: {'line': b'[ 93%] \x1b[32mBuilding CXX object CMakeFiles/servoConfig.dir/src/servoConfig.cpp.o\x1b[0m\n'}
[0.299767] (-) TimerEvent: {}
[0.400164] (-) TimerEvent: {}
[0.500554] (-) TimerEvent: {}
[0.600963] (-) TimerEvent: {}
[0.701350] (-) TimerEvent: {}
[0.801763] (-) TimerEvent: {}
[0.902159] (-) TimerEvent: {}
[1.002553] (-) TimerEvent: {}
[1.102974] (-) TimerEvent: {}
[1.203367] (-) TimerEvent: {}
[1.303769] (-) TimerEvent: {}
[1.404149] (-) TimerEvent: {}
[1.504539] (-) TimerEvent: {}
[1.604948] (-) TimerEvent: {}
[1.705336] (-) TimerEvent: {}
[1.805727] (-) TimerEvent: {}
[1.906087] (-) TimerEvent: {}
[2.006453] (-) TimerEvent: {}
[2.106838] (-) TimerEvent: {}
[2.207197] (-) TimerEvent: {}
[2.307564] (-) TimerEvent: {}
[2.407942] (-) TimerEvent: {}
[2.508301] (-) TimerEvent: {}
[2.608656] (-) TimerEvent: {}
[2.709041] (-) TimerEvent: {}
[2.809406] (-) TimerEvent: {}
[2.909768] (-) TimerEvent: {}
[3.010127] (-) TimerEvent: {}
[3.110477] (-) TimerEvent: {}
[3.210921] (-) TimerEvent: {}
[3.311323] (-) TimerEvent: {}
[3.411667] (-) TimerEvent: {}
[3.512038] (-) TimerEvent: {}
[3.612405] (-) TimerEvent: {}
[3.712769] (-) TimerEvent: {}
[3.813134] (-) TimerEvent: {}
[3.913495] (-) TimerEvent: {}
[4.013874] (-) TimerEvent: {}
[4.114237] (-) TimerEvent: {}
[4.214625] (-) TimerEvent: {}
[4.315015] (-) TimerEvent: {}
[4.415364] (-) TimerEvent: {}
[4.515725] (-) TimerEvent: {}
[4.616083] (-) TimerEvent: {}
[4.716432] (-) TimerEvent: {}
[4.816781] (-) TimerEvent: {}
[4.917130] (-) TimerEvent: {}
[5.017513] (-) TimerEvent: {}
[5.117889] (-) TimerEvent: {}
[5.218236] (-) TimerEvent: {}
[5.318597] (-) TimerEvent: {}
[5.418976] (-) TimerEvent: {}
[5.519332] (-) TimerEvent: {}
[5.619712] (-) TimerEvent: {}
[5.720068] (-) TimerEvent: {}
[5.820420] (-) TimerEvent: {}
[5.920766] (-) TimerEvent: {}
[6.021105] (-) TimerEvent: {}
[6.121433] (-) TimerEvent: {}
[6.221768] (-) TimerEvent: {}
[6.322097] (-) TimerEvent: {}
[6.422425] (-) TimerEvent: {}
[6.522767] (-) TimerEvent: {}
[6.623104] (-) TimerEvent: {}
[6.723436] (-) TimerEvent: {}
[6.823769] (-) TimerEvent: {}
[6.924099] (-) TimerEvent: {}
[7.024429] (-) TimerEvent: {}
[7.124902] (-) TimerEvent: {}
[7.225259] (-) TimerEvent: {}
[7.325611] (-) TimerEvent: {}
[7.425959] (-) TimerEvent: {}
[7.526333] (-) TimerEvent: {}
[7.626675] (-) TimerEvent: {}
[7.727025] (-) TimerEvent: {}
[7.827374] (-) TimerEvent: {}
[7.927721] (-) TimerEvent: {}
[8.028031] (-) TimerEvent: {}
[8.128345] (-) TimerEvent: {}
[8.228645] (-) TimerEvent: {}
[8.328987] (-) TimerEvent: {}
[8.429298] (-) TimerEvent: {}
[8.529608] (-) TimerEvent: {}
[8.629943] (-) TimerEvent: {}
[8.730263] (-) TimerEvent: {}
[8.830580] (-) TimerEvent: {}
[8.930920] (-) TimerEvent: {}
[9.031225] (-) TimerEvent: {}
[9.131524] (-) TimerEvent: {}
[9.231858] (-) TimerEvent: {}
[9.332178] (-) TimerEvent: {}
[9.432497] (-) TimerEvent: {}
[9.532803] (-) TimerEvent: {}
[9.633107] (-) TimerEvent: {}
[9.733421] (-) TimerEvent: {}
[9.833748] (-) TimerEvent: {}
[9.934059] (-) TimerEvent: {}
[10.034383] (-) TimerEvent: {}
[10.134728] (-) TimerEvent: {}
[10.235056] (-) TimerEvent: {}
[10.335373] (-) TimerEvent: {}
[10.435687] (-) TimerEvent: {}
[10.536018] (-) TimerEvent: {}
[10.636328] (-) TimerEvent: {}
[10.736636] (-) TimerEvent: {}
[10.836941] (-) TimerEvent: {}
[10.937318] (-) TimerEvent: {}
[11.037666] (-) TimerEvent: {}
[11.138069] (-) TimerEvent: {}
[11.238416] (-) TimerEvent: {}
[11.338794] (-) TimerEvent: {}
[11.439215] (-) TimerEvent: {}
[11.539596] (-) TimerEvent: {}
[11.639991] (-) TimerEvent: {}
[11.650685] (servo_control) StdoutLine: {'line': b'[100%] \x1b[32m\x1b[1mLinking CXX executable servoConfig\x1b[0m\n'}
[11.740278] (-) TimerEvent: {}
[11.841075] (-) TimerEvent: {}
[11.942001] (-) TimerEvent: {}
[12.042628] (-) TimerEvent: {}
[12.142979] (-) TimerEvent: {}
[12.243309] (-) TimerEvent: {}
[12.253555] (servo_control) StdoutLine: {'line': b'[100%] Built target servoConfig\n'}
[12.270336] (servo_control) CommandEnded: {'returncode': 0}
[12.271024] (servo_control) JobProgress: {'identifier': 'servo_control', 'progress': 'install'}
[12.283571] (servo_control) Command: {'cmd': ['/usr/bin/cmake', '--install', '/home/andy/ros2_ws/build/servo_control'], 'cwd': '/home/andy/ros2_ws/build/servo_control', 'env': OrderedDict({'HOSTNAME': 'PipeBot', 'SHLVL': '0', 'LD_LIBRARY_PATH': '/opt/ros/jazzy/lib/aarch64-linux-gnu:/opt/ros/jazzy/lib', 'HOME': '/home/andy', 'ROS_PYTHON_VERSION': '3', 'LC_CTYPE': 'C.UTF-8', 'COLCON_PREFIX_PATH': '/home/andy/ros2_ws/install', 'ROS_DISTRO': 'jazzy', '_': '/usr/local/bin/colcon', 'ROS_VERSION': '2', 'TERM': 'xterm', 'PATH': '/opt/ros/jazzy/bin:/usr/local/sbin:/usr/local/bin:/usr/sbin:/usr/bin:/sbin:/bin', 'AMENT_PREFIX_PATH': '/home/andy/ros2_ws/install/servo_control:/opt/ros/jazzy', 'DEBIAN_FRONTEND': 'noninteractive', 'ROS_AUTOMATIC_DISCOVERY_RANGE': 'SUBNET', 'PWD': '/home/andy/ros2_ws/build/servo_control', 'PYTHONPATH': '/opt/ros/jazzy/lib/python3.12/site-packages', 'COLCON': '1', 'CMAKE_PREFIX_PATH': '/home/andy/ros2_ws/install/servo_control:/opt/ros/jazzy'}), 'shell': False}
[12.295641] (servo_control) StdoutLine: {'line': b'-- Install configuration: ""\n'}
[12.295923] (servo_control) StdoutLine: {'line': b'-- Up-to-date: /home/andy/ros2_ws/install/servo_control/lib/servo_control/servo_node\n'}
[12.296355] (servo_control) StdoutLine: {'line': b'-- Up-to-date: /home/andy/ros2_ws/install/servo_control/lib/servo_control/STServoTests\n'}
[12.296773] (servo_control) StdoutLine: {'line': b'-- Up-to-date: /home/andy/ros2_ws/install/servo_control/lib/servo_control/moveServo\n'}
[12.297200] (servo_control) StdoutLine: {'line': b'-- Installing: /home/andy/ros2_ws/install/servo_control/lib/servo_control/servoConfig\n'}
[12.305704] (servo_control) StdoutLine: {'line': b'-- Set non-toolchain portion of runtime path of "/home/andy/ros2_ws/install/servo_control/lib/servo_control/servoConfig" to ""\n'}
[12.305894] (servo_control) StdoutLine: {'line': b'-- Up-to-date: /home/andy/ros2_ws/install/servo_control/share/ament_index/resource_index/package_run_dependencies/servo_control\n'}
[12.305979] (servo_control) StdoutLine: {'line': b'-- Up-to-date: /home/andy/ros2_ws/install/servo_control/share/ament_index/resource_index/parent_prefix_path/servo_control\n'}
[12.306086] (servo_control) StdoutLine: {'line': b'-- Up-to-date: /home/andy/ros2_ws/install/servo_control/share/servo_control/environment/ament_prefix_path.sh\n'}
[12.306213] (servo_control) StdoutLine: {'line': b'-- Up-to-date: /home/andy/ros2_ws/install/servo_control/share/servo_control/environment/ament_prefix_path.dsv\n'}
[12.306295] (servo_control) StdoutLine: {'line': b'-- Up-to-date: /home/andy/ros2_ws/install/servo_control/share/servo_control/environment/path.sh\n'}
[12.306377] (servo_control) StdoutLine: {'line': b'-- Up-to-date: /home/andy/ros2_ws/install/servo_control/share/servo_control/environment/path.dsv\n'}
[12.306457] (servo_control) StdoutLine: {'line': b'-- Up-to-date: /home/andy/ros2_ws/install/servo_control/share/servo_control/local_setup.bash\n'}
[12.306591] (servo_control) StdoutLine: {'line': b'-- Up-to-date: /home/andy/ros2_ws/install/servo_control/share/servo_control/local_setup.sh\n'}
[12.306676] (servo_control) StdoutLine: {'line': b'-- Up-to-date: /home/andy/ros2_ws/install/servo_control/share/servo_control/local_setup.zsh\n'}
[12.306798] (servo_control) StdoutLine: {'line': b'-- Up-to-date: /home/andy/ros2_ws/install/servo_control/share/servo_control/local_setup.dsv\n'}
[12.306875] (servo_control) StdoutLine: {'line': b'-- Installing: /home/andy/ros2_ws/install/servo_control/share/servo_control/package.dsv\n'}
[12.306946] (servo_control) StdoutLine: {'line': b'-- Up-to-date: /home/andy/ros2_ws/install/servo_control/share/ament_index/resource_index/packages/servo_control\n'}
[12.307017] (servo_control) StdoutLine: {'line': b'-- Up-to-date: /home/andy/ros2_ws/install/servo_control/share/servo_control/cmake/servo_controlConfig.cmake\n'}
[12.307092] (servo_control) StdoutLine: {'line': b'-- Up-to-date: /home/andy/ros2_ws/install/servo_control/share/servo_control/cmake/servo_controlConfig-version.cmake\n'}
[12.307195] (servo_control) StdoutLine: {'line': b'-- Up-to-date: /home/andy/ros2_ws/install/servo_control/share/servo_control/package.xml\n'}
[12.309569] (servo_control) CommandEnded: {'returncode': 0}
[12.332028] (servo_control) JobEnded: {'identifier': 'servo_control', 'rc': 0}
[12.333010] (-) EventReactorShutdown: {}
