[0.000000] (-) TimerEvent: {}
[0.000894] (servo_control) JobQueued: {'identifier': 'servo_control', 'dependencies': OrderedDict()}
[0.000982] (servo_control) JobStarted: {'identifier': 'servo_control'}
[0.016438] (servo_control) JobProgress: {'identifier': 'servo_control', 'progress': 'cmake'}
[0.017652] (servo_control) JobProgress: {'identifier': 'servo_control', 'progress': 'build'}
[0.018834] (servo_control) Command: {'cmd': ['/usr/bin/cmake', '--build', '/home/andy/ros2_ws/build/servo_control', '--', '-j4', '-l4'], 'cwd': '/home/andy/ros2_ws/build/servo_control', 'env': OrderedDict({'HOSTNAME': 'PipeBot', 'SHLVL': '0', 'LD_LIBRARY_PATH': '/opt/ros/jazzy/lib/aarch64-linux-gnu:/opt/ros/jazzy/lib', 'HOME': '/home/andy', 'ROS_PYTHON_VERSION': '3', 'LC_CTYPE': 'C.UTF-8', 'COLCON_PREFIX_PATH': '/home/andy/ros2_ws/install', 'ROS_DISTRO': 'jazzy', '_': '/usr/local/bin/colcon', 'ROS_VERSION': '2', 'TERM': 'xterm', 'PATH': '/opt/ros/jazzy/bin:/usr/local/sbin:/usr/local/bin:/usr/sbin:/usr/bin:/sbin:/bin', 'AMENT_PREFIX_PATH': '/home/andy/ros2_ws/install/servo_control:/opt/ros/jazzy', 'DEBIAN_FRONTEND': 'noninteractive', 'ROS_AUTOMATIC_DISCOVERY_RANGE': 'SUBNET', 'PWD': '/home/andy/ros2_ws/build/servo_control', 'PYTHONPATH': '/opt/ros/jazzy/lib/python3.12/site-packages', 'COLCON': '1', 'CMAKE_PREFIX_PATH': '/home/andy/ros2_ws/install/servo_control:/opt/ros/jazzy'}), 'shell': False}
[0.099583] (-) TimerEvent: {}
[0.128505] (servo_control) StdoutLine: {'line': b'[ 46%] Built target scservo_lib\n'}
[0.182622] (servo_control) StdoutLine: {'line': b'[ 73%] Built target servo_node\n'}
[0.183023] (servo_control) StdoutLine: {'line': b'[ 73%] Built target STServoTests\n'}
[0.191919] (servo_control) StdoutLine: {'line': b'[ 86%] Built target moveServo\n'}
[0.199704] (-) TimerEvent: {}
[0.201160] (servo_control) StdoutLine: {'line': b'[ 93%] \x1b[32mBuilding CXX object CMakeFiles/servoConfig.dir/src/servoConfig.cpp.o\x1b[0m\n'}
[0.299837] (-) TimerEvent: {}
[0.400261] (-) TimerEvent: {}
[0.500647] (-) TimerEvent: {}
[0.601020] (-) TimerEvent: {}
[0.701387] (-) TimerEvent: {}
[0.801770] (-) TimerEvent: {}
[0.902167] (-) TimerEvent: {}
[1.002575] (-) TimerEvent: {}
[1.102973] (-) TimerEvent: {}
[1.203372] (-) TimerEvent: {}
[1.303779] (-) TimerEvent: {}
[1.404193] (-) TimerEvent: {}
[1.504571] (-) TimerEvent: {}
[1.604961] (-) TimerEvent: {}
[1.705295] (-) TimerEvent: {}
[1.805649] (-) TimerEvent: {}
[1.906000] (-) TimerEvent: {}
[2.006347] (-) TimerEvent: {}
[2.106697] (-) TimerEvent: {}
[2.207050] (-) TimerEvent: {}
[2.307395] (-) TimerEvent: {}
[2.407739] (-) TimerEvent: {}
[2.508118] (-) TimerEvent: {}
[2.608468] (-) TimerEvent: {}
[2.708827] (-) TimerEvent: {}
[2.809197] (-) TimerEvent: {}
[2.909540] (-) TimerEvent: {}
[3.009886] (-) TimerEvent: {}
[3.110252] (-) TimerEvent: {}
[3.210609] (-) TimerEvent: {}
[3.310948] (-) TimerEvent: {}
[3.411279] (-) TimerEvent: {}
[3.511617] (-) TimerEvent: {}
[3.611985] (-) TimerEvent: {}
[3.712332] (-) TimerEvent: {}
[3.812684] (-) TimerEvent: {}
[3.913037] (-) TimerEvent: {}
[4.013375] (-) TimerEvent: {}
[4.113726] (-) TimerEvent: {}
[4.214101] (-) TimerEvent: {}
[4.314451] (-) TimerEvent: {}
[4.414805] (-) TimerEvent: {}
[4.515177] (-) TimerEvent: {}
[4.615531] (-) TimerEvent: {}
[4.715880] (-) TimerEvent: {}
[4.816242] (-) TimerEvent: {}
[4.916593] (-) TimerEvent: {}
[5.016980] (-) TimerEvent: {}
[5.117317] (-) TimerEvent: {}
[5.217657] (-) TimerEvent: {}
[5.317996] (-) TimerEvent: {}
[5.418346] (-) TimerEvent: {}
[5.518698] (-) TimerEvent: {}
[5.619046] (-) TimerEvent: {}
[5.719398] (-) TimerEvent: {}
[5.819765] (-) TimerEvent: {}
[5.920137] (-) TimerEvent: {}
[6.020453] (-) TimerEvent: {}
[6.120773] (-) TimerEvent: {}
[6.221106] (-) TimerEvent: {}
[6.321421] (-) TimerEvent: {}
[6.421742] (-) TimerEvent: {}
[6.522077] (-) TimerEvent: {}
[6.622378] (-) TimerEvent: {}
[6.722697] (-) TimerEvent: {}
[6.823024] (-) TimerEvent: {}
[6.923350] (-) TimerEvent: {}
[7.023661] (-) TimerEvent: {}
[7.124016] (-) TimerEvent: {}
[7.224348] (-) TimerEvent: {}
[7.324684] (-) TimerEvent: {}
[7.425014] (-) TimerEvent: {}
[7.525368] (-) TimerEvent: {}
[7.625684] (-) TimerEvent: {}
[7.726001] (-) TimerEvent: {}
[7.826331] (-) TimerEvent: {}
[7.926632] (-) TimerEvent: {}
[8.026976] (-) TimerEvent: {}
[8.127291] (-) TimerEvent: {}
[8.227592] (-) TimerEvent: {}
[8.327902] (-) TimerEvent: {}
[8.428229] (-) TimerEvent: {}
[8.528542] (-) TimerEvent: {}
[8.628848] (-) TimerEvent: {}
[8.729155] (-) TimerEvent: {}
[8.829455] (-) TimerEvent: {}
[8.929761] (-) TimerEvent: {}
[9.030074] (-) TimerEvent: {}
[9.130373] (-) TimerEvent: {}
[9.230670] (-) TimerEvent: {}
[9.330988] (-) TimerEvent: {}
[9.431293] (-) TimerEvent: {}
[9.531598] (-) TimerEvent: {}
[9.631908] (-) TimerEvent: {}
[9.732241] (-) TimerEvent: {}
[9.832532] (-) TimerEvent: {}
[9.932834] (-) TimerEvent: {}
[10.033172] (-) TimerEvent: {}
[10.133478] (-) TimerEvent: {}
[10.233775] (-) TimerEvent: {}
[10.334110] (-) TimerEvent: {}
[10.434414] (-) TimerEvent: {}
[10.534720] (-) TimerEvent: {}
[10.635012] (-) TimerEvent: {}
[10.735313] (-) TimerEvent: {}
[10.835620] (-) TimerEvent: {}
[10.935985] (-) TimerEvent: {}
[11.036306] (-) TimerEvent: {}
[11.136614] (-) TimerEvent: {}
[11.236947] (-) TimerEvent: {}
[11.337281] (-) TimerEvent: {}
[11.437622] (-) TimerEvent: {}
[11.537991] (-) TimerEvent: {}
[11.567418] (servo_control) StdoutLine: {'line': b'[100%] \x1b[32m\x1b[1mLinking CXX executable servoConfig\x1b[0m\n'}
[11.638131] (-) TimerEvent: {}
[11.738567] (-) TimerEvent: {}
[11.839013] (-) TimerEvent: {}
[11.939380] (-) TimerEvent: {}
[12.039696] (-) TimerEvent: {}
[12.121997] (servo_control) StdoutLine: {'line': b'[100%] Built target servoConfig\n'}
[12.138400] (servo_control) CommandEnded: {'returncode': 0}
[12.139078] (servo_control) JobProgress: {'identifier': 'servo_control', 'progress': 'install'}
[12.139750] (-) TimerEvent: {}
[12.153049] (servo_control) Command: {'cmd': ['/usr/bin/cmake', '--install', '/home/andy/ros2_ws/build/servo_control'], 'cwd': '/home/andy/ros2_ws/build/servo_control', 'env': OrderedDict({'HOSTNAME': 'PipeBot', 'SHLVL': '0', 'LD_LIBRARY_PATH': '/opt/ros/jazzy/lib/aarch64-linux-gnu:/opt/ros/jazzy/lib', 'HOME': '/home/andy', 'ROS_PYTHON_VERSION': '3', 'LC_CTYPE': 'C.UTF-8', 'COLCON_PREFIX_PATH': '/home/andy/ros2_ws/install', 'ROS_DISTRO': 'jazzy', '_': '/usr/local/bin/colcon', 'ROS_VERSION': '2', 'TERM': 'xterm', 'PATH': '/opt/ros/jazzy/bin:/usr/local/sbin:/usr/local/bin:/usr/sbin:/usr/bin:/sbin:/bin', 'AMENT_PREFIX_PATH': '/home/andy/ros2_ws/install/servo_control:/opt/ros/jazzy', 'DEBIAN_FRONTEND': 'noninteractive', 'ROS_AUTOMATIC_DISCOVERY_RANGE': 'SUBNET', 'PWD': '/home/andy/ros2_ws/build/servo_control', 'PYTHONPATH': '/opt/ros/jazzy/lib/python3.12/site-packages', 'COLCON': '1', 'CMAKE_PREFIX_PATH': '/home/andy/ros2_ws/install/servo_control:/opt/ros/jazzy'}), 'shell': False}
[12.164295] (servo_control) StdoutLine: {'line': b'-- Install configuration: ""\n'}
[12.164572] (servo_control) StdoutLine: {'line': b'-- Up-to-date: /home/andy/ros2_ws/install/servo_control/lib/servo_control/servo_node\n'}
[12.165006] (servo_control) StdoutLine: {'line': b'-- Up-to-date: /home/andy/ros2_ws/install/servo_control/lib/servo_control/STServoTests\n'}
[12.165411] (servo_control) StdoutLine: {'line': b'-- Up-to-date: /home/andy/ros2_ws/install/servo_control/lib/servo_control/moveServo\n'}
[12.165848] (servo_control) StdoutLine: {'line': b'-- Installing: /home/andy/ros2_ws/install/servo_control/lib/servo_control/servoConfig\n'}
[12.174937] (servo_control) StdoutLine: {'line': b'-- Set non-toolchain portion of runtime path of "/home/andy/ros2_ws/install/servo_control/lib/servo_control/servoConfig" to ""\n'}
[12.175132] (servo_control) StdoutLine: {'line': b'-- Up-to-date: /home/andy/ros2_ws/install/servo_control/share/ament_index/resource_index/package_run_dependencies/servo_control\n'}
[12.175221] (servo_control) StdoutLine: {'line': b'-- Up-to-date: /home/andy/ros2_ws/install/servo_control/share/ament_index/resource_index/parent_prefix_path/servo_control\n'}
[12.175330] (servo_control) StdoutLine: {'line': b'-- Up-to-date: /home/andy/ros2_ws/install/servo_control/share/servo_control/environment/ament_prefix_path.sh\n'}
[12.175453] (servo_control) StdoutLine: {'line': b'-- Up-to-date: /home/andy/ros2_ws/install/servo_control/share/servo_control/environment/ament_prefix_path.dsv\n'}
[12.175537] (servo_control) StdoutLine: {'line': b'-- Up-to-date: /home/andy/ros2_ws/install/servo_control/share/servo_control/environment/path.sh\n'}
[12.175621] (servo_control) StdoutLine: {'line': b'-- Up-to-date: /home/andy/ros2_ws/install/servo_control/share/servo_control/environment/path.dsv\n'}
[12.175702] (servo_control) StdoutLine: {'line': b'-- Up-to-date: /home/andy/ros2_ws/install/servo_control/share/servo_control/local_setup.bash\n'}
[12.175807] (servo_control) StdoutLine: {'line': b'-- Up-to-date: /home/andy/ros2_ws/install/servo_control/share/servo_control/local_setup.sh\n'}
[12.175964] (servo_control) StdoutLine: {'line': b'-- Up-to-date: /home/andy/ros2_ws/install/servo_control/share/servo_control/local_setup.zsh\n'}
[12.176115] (servo_control) StdoutLine: {'line': b'-- Up-to-date: /home/andy/ros2_ws/install/servo_control/share/servo_control/local_setup.dsv\n'}
[12.176201] (servo_control) StdoutLine: {'line': b'-- Installing: /home/andy/ros2_ws/install/servo_control/share/servo_control/package.dsv\n'}
[12.176279] (servo_control) StdoutLine: {'line': b'-- Up-to-date: /home/andy/ros2_ws/install/servo_control/share/ament_index/resource_index/packages/servo_control\n'}
[12.176355] (servo_control) StdoutLine: {'line': b'-- Up-to-date: /home/andy/ros2_ws/install/servo_control/share/servo_control/cmake/servo_controlConfig.cmake\n'}
[12.176428] (servo_control) StdoutLine: {'line': b'-- Up-to-date: /home/andy/ros2_ws/install/servo_control/share/servo_control/cmake/servo_controlConfig-version.cmake\n'}
[12.176501] (servo_control) StdoutLine: {'line': b'-- Up-to-date: /home/andy/ros2_ws/install/servo_control/share/servo_control/package.xml\n'}
[12.178467] (servo_control) CommandEnded: {'returncode': 0}
[12.199830] (servo_control) JobEnded: {'identifier': 'servo_control', 'rc': 0}
[12.200783] (-) EventReactorShutdown: {}
