[0.021s] Invoking command in '/home/andy/ros2_ws/build/servo_control': CMAKE_PREFIX_PATH=${CMAKE_PREFIX_PATH}:/opt/ros/jazzy /usr/bin/cmake --build /home/andy/ros2_ws/build/servo_control -- -j4 -l4
[0.128s] [ 33%] Built target scservo_lib
[0.183s] [ 52%] Built target servo_node
[0.183s] [ 52%] Built target STServoTests
[0.193s] [ 61%] Built target servoConfig
[0.208s] [ 66%] [32mBuilding CXX object CMakeFiles/moveServo.dir/src/moveServo.cpp.o[0m
[0.247s] [ 85%] Built target servoFeedback
[0.247s] [ 85%] Built target servoRepair
[0.260s] [ 95%] Built target changeId
[11.665s] [100%] [32m[1mLinking CXX executable moveServo[0m
[12.303s] [100%] Built target moveServo
[12.320s] Invoked command in '/home/andy/ros2_ws/build/servo_control' returned '0': CMAKE_PREFIX_PATH=${CMAKE_PREFIX_PATH}:/opt/ros/jazzy /usr/bin/cmake --build /home/andy/ros2_ws/build/servo_control -- -j4 -l4
[12.334s] Invoking command in '/home/andy/ros2_ws/build/servo_control': CMAKE_PREFIX_PATH=${CMAKE_PREFIX_PATH}:/opt/ros/jazzy /usr/bin/cmake --install /home/andy/ros2_ws/build/servo_control
[12.346s] -- Install configuration: ""
[12.346s] -- Up-to-date: /home/andy/ros2_ws/install/servo_control/lib/servo_control/servo_node
[12.346s] -- Up-to-date: /home/andy/ros2_ws/install/servo_control/lib/servo_control/STServoTests
[12.347s] -- Installing: /home/andy/ros2_ws/install/servo_control/lib/servo_control/moveServo
[12.356s] -- Set non-toolchain portion of runtime path of "/home/andy/ros2_ws/install/servo_control/lib/servo_control/moveServo" to ""
[12.356s] -- Up-to-date: /home/andy/ros2_ws/install/servo_control/lib/servo_control/servoConfig
[12.357s] -- Up-to-date: /home/andy/ros2_ws/install/servo_control/lib/servo_control/changeId
[12.357s] -- Up-to-date: /home/andy/ros2_ws/install/servo_control/lib/servo_control/servoFeedback
[12.358s] -- Up-to-date: /home/andy/ros2_ws/install/servo_control/lib/servo_control/servoRepair
[12.358s] -- Up-to-date: /home/andy/ros2_ws/install/servo_control/share/ament_index/resource_index/package_run_dependencies/servo_control
[12.358s] -- Up-to-date: /home/andy/ros2_ws/install/servo_control/share/ament_index/resource_index/parent_prefix_path/servo_control
[12.358s] -- Up-to-date: /home/andy/ros2_ws/install/servo_control/share/servo_control/environment/ament_prefix_path.sh
[12.358s] -- Up-to-date: /home/andy/ros2_ws/install/servo_control/share/servo_control/environment/ament_prefix_path.dsv
[12.359s] -- Up-to-date: /home/andy/ros2_ws/install/servo_control/share/servo_control/environment/path.sh
[12.359s] -- Up-to-date: /home/andy/ros2_ws/install/servo_control/share/servo_control/environment/path.dsv
[12.359s] -- Up-to-date: /home/andy/ros2_ws/install/servo_control/share/servo_control/local_setup.bash
[12.359s] -- Up-to-date: /home/andy/ros2_ws/install/servo_control/share/servo_control/local_setup.sh
[12.359s] -- Up-to-date: /home/andy/ros2_ws/install/servo_control/share/servo_control/local_setup.zsh
[12.359s] -- Up-to-date: /home/andy/ros2_ws/install/servo_control/share/servo_control/local_setup.dsv
[12.359s] -- Installing: /home/andy/ros2_ws/install/servo_control/share/servo_control/package.dsv
[12.359s] -- Up-to-date: /home/andy/ros2_ws/install/servo_control/share/ament_index/resource_index/packages/servo_control
[12.359s] -- Up-to-date: /home/andy/ros2_ws/install/servo_control/share/servo_control/cmake/servo_controlConfig.cmake
[12.359s] -- Up-to-date: /home/andy/ros2_ws/install/servo_control/share/servo_control/cmake/servo_controlConfig-version.cmake
[12.359s] -- Up-to-date: /home/andy/ros2_ws/install/servo_control/share/servo_control/package.xml
[12.362s] Invoked command in '/home/andy/ros2_ws/build/servo_control' returned '0': CMAKE_PREFIX_PATH=${CMAKE_PREFIX_PATH}:/opt/ros/jazzy /usr/bin/cmake --install /home/andy/ros2_ws/build/servo_control
