[0.000000] (-) TimerEvent: {}
[0.000559] (servo_control) JobQueued: {'identifier': 'servo_control', 'dependencies': OrderedDict()}
[0.000962] (servo_control) JobStarted: {'identifier': 'servo_control'}
[0.015828] (servo_control) JobProgress: {'identifier': 'servo_control', 'progress': 'cmake'}
[0.016986] (servo_control) JobProgress: {'identifier': 'servo_control', 'progress': 'build'}
[0.018175] (servo_control) Command: {'cmd': ['/usr/bin/cmake', '--build', '/home/andy/ros2_ws/build/servo_control', '--', '-j4', '-l4'], 'cwd': '/home/andy/ros2_ws/build/servo_control', 'env': OrderedDict({'HOSTNAME': 'PipeBot', 'SHLVL': '0', 'LD_LIBRARY_PATH': '/opt/ros/jazzy/lib/aarch64-linux-gnu:/opt/ros/jazzy/lib', 'HOME': '/home/andy', 'ROS_PYTHON_VERSION': '3', 'LC_CTYPE': 'C.UTF-8', 'COLCON_PREFIX_PATH': '/home/andy/ros2_ws/install', 'ROS_DISTRO': 'jazzy', '_': '/usr/local/bin/colcon', 'ROS_VERSION': '2', 'TERM': 'xterm', 'PATH': '/opt/ros/jazzy/bin:/usr/local/sbin:/usr/local/bin:/usr/sbin:/usr/bin:/sbin:/bin', 'AMENT_PREFIX_PATH': '/home/andy/ros2_ws/install/servo_control:/opt/ros/jazzy', 'DEBIAN_FRONTEND': 'noninteractive', 'ROS_AUTOMATIC_DISCOVERY_RANGE': 'SUBNET', 'PWD': '/home/andy/ros2_ws/build/servo_control', 'PYTHONPATH': '/opt/ros/jazzy/lib/python3.12/site-packages', 'COLCON': '1', 'CMAKE_PREFIX_PATH': '/home/andy/ros2_ws/install/servo_control:/opt/ros/jazzy'}), 'shell': False}
[0.075181] (servo_control) StdoutLine: {'line': b'-- Found ament_cmake: 2.5.3 (/opt/ros/jazzy/share/ament_cmake/cmake)\n'}
[0.099576] (-) TimerEvent: {}
[0.199951] (-) TimerEvent: {}
[0.300321] (-) TimerEvent: {}
[0.400729] (-) TimerEvent: {}
[0.477000] (servo_control) StdoutLine: {'line': b'-- Found rclcpp: 28.1.8 (/opt/ros/jazzy/share/rclcpp/cmake)\n'}
[0.500846] (-) TimerEvent: {}
[0.524754] (servo_control) StdoutLine: {'line': b'-- Found rosidl_generator_c: 4.6.5 (/opt/ros/jazzy/share/rosidl_generator_c/cmake)\n'}
[0.545427] (servo_control) StdoutLine: {'line': b'-- Found rosidl_generator_cpp: 4.6.5 (/opt/ros/jazzy/share/rosidl_generator_cpp/cmake)\n'}
[0.570554] (servo_control) StdoutLine: {'line': b'-- Using all available rosidl_typesupport_c: rosidl_typesupport_fastrtps_c;rosidl_typesupport_introspection_c\n'}
[0.599778] (servo_control) StdoutLine: {'line': b'-- Using all available rosidl_typesupport_cpp: rosidl_typesupport_fastrtps_cpp;rosidl_typesupport_introspection_cpp\n'}
[0.600916] (-) TimerEvent: {}
[0.701197] (-) TimerEvent: {}
[0.728736] (servo_control) StdoutLine: {'line': b'-- Found rmw_implementation_cmake: 7.3.2 (/opt/ros/jazzy/share/rmw_implementation_cmake/cmake)\n'}
[0.731676] (servo_control) StdoutLine: {'line': b'-- Found rmw_fastrtps_cpp: 8.4.2 (/opt/ros/jazzy/share/rmw_fastrtps_cpp/cmake)\n'}
[0.801288] (-) TimerEvent: {}
[0.856472] (servo_control) StdoutLine: {'line': b"-- Using RMW implementation 'rmw_fastrtps_cpp' as default\n"}
[0.901391] (-) TimerEvent: {}
[0.980038] (servo_control) StdoutLine: {'line': b'-- Found std_msgs: 5.3.6 (/opt/ros/jazzy/share/std_msgs/cmake)\n'}
[1.001480] (-) TimerEvent: {}
[1.101783] (-) TimerEvent: {}
[1.202213] (-) TimerEvent: {}
[1.215464] (servo_control) StdoutLine: {'line': b'-- Configuring done (1.1s)\n'}
[1.282936] (servo_control) StdoutLine: {'line': b'-- Generating done (0.1s)\n'}
[1.302292] (-) TimerEvent: {}
[1.308892] (servo_control) StdoutLine: {'line': b'-- Build files have been written to: /home/andy/ros2_ws/build/servo_control\n'}
[1.385256] (servo_control) StdoutLine: {'line': b'[ 33%] Built target scservo_lib\n'}
[1.402478] (-) TimerEvent: {}
[1.438894] (servo_control) StdoutLine: {'line': b'[ 42%] Built target servo_node\n'}
[1.450850] (servo_control) StdoutLine: {'line': b'[ 52%] Built target STServoTests\n'}
[1.456916] (servo_control) StdoutLine: {'line': b'[ 57%] \x1b[32mBuilding CXX object CMakeFiles/servoConfig.dir/src/servoConfig.cpp.o\x1b[0m\n'}
[1.464312] (servo_control) StdoutLine: {'line': b'[ 66%] Built target moveServo\n'}
[1.491620] (servo_control) StdoutLine: {'line': b'[ 71%] \x1b[32mBuilding CXX object CMakeFiles/servoFeedback.dir/src/servoFeedback.cpp.o\x1b[0m\n'}
[1.500809] (servo_control) StdoutLine: {'line': b'[ 76%] \x1b[32mBuilding CXX object CMakeFiles/servoRepair.dir/src/servoRepair.cpp.o\x1b[0m\n'}
[1.502573] (-) TimerEvent: {}
[1.538948] (servo_control) StdoutLine: {'line': b'[ 85%] Built target changeId\n'}
[1.602755] (-) TimerEvent: {}
[1.704214] (-) TimerEvent: {}
[1.804941] (-) TimerEvent: {}
[1.905838] (-) TimerEvent: {}
[2.006274] (-) TimerEvent: {}
[2.106923] (-) TimerEvent: {}
[2.207454] (-) TimerEvent: {}
[2.309267] (-) TimerEvent: {}
[2.410038] (-) TimerEvent: {}
[2.511587] (-) TimerEvent: {}
[2.612778] (-) TimerEvent: {}
[2.713872] (-) TimerEvent: {}
[2.814619] (-) TimerEvent: {}
[2.915343] (-) TimerEvent: {}
[3.015762] (-) TimerEvent: {}
[3.116722] (-) TimerEvent: {}
[3.217232] (-) TimerEvent: {}
[3.317686] (-) TimerEvent: {}
[3.418180] (-) TimerEvent: {}
[3.519257] (-) TimerEvent: {}
[3.619928] (-) TimerEvent: {}
[3.721376] (-) TimerEvent: {}
[3.821861] (-) TimerEvent: {}
[3.922518] (-) TimerEvent: {}
[4.022971] (-) TimerEvent: {}
[4.124326] (-) TimerEvent: {}
[4.225934] (-) TimerEvent: {}
[4.326386] (-) TimerEvent: {}
[4.427374] (-) TimerEvent: {}
[4.528396] (-) TimerEvent: {}
[4.628904] (-) TimerEvent: {}
[4.729590] (-) TimerEvent: {}
[4.830895] (-) TimerEvent: {}
[4.932922] (-) TimerEvent: {}
[5.033338] (-) TimerEvent: {}
[5.134085] (-) TimerEvent: {}
[5.234747] (-) TimerEvent: {}
[5.335213] (-) TimerEvent: {}
[5.436092] (-) TimerEvent: {}
[5.536762] (-) TimerEvent: {}
[5.637194] (-) TimerEvent: {}
[5.738531] (-) TimerEvent: {}
[5.838994] (-) TimerEvent: {}
[5.939982] (-) TimerEvent: {}
[6.040399] (-) TimerEvent: {}
[6.141156] (-) TimerEvent: {}
[6.142541] (servo_control) StderrLine: {'line': b'\x1b[01m\x1b[K/home/andy/ros2_ws/src/servo_control/src/servoRepair.cpp:\x1b[m\x1b[K In function \xe2\x80\x98\x1b[01m\x1b[Kint\x1b[01;32m\x1b[K main\x1b[m\x1b[K(int, char**)\x1b[m\x1b[K\xe2\x80\x99:\n'}
[6.142965] (servo_control) StderrLine: {'line': b'\x1b[01m\x1b[K/home/andy/ros2_ws/src/servo_control/src/servoRepair.cpp:118:35:\x1b[m\x1b[K \x1b[01;31m\x1b[Kerror: \x1b[m\x1b[K\xe2\x80\x98\x1b[01m\x1b[KServoRepair\x1b[m\x1b[K\xe2\x80\x99 was not declared in this scope; did you mean \xe2\x80\x98\x1b[01m\x1b[KservoRepair\x1b[m\x1b[K\xe2\x80\x99?\n'}
[6.143167] (servo_control) StderrLine: {'line': b'  118 |     rclcpp::spin(std::make_shared<\x1b[01;31m\x1b[KServoRepair\x1b[m\x1b[K>());\n'}
[6.143319] (servo_control) StderrLine: {'line': b'      |                                   \x1b[01;31m\x1b[K^~~~~~~~~~~\x1b[m\x1b[K\n'}
[6.143462] (servo_control) StderrLine: {'line': b'      |                                   \x1b[32m\x1b[KservoRepair\x1b[m\x1b[K\n'}
[6.143605] (servo_control) StderrLine: {'line': b'\x1b[01m\x1b[K/home/andy/ros2_ws/src/servo_control/src/servoRepair.cpp:118:47:\x1b[m\x1b[K \x1b[01;31m\x1b[Kerror: \x1b[m\x1b[Kno matching function for call to \xe2\x80\x98\x1b[01m\x1b[Kmake_shared<<expression error> >()\x1b[m\x1b[K\xe2\x80\x99\n'}
[6.143755] (servo_control) StderrLine: {'line': b'  118 |     rclcpp::spin(\x1b[01;31m\x1b[Kstd::make_shared<ServoRepair>()\x1b[m\x1b[K);\n'}
[6.143956] (servo_control) StderrLine: {'line': b'      |                  \x1b[01;31m\x1b[K~~~~~~~~~~~~~~~~~~~~~~~~~~~~~^~\x1b[m\x1b[K\n'}
[6.144282] (servo_control) StderrLine: {'line': b'In file included from \x1b[01m\x1b[K/usr/include/c++/13/memory:80\x1b[m\x1b[K,\n'}
[6.144440] (servo_control) StderrLine: {'line': b'                 from \x1b[01m\x1b[K/opt/ros/jazzy/include/rclcpp/rclcpp/rclcpp.hpp:169\x1b[m\x1b[K,\n'}
[6.144558] (servo_control) StderrLine: {'line': b'                 from \x1b[01m\x1b[K/home/andy/ros2_ws/src/servo_control/src/servoRepair.cpp:1\x1b[m\x1b[K:\n'}
[6.144681] (servo_control) StderrLine: {'line': b'\x1b[01m\x1b[K/usr/include/c++/13/bits/shared_ptr.h:1005:5:\x1b[m\x1b[K \x1b[01;36m\x1b[Knote: \x1b[m\x1b[Kcandidate: \xe2\x80\x98\x1b[01m\x1b[Ktemplate<class _Tp, class ... _Args> std::shared_ptr<typename std::enable_if<(! std::is_array< <template-parameter-1-1> >::value), _Tp>::type> std::\x1b[01;32m\x1b[Kmake_shared\x1b[m\x1b[K(_Args&& ...)\x1b[m\x1b[K\xe2\x80\x99\n'}
[6.144976] (servo_control) StderrLine: {'line': b' 1005 |     \x1b[01;36m\x1b[Kmake_shared\x1b[m\x1b[K(_Args&&... __args)\n'}
[6.145143] (servo_control) StderrLine: {'line': b'      |     \x1b[01;36m\x1b[K^~~~~~~~~~~\x1b[m\x1b[K\n'}
[6.145267] (servo_control) StderrLine: {'line': b'\x1b[01m\x1b[K/usr/include/c++/13/bits/shared_ptr.h:1005:5:\x1b[m\x1b[K \x1b[01;36m\x1b[Knote: \x1b[m\x1b[K  template argument deduction/substitution failed:\n'}
[6.145390] (servo_control) StderrLine: {'line': b'\x1b[01m\x1b[K/home/andy/ros2_ws/src/servo_control/src/servoRepair.cpp:118:47:\x1b[m\x1b[K \x1b[01;31m\x1b[Kerror: \x1b[m\x1b[Ktemplate argument 1 is invalid\n'}
[6.145510] (servo_control) StderrLine: {'line': b'  118 |     rclcpp::spin(\x1b[01;31m\x1b[Kstd::make_shared<ServoRepair>()\x1b[m\x1b[K);\n'}
[6.145628] (servo_control) StderrLine: {'line': b'      |                  \x1b[01;31m\x1b[K~~~~~~~~~~~~~~~~~~~~~~~~~~~~~^~\x1b[m\x1b[K\n'}
[6.241278] (-) TimerEvent: {}
[6.341682] (-) TimerEvent: {}
[6.442611] (-) TimerEvent: {}
[6.543252] (-) TimerEvent: {}
[6.643692] (-) TimerEvent: {}
[6.744337] (-) TimerEvent: {}
[6.844726] (-) TimerEvent: {}
[6.945392] (-) TimerEvent: {}
[7.045790] (-) TimerEvent: {}
[7.146626] (-) TimerEvent: {}
[7.247286] (-) TimerEvent: {}
[7.347762] (-) TimerEvent: {}
[7.448190] (-) TimerEvent: {}
[7.549067] (-) TimerEvent: {}
[7.649455] (-) TimerEvent: {}
[7.750003] (-) TimerEvent: {}
[7.850828] (-) TimerEvent: {}
[7.952096] (-) TimerEvent: {}
[8.052498] (-) TimerEvent: {}
[8.152895] (-) TimerEvent: {}
[8.253502] (-) TimerEvent: {}
[8.354251] (-) TimerEvent: {}
[8.454748] (-) TimerEvent: {}
[8.556083] (-) TimerEvent: {}
[8.656559] (-) TimerEvent: {}
[8.757393] (-) TimerEvent: {}
[8.858104] (-) TimerEvent: {}
[8.958698] (-) TimerEvent: {}
[9.059223] (-) TimerEvent: {}
[9.159654] (-) TimerEvent: {}
[9.260247] (-) TimerEvent: {}
[9.360791] (-) TimerEvent: {}
[9.378221] (servo_control) StderrLine: {'line': b'gmake[2]: *** [CMakeFiles/servoRepair.dir/build.make:76: CMakeFiles/servoRepair.dir/src/servoRepair.cpp.o] Error 1\n'}
[9.378581] (servo_control) StderrLine: {'line': b'gmake[1]: *** [CMakeFiles/Makefile2:307: CMakeFiles/servoRepair.dir/all] Error 2\n'}
[9.378728] (servo_control) StderrLine: {'line': b'gmake[1]: *** Waiting for unfinished jobs....\n'}
[9.460890] (-) TimerEvent: {}
[9.561316] (-) TimerEvent: {}
[9.661740] (-) TimerEvent: {}
[9.762226] (-) TimerEvent: {}
[9.862610] (-) TimerEvent: {}
[9.963002] (-) TimerEvent: {}
[10.063368] (-) TimerEvent: {}
[10.163755] (-) TimerEvent: {}
[10.264214] (-) TimerEvent: {}
[10.364612] (-) TimerEvent: {}
[10.465061] (-) TimerEvent: {}
[10.565489] (-) TimerEvent: {}
[10.665862] (-) TimerEvent: {}
[10.766213] (-) TimerEvent: {}
[10.866594] (-) TimerEvent: {}
[10.966986] (-) TimerEvent: {}
[11.067346] (-) TimerEvent: {}
[11.167703] (-) TimerEvent: {}
[11.268068] (-) TimerEvent: {}
[11.368433] (-) TimerEvent: {}
[11.468807] (-) TimerEvent: {}
[11.569160] (-) TimerEvent: {}
[11.669510] (-) TimerEvent: {}
[11.769877] (-) TimerEvent: {}
[11.870223] (-) TimerEvent: {}
[11.970591] (-) TimerEvent: {}
[12.070974] (-) TimerEvent: {}
[12.171335] (-) TimerEvent: {}
[12.271680] (-) TimerEvent: {}
[12.372051] (-) TimerEvent: {}
[12.472393] (-) TimerEvent: {}
[12.572754] (-) TimerEvent: {}
[12.673136] (-) TimerEvent: {}
[12.773497] (-) TimerEvent: {}
[12.873856] (-) TimerEvent: {}
[12.974218] (-) TimerEvent: {}
[13.074570] (-) TimerEvent: {}
[13.174918] (-) TimerEvent: {}
[13.275278] (-) TimerEvent: {}
[13.375633] (-) TimerEvent: {}
[13.475990] (-) TimerEvent: {}
[13.576397] (-) TimerEvent: {}
[13.676843] (-) TimerEvent: {}
[13.777258] (-) TimerEvent: {}
[13.877664] (-) TimerEvent: {}
[13.978088] (-) TimerEvent: {}
[14.078471] (-) TimerEvent: {}
[14.178878] (-) TimerEvent: {}
[14.279287] (-) TimerEvent: {}
[14.318998] (servo_control) StdoutLine: {'line': b'[ 90%] \x1b[32m\x1b[1mLinking CXX executable servoFeedback\x1b[0m\n'}
[14.379615] (-) TimerEvent: {}
[14.480997] (-) TimerEvent: {}
[14.581496] (-) TimerEvent: {}
[14.617451] (servo_control) StdoutLine: {'line': b'[ 95%] \x1b[32m\x1b[1mLinking CXX executable servoConfig\x1b[0m\n'}
[14.681719] (-) TimerEvent: {}
[14.782426] (-) TimerEvent: {}
[14.882994] (-) TimerEvent: {}
[14.983489] (-) TimerEvent: {}
[15.078701] (servo_control) StdoutLine: {'line': b'[ 95%] Built target servoFeedback\n'}
[15.083619] (-) TimerEvent: {}
[15.184036] (-) TimerEvent: {}
[15.284413] (-) TimerEvent: {}
[15.310901] (servo_control) StdoutLine: {'line': b'[ 95%] Built target servoConfig\n'}
[15.312729] (servo_control) StderrLine: {'line': b'gmake: *** [Makefile:146: all] Error 2\n'}
[15.315907] (servo_control) CommandEnded: {'returncode': 2}
[15.332185] (servo_control) JobEnded: {'identifier': 'servo_control', 'rc': 2}
[15.342746] (-) EventReactorShutdown: {}
