[0.021s] Invoking command in '/home/andy/ros2_ws/build/servo_control': CMAKE_PREFIX_PATH=${CMAKE_PREFIX_PATH}:/opt/ros/jazzy /usr/bin/cmake --build /home/andy/ros2_ws/build/servo_control -- -j4 -l4
[0.129s] [ 46%] Built target scservo_lib
[0.185s] [ 60%] Built target STServoTests
[0.185s] [ 73%] Built target servo_node
[0.195s] [ 80%] [32mBuilding CXX object CMakeFiles/moveServo.dir/src/moveServo.cpp.o[0m
[0.203s] [ 86%] [32mBuilding CXX object CMakeFiles/servoConfig.dir/src/servoConfig.cpp.o[0m
[12.509s] [100%] [32m[1mLinking CXX executable moveServo[0m
[12.509s] [100%] [32m[1mLinking CXX executable servoConfig[0m
[13.449s] [100%] Built target servoConfig
[13.456s] [100%] Built target moveServo
[13.475s] Invoked command in '/home/andy/ros2_ws/build/servo_control' returned '0': CMAKE_PREFIX_PATH=${CMAKE_PREFIX_PATH}:/opt/ros/jazzy /usr/bin/cmake --build /home/andy/ros2_ws/build/servo_control -- -j4 -l4
[13.490s] Invoking command in '/home/andy/ros2_ws/build/servo_control': CMAKE_PREFIX_PATH=${CMAKE_PREFIX_PATH}:/opt/ros/jazzy /usr/bin/cmake --install /home/andy/ros2_ws/build/servo_control
[13.503s] -- Install configuration: ""
[13.503s] -- Up-to-date: /home/andy/ros2_ws/install/servo_control/lib/servo_control/servo_node
[13.503s] -- Up-to-date: /home/andy/ros2_ws/install/servo_control/lib/servo_control/STServoTests
[13.504s] -- Installing: /home/andy/ros2_ws/install/servo_control/lib/servo_control/moveServo
[13.512s] -- Set non-toolchain portion of runtime path of "/home/andy/ros2_ws/install/servo_control/lib/servo_control/moveServo" to ""
[13.512s] -- Installing: /home/andy/ros2_ws/install/servo_control/lib/servo_control/servoConfig
[13.522s] -- Set non-toolchain portion of runtime path of "/home/andy/ros2_ws/install/servo_control/lib/servo_control/servoConfig" to ""
[13.522s] -- Up-to-date: /home/andy/ros2_ws/install/servo_control/share/ament_index/resource_index/package_run_dependencies/servo_control
[13.522s] -- Up-to-date: /home/andy/ros2_ws/install/servo_control/share/ament_index/resource_index/parent_prefix_path/servo_control
[13.522s] -- Up-to-date: /home/andy/ros2_ws/install/servo_control/share/servo_control/environment/ament_prefix_path.sh
[13.522s] -- Up-to-date: /home/andy/ros2_ws/install/servo_control/share/servo_control/environment/ament_prefix_path.dsv
[13.522s] -- Up-to-date: /home/andy/ros2_ws/install/servo_control/share/servo_control/environment/path.sh
[13.523s] -- Up-to-date: /home/andy/ros2_ws/install/servo_control/share/servo_control/environment/path.dsv
[13.523s] -- Up-to-date: /home/andy/ros2_ws/install/servo_control/share/servo_control/local_setup.bash
[13.523s] -- Up-to-date: /home/andy/ros2_ws/install/servo_control/share/servo_control/local_setup.sh
[13.523s] -- Up-to-date: /home/andy/ros2_ws/install/servo_control/share/servo_control/local_setup.zsh
[13.523s] -- Up-to-date: /home/andy/ros2_ws/install/servo_control/share/servo_control/local_setup.dsv
[13.523s] -- Installing: /home/andy/ros2_ws/install/servo_control/share/servo_control/package.dsv
[13.523s] -- Up-to-date: /home/andy/ros2_ws/install/servo_control/share/ament_index/resource_index/packages/servo_control
[13.523s] -- Up-to-date: /home/andy/ros2_ws/install/servo_control/share/servo_control/cmake/servo_controlConfig.cmake
[13.523s] -- Up-to-date: /home/andy/ros2_ws/install/servo_control/share/servo_control/cmake/servo_controlConfig-version.cmake
[13.523s] -- Up-to-date: /home/andy/ros2_ws/install/servo_control/share/servo_control/package.xml
[13.526s] Invoked command in '/home/andy/ros2_ws/build/servo_control' returned '0': CMAKE_PREFIX_PATH=${CMAKE_PREFIX_PATH}:/opt/ros/jazzy /usr/bin/cmake --install /home/andy/ros2_ws/build/servo_control
