[0.000000] (-) TimerEvent: {}
[0.000485] (servo_control) JobQueued: {'identifier': 'servo_control', 'dependencies': OrderedDict()}
[0.000943] (servo_control) JobStarted: {'identifier': 'servo_control'}
[0.015219] (servo_control) JobProgress: {'identifier': 'servo_control', 'progress': 'cmake'}
[0.016366] (servo_control) JobProgress: {'identifier': 'servo_control', 'progress': 'build'}
[0.017480] (servo_control) Command: {'cmd': ['/usr/bin/cmake', '--build', '/home/andy/ros2_ws/build/servo_control', '--', '-j4', '-l4'], 'cwd': '/home/andy/ros2_ws/build/servo_control', 'env': OrderedDict({'HOSTNAME': 'PipeBot', 'SHLVL': '0', 'LD_LIBRARY_PATH': '/opt/ros/jazzy/lib/aarch64-linux-gnu:/opt/ros/jazzy/lib', 'HOME': '/home/andy', 'ROS_PYTHON_VERSION': '3', 'LC_CTYPE': 'C.UTF-8', 'COLCON_PREFIX_PATH': '/home/andy/ros2_ws/install', 'ROS_DISTRO': 'jazzy', '_': '/usr/local/bin/colcon', 'ROS_VERSION': '2', 'TERM': 'xterm', 'PATH': '/opt/ros/jazzy/bin:/usr/local/sbin:/usr/local/bin:/usr/sbin:/usr/bin:/sbin:/bin', 'AMENT_PREFIX_PATH': '/home/andy/ros2_ws/install/servo_control:/opt/ros/jazzy', 'DEBIAN_FRONTEND': 'noninteractive', 'ROS_AUTOMATIC_DISCOVERY_RANGE': 'SUBNET', 'PWD': '/home/andy/ros2_ws/build/servo_control', 'PYTHONPATH': '/opt/ros/jazzy/lib/python3.12/site-packages', 'COLCON': '1', 'CMAKE_PREFIX_PATH': '/home/andy/ros2_ws/install/servo_control:/opt/ros/jazzy'}), 'shell': False}
[0.099627] (-) TimerEvent: {}
[0.121407] (servo_control) StdoutLine: {'line': b'[ 33%] Built target scservo_lib\n'}
[0.172415] (servo_control) StdoutLine: {'line': b'[ 52%] Built target STServoTests\n'}
[0.172803] (servo_control) StdoutLine: {'line': b'[ 52%] Built target servo_node\n'}
[0.182395] (servo_control) StdoutLine: {'line': b'[ 71%] Built target moveServo\n'}
[0.182804] (servo_control) StdoutLine: {'line': b'[ 71%] Built target servoConfig\n'}
[0.199787] (-) TimerEvent: {}
[0.230075] (servo_control) StdoutLine: {'line': b'[ 90%] Built target servoRepair\n'}
[0.230435] (servo_control) StdoutLine: {'line': b'[ 90%] Built target servoFeedback\n'}
[0.249296] (servo_control) StdoutLine: {'line': b'[ 95%] \x1b[32mBuilding CXX object CMakeFiles/changeId.dir/src/changeId.cpp.o\x1b[0m\n'}
[0.299930] (-) TimerEvent: {}
[0.400302] (-) TimerEvent: {}
[0.500669] (-) TimerEvent: {}
[0.601038] (-) TimerEvent: {}
[0.701396] (-) TimerEvent: {}
[0.801757] (-) TimerEvent: {}
[0.902143] (-) TimerEvent: {}
[1.002524] (-) TimerEvent: {}
[1.102901] (-) TimerEvent: {}
[1.203291] (-) TimerEvent: {}
[1.303665] (-) TimerEvent: {}
[1.404025] (-) TimerEvent: {}
[1.504379] (-) TimerEvent: {}
[1.604726] (-) TimerEvent: {}
[1.705099] (-) TimerEvent: {}
[1.805445] (-) TimerEvent: {}
[1.905796] (-) TimerEvent: {}
[2.006171] (-) TimerEvent: {}
[2.106513] (-) TimerEvent: {}
[2.206863] (-) TimerEvent: {}
[2.307220] (-) TimerEvent: {}
[2.407559] (-) TimerEvent: {}
[2.507921] (-) TimerEvent: {}
[2.608266] (-) TimerEvent: {}
[2.708627] (-) TimerEvent: {}
[2.808981] (-) TimerEvent: {}
[2.909324] (-) TimerEvent: {}
[3.009672] (-) TimerEvent: {}
[3.110022] (-) TimerEvent: {}
[3.210364] (-) TimerEvent: {}
[3.310696] (-) TimerEvent: {}
[3.411050] (-) TimerEvent: {}
[3.511390] (-) TimerEvent: {}
[3.611735] (-) TimerEvent: {}
[3.712112] (-) TimerEvent: {}
[3.812454] (-) TimerEvent: {}
[3.912788] (-) TimerEvent: {}
[4.013177] (-) TimerEvent: {}
[4.113513] (-) TimerEvent: {}
[4.213856] (-) TimerEvent: {}
[4.314223] (-) TimerEvent: {}
[4.414559] (-) TimerEvent: {}
[4.514900] (-) TimerEvent: {}
[4.615269] (-) TimerEvent: {}
[4.715626] (-) TimerEvent: {}
[4.815985] (-) TimerEvent: {}
[4.916335] (-) TimerEvent: {}
[5.016735] (-) TimerEvent: {}
[5.117190] (-) TimerEvent: {}
[5.137354] (servo_control) StdoutLine: {'line': b'[100%] \x1b[32m\x1b[1mLinking CXX executable changeId\x1b[0m\n'}
[5.217327] (-) TimerEvent: {}
[5.317741] (-) TimerEvent: {}
[5.370049] (servo_control) StdoutLine: {'line': b'[100%] Built target changeId\n'}
[5.390209] (servo_control) CommandEnded: {'returncode': 0}
[5.391004] (servo_control) JobProgress: {'identifier': 'servo_control', 'progress': 'install'}
[5.407905] (servo_control) Command: {'cmd': ['/usr/bin/cmake', '--install', '/home/andy/ros2_ws/build/servo_control'], 'cwd': '/home/andy/ros2_ws/build/servo_control', 'env': OrderedDict({'HOSTNAME': 'PipeBot', 'SHLVL': '0', 'LD_LIBRARY_PATH': '/opt/ros/jazzy/lib/aarch64-linux-gnu:/opt/ros/jazzy/lib', 'HOME': '/home/andy', 'ROS_PYTHON_VERSION': '3', 'LC_CTYPE': 'C.UTF-8', 'COLCON_PREFIX_PATH': '/home/andy/ros2_ws/install', 'ROS_DISTRO': 'jazzy', '_': '/usr/local/bin/colcon', 'ROS_VERSION': '2', 'TERM': 'xterm', 'PATH': '/opt/ros/jazzy/bin:/usr/local/sbin:/usr/local/bin:/usr/sbin:/usr/bin:/sbin:/bin', 'AMENT_PREFIX_PATH': '/home/andy/ros2_ws/install/servo_control:/opt/ros/jazzy', 'DEBIAN_FRONTEND': 'noninteractive', 'ROS_AUTOMATIC_DISCOVERY_RANGE': 'SUBNET', 'PWD': '/home/andy/ros2_ws/build/servo_control', 'PYTHONPATH': '/opt/ros/jazzy/lib/python3.12/site-packages', 'COLCON': '1', 'CMAKE_PREFIX_PATH': '/home/andy/ros2_ws/install/servo_control:/opt/ros/jazzy'}), 'shell': False}
[5.417855] (-) TimerEvent: {}
[5.421172] (servo_control) StdoutLine: {'line': b'-- Install configuration: ""\n'}
[5.421507] (servo_control) StdoutLine: {'line': b'-- Up-to-date: /home/andy/ros2_ws/install/servo_control/lib/servo_control/servo_node\n'}
[5.422076] (servo_control) StdoutLine: {'line': b'-- Up-to-date: /home/andy/ros2_ws/install/servo_control/lib/servo_control/STServoTests\n'}
[5.422613] (servo_control) StdoutLine: {'line': b'-- Up-to-date: /home/andy/ros2_ws/install/servo_control/lib/servo_control/moveServo\n'}
[5.423183] (servo_control) StdoutLine: {'line': b'-- Up-to-date: /home/andy/ros2_ws/install/servo_control/lib/servo_control/servoConfig\n'}
[5.423706] (servo_control) StdoutLine: {'line': b'-- Installing: /home/andy/ros2_ws/install/servo_control/lib/servo_control/changeId\n'}
[5.424557] (servo_control) StdoutLine: {'line': b'-- Set non-toolchain portion of runtime path of "/home/andy/ros2_ws/install/servo_control/lib/servo_control/changeId" to ""\n'}
[5.424870] (servo_control) StdoutLine: {'line': b'-- Up-to-date: /home/andy/ros2_ws/install/servo_control/lib/servo_control/servoFeedback\n'}
[5.425649] (servo_control) StdoutLine: {'line': b'-- Up-to-date: /home/andy/ros2_ws/install/servo_control/lib/servo_control/servoRepair\n'}
[5.425984] (servo_control) StdoutLine: {'line': b'-- Up-to-date: /home/andy/ros2_ws/install/servo_control/share/ament_index/resource_index/package_run_dependencies/servo_control\n'}
[5.426139] (servo_control) StdoutLine: {'line': b'-- Up-to-date: /home/andy/ros2_ws/install/servo_control/share/ament_index/resource_index/parent_prefix_path/servo_control\n'}
[5.426256] (servo_control) StdoutLine: {'line': b'-- Up-to-date: /home/andy/ros2_ws/install/servo_control/share/servo_control/environment/ament_prefix_path.sh\n'}
[5.426361] (servo_control) StdoutLine: {'line': b'-- Up-to-date: /home/andy/ros2_ws/install/servo_control/share/servo_control/environment/ament_prefix_path.dsv\n'}
[5.426520] (servo_control) StdoutLine: {'line': b'-- Up-to-date: /home/andy/ros2_ws/install/servo_control/share/servo_control/environment/path.sh\n'}
[5.426625] (servo_control) StdoutLine: {'line': b'-- Up-to-date: /home/andy/ros2_ws/install/servo_control/share/servo_control/environment/path.dsv\n'}
[5.426728] (servo_control) StdoutLine: {'line': b'-- Up-to-date: /home/andy/ros2_ws/install/servo_control/share/servo_control/local_setup.bash\n'}
[5.426829] (servo_control) StdoutLine: {'line': b'-- Up-to-date: /home/andy/ros2_ws/install/servo_control/share/servo_control/local_setup.sh\n'}
[5.426975] (servo_control) StdoutLine: {'line': b'-- Up-to-date: /home/andy/ros2_ws/install/servo_control/share/servo_control/local_setup.zsh\n'}
[5.427131] (servo_control) StdoutLine: {'line': b'-- Up-to-date: /home/andy/ros2_ws/install/servo_control/share/servo_control/local_setup.dsv\n'}
[5.427225] (servo_control) StdoutLine: {'line': b'-- Installing: /home/andy/ros2_ws/install/servo_control/share/servo_control/package.dsv\n'}
[5.427316] (servo_control) StdoutLine: {'line': b'-- Up-to-date: /home/andy/ros2_ws/install/servo_control/share/ament_index/resource_index/packages/servo_control\n'}
[5.427426] (servo_control) StdoutLine: {'line': b'-- Up-to-date: /home/andy/ros2_ws/install/servo_control/share/servo_control/cmake/servo_controlConfig.cmake\n'}
[5.427519] (servo_control) StdoutLine: {'line': b'-- Up-to-date: /home/andy/ros2_ws/install/servo_control/share/servo_control/cmake/servo_controlConfig-version.cmake\n'}
[5.427608] (servo_control) StdoutLine: {'line': b'-- Up-to-date: /home/andy/ros2_ws/install/servo_control/share/servo_control/package.xml\n'}
[5.430097] (servo_control) CommandEnded: {'returncode': 0}
[5.456010] (servo_control) JobEnded: {'identifier': 'servo_control', 'rc': 0}
[5.457194] (-) EventReactorShutdown: {}
