[0.000000] (-) TimerEvent: {}
[0.000900] (servo_control) JobQueued: {'identifier': 'servo_control', 'dependencies': OrderedDict()}
[0.001441] (servo_control) JobStarted: {'identifier': 'servo_control'}
[0.016447] (servo_control) JobProgress: {'identifier': 'servo_control', 'progress': 'cmake'}
[0.017584] (servo_control) JobProgress: {'identifier': 'servo_control', 'progress': 'build'}
[0.018665] (servo_control) Command: {'cmd': ['/usr/bin/cmake', '--build', '/home/andy/ros2_ws/build/servo_control', '--', '-j4', '-l4'], 'cwd': '/home/andy/ros2_ws/build/servo_control', 'env': OrderedDict({'HOSTNAME': 'PipeBot', 'SHLVL': '0', 'LD_LIBRARY_PATH': '/opt/ros/jazzy/lib/aarch64-linux-gnu:/opt/ros/jazzy/lib', 'HOME': '/home/andy', 'ROS_PYTHON_VERSION': '3', 'LC_CTYPE': 'C.UTF-8', 'COLCON_PREFIX_PATH': '/home/andy/ros2_ws/install', 'ROS_DISTRO': 'jazzy', '_': '/usr/local/bin/colcon', 'ROS_VERSION': '2', 'TERM': 'xterm', 'PATH': '/opt/ros/jazzy/bin:/usr/local/sbin:/usr/local/bin:/usr/sbin:/usr/bin:/sbin:/bin', 'AMENT_PREFIX_PATH': '/home/andy/ros2_ws/install/servo_control:/opt/ros/jazzy', 'DEBIAN_FRONTEND': 'noninteractive', 'ROS_AUTOMATIC_DISCOVERY_RANGE': 'SUBNET', 'PWD': '/home/andy/ros2_ws/build/servo_control', 'PYTHONPATH': '/opt/ros/jazzy/lib/python3.12/site-packages', 'COLCON': '1', 'CMAKE_PREFIX_PATH': '/home/andy/ros2_ws/install/servo_control:/opt/ros/jazzy'}), 'shell': False}
[0.099611] (-) TimerEvent: {}
[0.128980] (servo_control) StdoutLine: {'line': b'[ 46%] Built target scservo_lib\n'}
[0.183849] (servo_control) StdoutLine: {'line': b'[ 73%] Built target STServoTests\n'}
[0.184233] (servo_control) StdoutLine: {'line': b'[ 73%] Built target servo_node\n'}
[0.194819] (servo_control) StdoutLine: {'line': b'[ 86%] Built target moveServo\n'}
[0.199728] (-) TimerEvent: {}
[0.203991] (servo_control) StdoutLine: {'line': b'[ 93%] \x1b[32mBuilding CXX object CMakeFiles/servoConfig.dir/src/servoConfig.cpp.o\x1b[0m\n'}
[0.299861] (-) TimerEvent: {}
[0.400271] (-) TimerEvent: {}
[0.500695] (-) TimerEvent: {}
[0.601097] (-) TimerEvent: {}
[0.701522] (-) TimerEvent: {}
[0.801984] (-) TimerEvent: {}
[0.902454] (-) TimerEvent: {}
[1.002953] (-) TimerEvent: {}
[1.103355] (-) TimerEvent: {}
[1.203750] (-) TimerEvent: {}
[1.304166] (-) TimerEvent: {}
[1.404571] (-) TimerEvent: {}
[1.505002] (-) TimerEvent: {}
[1.605417] (-) TimerEvent: {}
[1.705843] (-) TimerEvent: {}
[1.806254] (-) TimerEvent: {}
[1.906685] (-) TimerEvent: {}
[2.007094] (-) TimerEvent: {}
[2.107491] (-) TimerEvent: {}
[2.207901] (-) TimerEvent: {}
[2.308259] (-) TimerEvent: {}
[2.408621] (-) TimerEvent: {}
[2.509008] (-) TimerEvent: {}
[2.609379] (-) TimerEvent: {}
[2.709734] (-) TimerEvent: {}
[2.810095] (-) TimerEvent: {}
[2.910484] (-) TimerEvent: {}
[3.010889] (-) TimerEvent: {}
[3.111251] (-) TimerEvent: {}
[3.211607] (-) TimerEvent: {}
[3.312013] (-) TimerEvent: {}
[3.412372] (-) TimerEvent: {}
[3.512732] (-) TimerEvent: {}
[3.613091] (-) TimerEvent: {}
[3.713463] (-) TimerEvent: {}
[3.813849] (-) TimerEvent: {}
[3.914212] (-) TimerEvent: {}
[4.014561] (-) TimerEvent: {}
[4.114924] (-) TimerEvent: {}
[4.215264] (-) TimerEvent: {}
[4.315623] (-) TimerEvent: {}
[4.416082] (-) TimerEvent: {}
[4.516457] (-) TimerEvent: {}
[4.616831] (-) TimerEvent: {}
[4.717193] (-) TimerEvent: {}
[4.817550] (-) TimerEvent: {}
[4.917931] (-) TimerEvent: {}
[5.018283] (-) TimerEvent: {}
[5.118634] (-) TimerEvent: {}
[5.219021] (-) TimerEvent: {}
[5.319372] (-) TimerEvent: {}
[5.419741] (-) TimerEvent: {}
[5.520105] (-) TimerEvent: {}
[5.620465] (-) TimerEvent: {}
[5.720857] (-) TimerEvent: {}
[5.821221] (-) TimerEvent: {}
[5.921579] (-) TimerEvent: {}
[6.021948] (-) TimerEvent: {}
[6.122297] (-) TimerEvent: {}
[6.222654] (-) TimerEvent: {}
[6.323023] (-) TimerEvent: {}
[6.423385] (-) TimerEvent: {}
[6.523737] (-) TimerEvent: {}
[6.624064] (-) TimerEvent: {}
[6.724387] (-) TimerEvent: {}
[6.824745] (-) TimerEvent: {}
[6.925077] (-) TimerEvent: {}
[7.025424] (-) TimerEvent: {}
[7.125753] (-) TimerEvent: {}
[7.226068] (-) TimerEvent: {}
[7.326403] (-) TimerEvent: {}
[7.426897] (-) TimerEvent: {}
[7.527629] (-) TimerEvent: {}
[7.627977] (-) TimerEvent: {}
[7.728328] (-) TimerEvent: {}
[7.828706] (-) TimerEvent: {}
[7.929050] (-) TimerEvent: {}
[8.029406] (-) TimerEvent: {}
[8.129760] (-) TimerEvent: {}
[8.230076] (-) TimerEvent: {}
[8.330406] (-) TimerEvent: {}
[8.430729] (-) TimerEvent: {}
[8.531043] (-) TimerEvent: {}
[8.631349] (-) TimerEvent: {}
[8.731697] (-) TimerEvent: {}
[8.832014] (-) TimerEvent: {}
[8.932335] (-) TimerEvent: {}
[9.032669] (-) TimerEvent: {}
[9.132977] (-) TimerEvent: {}
[9.233287] (-) TimerEvent: {}
[9.333603] (-) TimerEvent: {}
[9.433935] (-) TimerEvent: {}
[9.534253] (-) TimerEvent: {}
[9.634566] (-) TimerEvent: {}
[9.734922] (-) TimerEvent: {}
[9.835242] (-) TimerEvent: {}
[9.935565] (-) TimerEvent: {}
[10.035907] (-) TimerEvent: {}
[10.136221] (-) TimerEvent: {}
[10.236545] (-) TimerEvent: {}
[10.336885] (-) TimerEvent: {}
[10.437201] (-) TimerEvent: {}
[10.537519] (-) TimerEvent: {}
[10.637842] (-) TimerEvent: {}
[10.738153] (-) TimerEvent: {}
[10.838468] (-) TimerEvent: {}
[10.938907] (-) TimerEvent: {}
[11.039229] (-) TimerEvent: {}
[11.139605] (-) TimerEvent: {}
[11.240014] (-) TimerEvent: {}
[11.340419] (-) TimerEvent: {}
[11.440775] (-) TimerEvent: {}
[11.541169] (-) TimerEvent: {}
[11.641629] (-) TimerEvent: {}
[11.742028] (-) TimerEvent: {}
[11.842415] (-) TimerEvent: {}
[11.859240] (servo_control) StdoutLine: {'line': b'[100%] \x1b[32m\x1b[1mLinking CXX executable servoConfig\x1b[0m\n'}
[11.942605] (-) TimerEvent: {}
[12.043110] (-) TimerEvent: {}
[12.143762] (-) TimerEvent: {}
[12.244713] (-) TimerEvent: {}
[12.345495] (-) TimerEvent: {}
[12.445849] (-) TimerEvent: {}
[12.530797] (servo_control) StdoutLine: {'line': b'[100%] Built target servoConfig\n'}
[12.545992] (-) TimerEvent: {}
[12.548383] (servo_control) CommandEnded: {'returncode': 0}
[12.549092] (servo_control) JobProgress: {'identifier': 'servo_control', 'progress': 'install'}
[12.562038] (servo_control) Command: {'cmd': ['/usr/bin/cmake', '--install', '/home/andy/ros2_ws/build/servo_control'], 'cwd': '/home/andy/ros2_ws/build/servo_control', 'env': OrderedDict({'HOSTNAME': 'PipeBot', 'SHLVL': '0', 'LD_LIBRARY_PATH': '/opt/ros/jazzy/lib/aarch64-linux-gnu:/opt/ros/jazzy/lib', 'HOME': '/home/andy', 'ROS_PYTHON_VERSION': '3', 'LC_CTYPE': 'C.UTF-8', 'COLCON_PREFIX_PATH': '/home/andy/ros2_ws/install', 'ROS_DISTRO': 'jazzy', '_': '/usr/local/bin/colcon', 'ROS_VERSION': '2', 'TERM': 'xterm', 'PATH': '/opt/ros/jazzy/bin:/usr/local/sbin:/usr/local/bin:/usr/sbin:/usr/bin:/sbin:/bin', 'AMENT_PREFIX_PATH': '/home/andy/ros2_ws/install/servo_control:/opt/ros/jazzy', 'DEBIAN_FRONTEND': 'noninteractive', 'ROS_AUTOMATIC_DISCOVERY_RANGE': 'SUBNET', 'PWD': '/home/andy/ros2_ws/build/servo_control', 'PYTHONPATH': '/opt/ros/jazzy/lib/python3.12/site-packages', 'COLCON': '1', 'CMAKE_PREFIX_PATH': '/home/andy/ros2_ws/install/servo_control:/opt/ros/jazzy'}), 'shell': False}
[12.574285] (servo_control) StdoutLine: {'line': b'-- Install configuration: ""\n'}
[12.574571] (servo_control) StdoutLine: {'line': b'-- Up-to-date: /home/andy/ros2_ws/install/servo_control/lib/servo_control/servo_node\n'}
[12.575025] (servo_control) StdoutLine: {'line': b'-- Up-to-date: /home/andy/ros2_ws/install/servo_control/lib/servo_control/STServoTests\n'}
[12.575448] (servo_control) StdoutLine: {'line': b'-- Up-to-date: /home/andy/ros2_ws/install/servo_control/lib/servo_control/moveServo\n'}
[12.575893] (servo_control) StdoutLine: {'line': b'-- Installing: /home/andy/ros2_ws/install/servo_control/lib/servo_control/servoConfig\n'}
[12.584923] (servo_control) StdoutLine: {'line': b'-- Set non-toolchain portion of runtime path of "/home/andy/ros2_ws/install/servo_control/lib/servo_control/servoConfig" to ""\n'}
[12.585092] (servo_control) StdoutLine: {'line': b'-- Up-to-date: /home/andy/ros2_ws/install/servo_control/share/ament_index/resource_index/package_run_dependencies/servo_control\n'}
[12.585178] (servo_control) StdoutLine: {'line': b'-- Up-to-date: /home/andy/ros2_ws/install/servo_control/share/ament_index/resource_index/parent_prefix_path/servo_control\n'}
[12.585298] (servo_control) StdoutLine: {'line': b'-- Up-to-date: /home/andy/ros2_ws/install/servo_control/share/servo_control/environment/ament_prefix_path.sh\n'}
[12.585382] (servo_control) StdoutLine: {'line': b'-- Up-to-date: /home/andy/ros2_ws/install/servo_control/share/servo_control/environment/ament_prefix_path.dsv\n'}
[12.585505] (servo_control) StdoutLine: {'line': b'-- Up-to-date: /home/andy/ros2_ws/install/servo_control/share/servo_control/environment/path.sh\n'}
[12.585594] (servo_control) StdoutLine: {'line': b'-- Up-to-date: /home/andy/ros2_ws/install/servo_control/share/servo_control/environment/path.dsv\n'}
[12.585713] (servo_control) StdoutLine: {'line': b'-- Up-to-date: /home/andy/ros2_ws/install/servo_control/share/servo_control/local_setup.bash\n'}
[12.585801] (servo_control) StdoutLine: {'line': b'-- Up-to-date: /home/andy/ros2_ws/install/servo_control/share/servo_control/local_setup.sh\n'}
[12.585877] (servo_control) StdoutLine: {'line': b'-- Up-to-date: /home/andy/ros2_ws/install/servo_control/share/servo_control/local_setup.zsh\n'}
[12.585958] (servo_control) StdoutLine: {'line': b'-- Up-to-date: /home/andy/ros2_ws/install/servo_control/share/servo_control/local_setup.dsv\n'}
[12.586038] (servo_control) StdoutLine: {'line': b'-- Installing: /home/andy/ros2_ws/install/servo_control/share/servo_control/package.dsv\n'}
[12.586157] (servo_control) StdoutLine: {'line': b'-- Up-to-date: /home/andy/ros2_ws/install/servo_control/share/ament_index/resource_index/packages/servo_control\n'}
[12.586236] (servo_control) StdoutLine: {'line': b'-- Up-to-date: /home/andy/ros2_ws/install/servo_control/share/servo_control/cmake/servo_controlConfig.cmake\n'}
[12.586311] (servo_control) StdoutLine: {'line': b'-- Up-to-date: /home/andy/ros2_ws/install/servo_control/share/servo_control/cmake/servo_controlConfig-version.cmake\n'}
[12.586385] (servo_control) StdoutLine: {'line': b'-- Up-to-date: /home/andy/ros2_ws/install/servo_control/share/servo_control/package.xml\n'}
[12.588604] (servo_control) CommandEnded: {'returncode': 0}
[12.610581] (servo_control) JobEnded: {'identifier': 'servo_control', 'rc': 0}
[12.611588] (-) EventReactorShutdown: {}
