[ 33%] Built target scservo_lib
[ 52%] Built target STServoTests
[ 52%] Built target servo_node
[ 61%] Built target servoConfig
[ 66%] [32mBuilding CXX object CMakeFiles/moveServo.dir/src/moveServo.cpp.o[0m
[ 76%] Built target servoFeedback
[ 85%] Built target servoRepair
[ 95%] Built target changeId
[100%] [32m[1mLinking CXX executable moveServo[0m
[100%] Built target moveServo
-- Install configuration: ""
-- Up-to-date: /home/andy/ros2_ws/install/servo_control/lib/servo_control/servo_node
-- Up-to-date: /home/andy/ros2_ws/install/servo_control/lib/servo_control/STServoTests
-- Installing: /home/andy/ros2_ws/install/servo_control/lib/servo_control/moveServo
-- Set non-toolchain portion of runtime path of "/home/andy/ros2_ws/install/servo_control/lib/servo_control/moveServo" to ""
-- Up-to-date: /home/andy/ros2_ws/install/servo_control/lib/servo_control/servoConfig
-- Up-to-date: /home/andy/ros2_ws/install/servo_control/lib/servo_control/changeId
-- Up-to-date: /home/andy/ros2_ws/install/servo_control/lib/servo_control/servoFeedback
-- Up-to-date: /home/andy/ros2_ws/install/servo_control/lib/servo_control/servoRepair
-- Up-to-date: /home/andy/ros2_ws/install/servo_control/share/ament_index/resource_index/package_run_dependencies/servo_control
-- Up-to-date: /home/andy/ros2_ws/install/servo_control/share/ament_index/resource_index/parent_prefix_path/servo_control
-- Up-to-date: /home/andy/ros2_ws/install/servo_control/share/servo_control/environment/ament_prefix_path.sh
-- Up-to-date: /home/andy/ros2_ws/install/servo_control/share/servo_control/environment/ament_prefix_path.dsv
-- Up-to-date: /home/andy/ros2_ws/install/servo_control/share/servo_control/environment/path.sh
-- Up-to-date: /home/andy/ros2_ws/install/servo_control/share/servo_control/environment/path.dsv
-- Up-to-date: /home/andy/ros2_ws/install/servo_control/share/servo_control/local_setup.bash
-- Up-to-date: /home/andy/ros2_ws/install/servo_control/share/servo_control/local_setup.sh
-- Up-to-date: /home/andy/ros2_ws/install/servo_control/share/servo_control/local_setup.zsh
-- Up-to-date: /home/andy/ros2_ws/install/servo_control/share/servo_control/local_setup.dsv
-- Installing: /home/andy/ros2_ws/install/servo_control/share/servo_control/package.dsv
-- Up-to-date: /home/andy/ros2_ws/install/servo_control/share/ament_index/resource_index/packages/servo_control
-- Up-to-date: /home/andy/ros2_ws/install/servo_control/share/servo_control/cmake/servo_controlConfig.cmake
-- Up-to-date: /home/andy/ros2_ws/install/servo_control/share/servo_control/cmake/servo_controlConfig-version.cmake
-- Up-to-date: /home/andy/ros2_ws/install/servo_control/share/servo_control/package.xml
