[0.019s] Invoking command in '/home/andy/ros2_ws/build/servo_control': CMAKE_PREFIX_PATH=${CMAKE_PREFIX_PATH}:/opt/ros/jazzy /usr/bin/cmake --build /home/andy/ros2_ws/build/servo_control -- -j4 -l4
[0.120s] [ 33%] Built target scservo_lib
[0.175s] [ 42%] Built target STServoTests
[0.176s] [ 47%] [32mBuilding CXX object CMakeFiles/servo_node.dir/src/servo_node.cpp.o[0m
[0.183s] [ 57%] Built target moveServo
[0.186s] [ 66%] Built target servoConfig
[0.237s] [ 76%] Built target servoFeedback
[0.246s] [ 95%] Built target changeId
[0.246s] [ 95%] Built target servoRepair
[0.990s] [100%] [32m[1mLinking CXX executable servo_node[0m
[1.195s] [100%] Built target servo_node
[1.217s] Invoked command in '/home/andy/ros2_ws/build/servo_control' returned '0': CMAKE_PREFIX_PATH=${CMAKE_PREFIX_PATH}:/opt/ros/jazzy /usr/bin/cmake --build /home/andy/ros2_ws/build/servo_control -- -j4 -l4
[1.236s] Invoking command in '/home/andy/ros2_ws/build/servo_control': CMAKE_PREFIX_PATH=${CMAKE_PREFIX_PATH}:/opt/ros/jazzy /usr/bin/cmake --install /home/andy/ros2_ws/build/servo_control
[1.251s] -- Install configuration: ""
[1.251s] -- Installing: /home/andy/ros2_ws/install/servo_control/lib/servo_control/servo_node
[1.253s] -- Set non-toolchain portion of runtime path of "/home/andy/ros2_ws/install/servo_control/lib/servo_control/servo_node" to ""
[1.253s] -- Up-to-date: /home/andy/ros2_ws/install/servo_control/lib/servo_control/STServoTests
[1.253s] -- Up-to-date: /home/andy/ros2_ws/install/servo_control/lib/servo_control/moveServo
[1.254s] -- Up-to-date: /home/andy/ros2_ws/install/servo_control/lib/servo_control/servoConfig
[1.255s] -- Up-to-date: /home/andy/ros2_ws/install/servo_control/lib/servo_control/changeId
[1.255s] -- Up-to-date: /home/andy/ros2_ws/install/servo_control/lib/servo_control/servoFeedback
[1.256s] -- Up-to-date: /home/andy/ros2_ws/install/servo_control/lib/servo_control/servoRepair
[1.256s] -- Up-to-date: /home/andy/ros2_ws/install/servo_control/share/ament_index/resource_index/package_run_dependencies/servo_control
[1.257s] -- Up-to-date: /home/andy/ros2_ws/install/servo_control/share/ament_index/resource_index/parent_prefix_path/servo_control
[1.257s] -- Up-to-date: /home/andy/ros2_ws/install/servo_control/share/servo_control/environment/ament_prefix_path.sh
[1.257s] -- Up-to-date: /home/andy/ros2_ws/install/servo_control/share/servo_control/environment/ament_prefix_path.dsv
[1.257s] -- Up-to-date: /home/andy/ros2_ws/install/servo_control/share/servo_control/environment/path.sh
[1.257s] -- Up-to-date: /home/andy/ros2_ws/install/servo_control/share/servo_control/environment/path.dsv
[1.257s] -- Up-to-date: /home/andy/ros2_ws/install/servo_control/share/servo_control/local_setup.bash
[1.257s] -- Up-to-date: /home/andy/ros2_ws/install/servo_control/share/servo_control/local_setup.sh
[1.258s] -- Up-to-date: /home/andy/ros2_ws/install/servo_control/share/servo_control/local_setup.zsh
[1.258s] -- Up-to-date: /home/andy/ros2_ws/install/servo_control/share/servo_control/local_setup.dsv
[1.258s] -- Installing: /home/andy/ros2_ws/install/servo_control/share/servo_control/package.dsv
[1.258s] -- Up-to-date: /home/andy/ros2_ws/install/servo_control/share/ament_index/resource_index/packages/servo_control
[1.258s] -- Up-to-date: /home/andy/ros2_ws/install/servo_control/share/servo_control/cmake/servo_controlConfig.cmake
[1.258s] -- Up-to-date: /home/andy/ros2_ws/install/servo_control/share/servo_control/cmake/servo_controlConfig-version.cmake
[1.258s] -- Up-to-date: /home/andy/ros2_ws/install/servo_control/share/servo_control/package.xml
[1.261s] Invoked command in '/home/andy/ros2_ws/build/servo_control' returned '0': CMAKE_PREFIX_PATH=${CMAKE_PREFIX_PATH}:/opt/ros/jazzy /usr/bin/cmake --install /home/andy/ros2_ws/build/servo_control
