[0.000000] (-) TimerEvent: {}
[0.000518] (servo_control) JobQueued: {'identifier': 'servo_control', 'dependencies': OrderedDict()}
[0.000965] (servo_control) JobStarted: {'identifier': 'servo_control'}
[0.014894] (servo_control) JobProgress: {'identifier': 'servo_control', 'progress': 'cmake'}
[0.015910] (servo_control) JobProgress: {'identifier': 'servo_control', 'progress': 'build'}
[0.016872] (servo_control) Command: {'cmd': ['/usr/bin/cmake', '--build', '/home/andy/ros2_ws/build/servo_control', '--', '-j4', '-l4'], 'cwd': '/home/andy/ros2_ws/build/servo_control', 'env': OrderedDict({'HOSTNAME': 'PipeBot', 'SHLVL': '0', 'LD_LIBRARY_PATH': '/opt/ros/jazzy/lib/aarch64-linux-gnu:/opt/ros/jazzy/lib', 'HOME': '/home/andy', 'ROS_PYTHON_VERSION': '3', 'LC_CTYPE': 'C.UTF-8', 'COLCON_PREFIX_PATH': '/home/andy/ros2_ws/install', 'ROS_DISTRO': 'jazzy', '_': '/usr/local/bin/colcon', 'ROS_VERSION': '2', 'TERM': 'xterm', 'PATH': '/opt/ros/jazzy/bin:/usr/local/sbin:/usr/local/bin:/usr/sbin:/usr/bin:/sbin:/bin', 'AMENT_PREFIX_PATH': '/home/andy/ros2_ws/install/servo_control:/opt/ros/jazzy', 'DEBIAN_FRONTEND': 'noninteractive', 'ROS_AUTOMATIC_DISCOVERY_RANGE': 'SUBNET', 'PWD': '/home/andy/ros2_ws/build/servo_control', 'PYTHONPATH': '/opt/ros/jazzy/lib/python3.12/site-packages', 'COLCON': '1', 'CMAKE_PREFIX_PATH': '/home/andy/ros2_ws/install/servo_control:/opt/ros/jazzy'}), 'shell': False}
[0.099652] (-) TimerEvent: {}
[0.116921] (servo_control) StdoutLine: {'line': b'[ 46%] Built target scservo_lib\n'}
[0.165388] (servo_control) StdoutLine: {'line': b'[ 73%] Built target STServoTests\n'}
[0.165820] (servo_control) StdoutLine: {'line': b'[ 73%] Built target servo_node\n'}
[0.176138] (servo_control) StdoutLine: {'line': b'[ 86%] Built target moveServo\n'}
[0.184877] (servo_control) StdoutLine: {'line': b'[ 93%] \x1b[32mBuilding CXX object CMakeFiles/servoConfig.dir/src/servoConfig.cpp.o\x1b[0m\n'}
[0.199778] (-) TimerEvent: {}
[0.300197] (-) TimerEvent: {}
[0.400581] (-) TimerEvent: {}
[0.500943] (-) TimerEvent: {}
[0.601336] (-) TimerEvent: {}
[0.701700] (-) TimerEvent: {}
[0.802077] (-) TimerEvent: {}
[0.902518] (-) TimerEvent: {}
[1.002905] (-) TimerEvent: {}
[1.103279] (-) TimerEvent: {}
[1.203672] (-) TimerEvent: {}
[1.304047] (-) TimerEvent: {}
[1.404486] (-) TimerEvent: {}
[1.504857] (-) TimerEvent: {}
[1.605243] (-) TimerEvent: {}
[1.705628] (-) TimerEvent: {}
[1.805996] (-) TimerEvent: {}
[1.906356] (-) TimerEvent: {}
[2.006722] (-) TimerEvent: {}
[2.107096] (-) TimerEvent: {}
[2.207499] (-) TimerEvent: {}
[2.307905] (-) TimerEvent: {}
[2.408301] (-) TimerEvent: {}
[2.508664] (-) TimerEvent: {}
[2.609048] (-) TimerEvent: {}
[2.709428] (-) TimerEvent: {}
[2.809797] (-) TimerEvent: {}
[2.910148] (-) TimerEvent: {}
[3.010527] (-) TimerEvent: {}
[3.110901] (-) TimerEvent: {}
[3.211282] (-) TimerEvent: {}
[3.311675] (-) TimerEvent: {}
[3.412033] (-) TimerEvent: {}
[3.512395] (-) TimerEvent: {}
[3.612781] (-) TimerEvent: {}
[3.713161] (-) TimerEvent: {}
[3.813562] (-) TimerEvent: {}
[3.913923] (-) TimerEvent: {}
[4.014312] (-) TimerEvent: {}
[4.114676] (-) TimerEvent: {}
[4.215070] (-) TimerEvent: {}
[4.295080] (servo_control) StderrLine: {'line': b'In file included from \x1b[01m\x1b[K/opt/ros/jazzy/include/rclcpp/rclcpp/copy_all_parameter_values.hpp:27\x1b[m\x1b[K,\n'}
[4.295527] (servo_control) StderrLine: {'line': b'                 from \x1b[01m\x1b[K/opt/ros/jazzy/include/rclcpp/rclcpp/rclcpp.hpp:171\x1b[m\x1b[K,\n'}
[4.295680] (servo_control) StderrLine: {'line': b'                 from \x1b[01m\x1b[K/home/andy/ros2_ws/src/servo_control/src/servoConfig.cpp:1\x1b[m\x1b[K:\n'}
[4.295773] (servo_control) StderrLine: {'line': b'\x1b[01m\x1b[K/home/andy/ros2_ws/src/servo_control/src/servoConfig.cpp:\x1b[m\x1b[K In member function \xe2\x80\x98\x1b[01m\x1b[Kvoid ServoConfig::\x1b[01;32m\x1b[KrealtimeData\x1b[m\x1b[K(int)\x1b[m\x1b[K\xe2\x80\x99:\n'}
[4.295859] (servo_control) StderrLine: {'line': b'\x1b[01m\x1b[K/home/andy/ros2_ws/src/servo_control/src/servoConfig.cpp:120:13:\x1b[m\x1b[K \x1b[01;31m\x1b[Kerror: \x1b[m\x1b[Kstatic assertion failed: First argument to logging macros must be an rclcpp::Logger\n'}
[4.295960] (servo_control) StderrLine: {'line': b'  120 |             \x1b[01;31m\x1b[KRCLCPP_INFO\x1b[m\x1b[K( sc.readWord(id, 0x3C));\n'}
[4.296040] (servo_control) StderrLine: {'line': b'      |             \x1b[01;31m\x1b[K^~~~~~~~~~~\x1b[m\x1b[K\n'}
[4.296117] (servo_control) StderrLine: {'line': b'In file included from \x1b[01m\x1b[K/opt/ros/jazzy/include/rclcpp/rclcpp/logging.hpp:24\x1b[m\x1b[K:\n'}
[4.296194] (servo_control) StderrLine: {'line': b'\x1b[01m\x1b[K/home/andy/ros2_ws/src/servo_control/src/servoConfig.cpp:120:13:\x1b[m\x1b[K \x1b[01;31m\x1b[Kerror: \x1b[m\x1b[Krequest for member \xe2\x80\x98\x1b[01m\x1b[Kget_name\x1b[m\x1b[K\xe2\x80\x99 in \xe2\x80\x98\x1b[01m\x1b[K((ServoConfig*)this)->ServoConfig::sc.SCSCL::<anonymous>.SCSerial::<anonymous>.SCS::readWord(((u8)id), 60)\x1b[m\x1b[K\xe2\x80\x99, which is of non-class type \xe2\x80\x98\x1b[01m\x1b[Kint\x1b[m\x1b[K\xe2\x80\x99\n'}
[4.296277] (servo_control) StderrLine: {'line': b'  120 |             \x1b[01;31m\x1b[KRCLCPP_INFO\x1b[m\x1b[K( sc.readWord(id, 0x3C));\n'}
[4.296372] (servo_control) StderrLine: {'line': b'      |             \x1b[01;31m\x1b[K^~~~~~~~~~~\x1b[m\x1b[K\n'}
[4.296449] (servo_control) StderrLine: {'line': b'\x1b[01m\x1b[K/home/andy/ros2_ws/src/servo_control/src/servoConfig.cpp:120:13:\x1b[m\x1b[K \x1b[01;31m\x1b[Kerror: \x1b[m\x1b[Krequest for member \xe2\x80\x98\x1b[01m\x1b[Kget_name\x1b[m\x1b[K\xe2\x80\x99 in \xe2\x80\x98\x1b[01m\x1b[K((ServoConfig*)this)->ServoConfig::sc.SCSCL::<anonymous>.SCSerial::<anonymous>.SCS::readWord(((u8)id), 60)\x1b[m\x1b[K\xe2\x80\x99, which is of non-class type \xe2\x80\x98\x1b[01m\x1b[Kint\x1b[m\x1b[K\xe2\x80\x99\n'}
[4.296528] (servo_control) StderrLine: {'line': b'  120 |             \x1b[01;31m\x1b[KRCLCPP_INFO\x1b[m\x1b[K( sc.readWord(id, 0x3C));\n'}
[4.296604] (servo_control) StderrLine: {'line': b'      |             \x1b[01;31m\x1b[K^~~~~~~~~~~\x1b[m\x1b[K\n'}
[4.296678] (servo_control) StderrLine: {'line': b'\x1b[01m\x1b[K/home/andy/ros2_ws/src/servo_control/src/servoConfig.cpp:120:13:\x1b[m\x1b[K \x1b[01;31m\x1b[Kerror: \x1b[m\x1b[Kexpected primary-expression before \xe2\x80\x98\x1b[01m\x1b[K)\x1b[m\x1b[K\xe2\x80\x99 token\n'}
[4.296755] (servo_control) StderrLine: {'line': b'  120 |             \x1b[01;31m\x1b[KRCLCPP_INFO\x1b[m\x1b[K( sc.readWord(id, 0x3C));\n'}
[4.296829] (servo_control) StderrLine: {'line': b'      |             \x1b[01;31m\x1b[K^~~~~~~~~~~\x1b[m\x1b[K\n'}
[4.315146] (-) TimerEvent: {}
[4.415463] (-) TimerEvent: {}
[4.515823] (-) TimerEvent: {}
[4.616158] (-) TimerEvent: {}
[4.716515] (-) TimerEvent: {}
[4.816848] (-) TimerEvent: {}
[4.917172] (-) TimerEvent: {}
[5.017508] (-) TimerEvent: {}
[5.117833] (-) TimerEvent: {}
[5.218156] (-) TimerEvent: {}
[5.318496] (-) TimerEvent: {}
[5.418822] (-) TimerEvent: {}
[5.519151] (-) TimerEvent: {}
[5.619507] (-) TimerEvent: {}
[5.719844] (-) TimerEvent: {}
[5.820219] (-) TimerEvent: {}
[5.920560] (-) TimerEvent: {}
[6.020872] (-) TimerEvent: {}
[6.121179] (-) TimerEvent: {}
[6.221520] (-) TimerEvent: {}
[6.321838] (-) TimerEvent: {}
[6.422170] (-) TimerEvent: {}
[6.522522] (-) TimerEvent: {}
[6.622848] (-) TimerEvent: {}
[6.723195] (-) TimerEvent: {}
[6.823559] (-) TimerEvent: {}
[6.923874] (-) TimerEvent: {}
[7.024231] (-) TimerEvent: {}
[7.124599] (-) TimerEvent: {}
[7.221912] (servo_control) StderrLine: {'line': b'gmake[2]: *** [CMakeFiles/servoConfig.dir/build.make:76: CMakeFiles/servoConfig.dir/src/servoConfig.cpp.o] Error 1\n'}
[7.222195] (servo_control) StderrLine: {'line': b'gmake[1]: *** [CMakeFiles/Makefile2:249: CMakeFiles/servoConfig.dir/all] Error 2\n'}
[7.222418] (servo_control) StderrLine: {'line': b'gmake: *** [Makefile:146: all] Error 2\n'}
[7.224698] (-) TimerEvent: {}
[7.225747] (servo_control) CommandEnded: {'returncode': 2}
[7.241506] (servo_control) JobEnded: {'identifier': 'servo_control', 'rc': 2}
[7.252035] (-) EventReactorShutdown: {}
