[0.000000] (-) TimerEvent: {}
[0.000905] (servo_control) JobQueued: {'identifier': 'servo_control', 'dependencies': OrderedDict()}
[0.001241] (servo_control) JobStarted: {'identifier': 'servo_control'}
[0.015177] (servo_control) JobProgress: {'identifier': 'servo_control', 'progress': 'cmake'}
[0.016262] (servo_control) JobProgress: {'identifier': 'servo_control', 'progress': 'build'}
[0.017279] (servo_control) Command: {'cmd': ['/usr/bin/cmake', '--build', '/home/andy/ros2_ws/build/servo_control', '--', '-j4', '-l4'], 'cwd': '/home/andy/ros2_ws/build/servo_control', 'env': OrderedDict({'HOSTNAME': 'PipeBot', 'SHLVL': '0', 'LD_LIBRARY_PATH': '/opt/ros/jazzy/lib/aarch64-linux-gnu:/opt/ros/jazzy/lib', 'HOME': '/home/andy', 'ROS_PYTHON_VERSION': '3', 'LC_CTYPE': 'C.UTF-8', 'COLCON_PREFIX_PATH': '/home/andy/ros2_ws/install', 'ROS_DISTRO': 'jazzy', '_': '/usr/local/bin/colcon', 'ROS_VERSION': '2', 'TERM': 'xterm', 'PATH': '/opt/ros/jazzy/bin:/usr/local/sbin:/usr/local/bin:/usr/sbin:/usr/bin:/sbin:/bin', 'AMENT_PREFIX_PATH': '/home/andy/ros2_ws/install/servo_control:/opt/ros/jazzy', 'DEBIAN_FRONTEND': 'noninteractive', 'ROS_AUTOMATIC_DISCOVERY_RANGE': 'SUBNET', 'PWD': '/home/andy/ros2_ws/build/servo_control', 'PYTHONPATH': '/opt/ros/jazzy/lib/python3.12/site-packages', 'COLCON': '1', 'CMAKE_PREFIX_PATH': '/home/andy/ros2_ws/install/servo_control:/opt/ros/jazzy'}), 'shell': False}
[0.099511] (-) TimerEvent: {}
[0.120566] (servo_control) StdoutLine: {'line': b'[ 46%] Built target scservo_lib\n'}
[0.171910] (servo_control) StdoutLine: {'line': b'[ 73%] Built target STServoTests\n'}
[0.172307] (servo_control) StdoutLine: {'line': b'[ 73%] Built target servo_node\n'}
[0.181337] (servo_control) StdoutLine: {'line': b'[ 93%] Built target moveServo\n'}
[0.181733] (servo_control) StdoutLine: {'line': b'[ 93%] \x1b[32mBuilding CXX object CMakeFiles/servoConfig.dir/src/servoConfig.cpp.o\x1b[0m\n'}
[0.199648] (-) TimerEvent: {}
[0.300117] (-) TimerEvent: {}
[0.400518] (-) TimerEvent: {}
[0.500921] (-) TimerEvent: {}
[0.601299] (-) TimerEvent: {}
[0.701709] (-) TimerEvent: {}
[0.802076] (-) TimerEvent: {}
[0.902454] (-) TimerEvent: {}
[1.002868] (-) TimerEvent: {}
[1.103249] (-) TimerEvent: {}
[1.203632] (-) TimerEvent: {}
[1.304019] (-) TimerEvent: {}
[1.404402] (-) TimerEvent: {}
[1.504798] (-) TimerEvent: {}
[1.605229] (-) TimerEvent: {}
[1.705615] (-) TimerEvent: {}
[1.806016] (-) TimerEvent: {}
[1.906415] (-) TimerEvent: {}
[2.006802] (-) TimerEvent: {}
[2.107185] (-) TimerEvent: {}
[2.207560] (-) TimerEvent: {}
[2.307983] (-) TimerEvent: {}
[2.408354] (-) TimerEvent: {}
[2.508738] (-) TimerEvent: {}
[2.609109] (-) TimerEvent: {}
[2.709479] (-) TimerEvent: {}
[2.809928] (-) TimerEvent: {}
[2.910358] (-) TimerEvent: {}
[3.010752] (-) TimerEvent: {}
[3.111137] (-) TimerEvent: {}
[3.211501] (-) TimerEvent: {}
[3.311880] (-) TimerEvent: {}
[3.412215] (-) TimerEvent: {}
[3.512544] (-) TimerEvent: {}
[3.612884] (-) TimerEvent: {}
[3.713232] (-) TimerEvent: {}
[3.813580] (-) TimerEvent: {}
[3.913945] (-) TimerEvent: {}
[4.014288] (-) TimerEvent: {}
[4.114654] (-) TimerEvent: {}
[4.215065] (-) TimerEvent: {}
[4.315428] (-) TimerEvent: {}
[4.415781] (-) TimerEvent: {}
[4.516128] (-) TimerEvent: {}
[4.616540] (-) TimerEvent: {}
[4.716902] (-) TimerEvent: {}
[4.817246] (-) TimerEvent: {}
[4.917586] (-) TimerEvent: {}
[5.017956] (-) TimerEvent: {}
[5.118282] (-) TimerEvent: {}
[5.218632] (-) TimerEvent: {}
[5.318995] (-) TimerEvent: {}
[5.419343] (-) TimerEvent: {}
[5.519705] (-) TimerEvent: {}
[5.620060] (-) TimerEvent: {}
[5.720437] (-) TimerEvent: {}
[5.820882] (-) TimerEvent: {}
[5.921209] (-) TimerEvent: {}
[6.021534] (-) TimerEvent: {}
[6.121883] (-) TimerEvent: {}
[6.222210] (-) TimerEvent: {}
[6.322541] (-) TimerEvent: {}
[6.422891] (-) TimerEvent: {}
[6.523220] (-) TimerEvent: {}
[6.623559] (-) TimerEvent: {}
[6.723917] (-) TimerEvent: {}
[6.824261] (-) TimerEvent: {}
[6.924576] (-) TimerEvent: {}
[7.024943] (-) TimerEvent: {}
[7.125322] (-) TimerEvent: {}
[7.225733] (-) TimerEvent: {}
[7.326097] (-) TimerEvent: {}
[7.426456] (-) TimerEvent: {}
[7.526864] (-) TimerEvent: {}
[7.627229] (-) TimerEvent: {}
[7.727570] (-) TimerEvent: {}
[7.827934] (-) TimerEvent: {}
[7.928234] (-) TimerEvent: {}
[8.028542] (-) TimerEvent: {}
[8.128875] (-) TimerEvent: {}
[8.229185] (-) TimerEvent: {}
[8.329506] (-) TimerEvent: {}
[8.429848] (-) TimerEvent: {}
[8.530154] (-) TimerEvent: {}
[8.630462] (-) TimerEvent: {}
[8.730774] (-) TimerEvent: {}
[8.831090] (-) TimerEvent: {}
[8.931393] (-) TimerEvent: {}
[9.031721] (-) TimerEvent: {}
[9.132030] (-) TimerEvent: {}
[9.232340] (-) TimerEvent: {}
[9.332650] (-) TimerEvent: {}
[9.432972] (-) TimerEvent: {}
[9.533283] (-) TimerEvent: {}
[9.633586] (-) TimerEvent: {}
[9.733911] (-) TimerEvent: {}
[9.834226] (-) TimerEvent: {}
[9.934531] (-) TimerEvent: {}
[10.034867] (-) TimerEvent: {}
[10.135178] (-) TimerEvent: {}
[10.235498] (-) TimerEvent: {}
[10.335845] (-) TimerEvent: {}
[10.436157] (-) TimerEvent: {}
[10.536485] (-) TimerEvent: {}
[10.636824] (-) TimerEvent: {}
[10.737134] (-) TimerEvent: {}
[10.837430] (-) TimerEvent: {}
[10.937791] (-) TimerEvent: {}
[11.038174] (-) TimerEvent: {}
[11.138568] (-) TimerEvent: {}
[11.238935] (-) TimerEvent: {}
[11.339347] (-) TimerEvent: {}
[11.439931] (-) TimerEvent: {}
[11.540513] (-) TimerEvent: {}
[11.617439] (servo_control) StdoutLine: {'line': b'[100%] \x1b[32m\x1b[1mLinking CXX executable servoConfig\x1b[0m\n'}
[11.640648] (-) TimerEvent: {}
[11.741160] (-) TimerEvent: {}
[11.841798] (-) TimerEvent: {}
[11.942423] (-) TimerEvent: {}
[12.042894] (-) TimerEvent: {}
[12.143226] (-) TimerEvent: {}
[12.238942] (servo_control) StdoutLine: {'line': b'[100%] Built target servoConfig\n'}
[12.243334] (-) TimerEvent: {}
[12.257151] (servo_control) CommandEnded: {'returncode': 0}
[12.257877] (servo_control) JobProgress: {'identifier': 'servo_control', 'progress': 'install'}
[12.271725] (servo_control) Command: {'cmd': ['/usr/bin/cmake', '--install', '/home/andy/ros2_ws/build/servo_control'], 'cwd': '/home/andy/ros2_ws/build/servo_control', 'env': OrderedDict({'HOSTNAME': 'PipeBot', 'SHLVL': '0', 'LD_LIBRARY_PATH': '/opt/ros/jazzy/lib/aarch64-linux-gnu:/opt/ros/jazzy/lib', 'HOME': '/home/andy', 'ROS_PYTHON_VERSION': '3', 'LC_CTYPE': 'C.UTF-8', 'COLCON_PREFIX_PATH': '/home/andy/ros2_ws/install', 'ROS_DISTRO': 'jazzy', '_': '/usr/local/bin/colcon', 'ROS_VERSION': '2', 'TERM': 'xterm', 'PATH': '/opt/ros/jazzy/bin:/usr/local/sbin:/usr/local/bin:/usr/sbin:/usr/bin:/sbin:/bin', 'AMENT_PREFIX_PATH': '/home/andy/ros2_ws/install/servo_control:/opt/ros/jazzy', 'DEBIAN_FRONTEND': 'noninteractive', 'ROS_AUTOMATIC_DISCOVERY_RANGE': 'SUBNET', 'PWD': '/home/andy/ros2_ws/build/servo_control', 'PYTHONPATH': '/opt/ros/jazzy/lib/python3.12/site-packages', 'COLCON': '1', 'CMAKE_PREFIX_PATH': '/home/andy/ros2_ws/install/servo_control:/opt/ros/jazzy'}), 'shell': False}
[12.284649] (servo_control) StdoutLine: {'line': b'-- Install configuration: ""\n'}
[12.284949] (servo_control) StdoutLine: {'line': b'-- Up-to-date: /home/andy/ros2_ws/install/servo_control/lib/servo_control/servo_node\n'}
[12.285422] (servo_control) StdoutLine: {'line': b'-- Up-to-date: /home/andy/ros2_ws/install/servo_control/lib/servo_control/STServoTests\n'}
[12.285892] (servo_control) StdoutLine: {'line': b'-- Up-to-date: /home/andy/ros2_ws/install/servo_control/lib/servo_control/moveServo\n'}
[12.286369] (servo_control) StdoutLine: {'line': b'-- Installing: /home/andy/ros2_ws/install/servo_control/lib/servo_control/servoConfig\n'}
[12.296715] (servo_control) StdoutLine: {'line': b'-- Set non-toolchain portion of runtime path of "/home/andy/ros2_ws/install/servo_control/lib/servo_control/servoConfig" to ""\n'}
[12.296901] (servo_control) StdoutLine: {'line': b'-- Up-to-date: /home/andy/ros2_ws/install/servo_control/share/ament_index/resource_index/package_run_dependencies/servo_control\n'}
[12.297040] (servo_control) StdoutLine: {'line': b'-- Up-to-date: /home/andy/ros2_ws/install/servo_control/share/ament_index/resource_index/parent_prefix_path/servo_control\n'}
[12.297163] (servo_control) StdoutLine: {'line': b'-- Up-to-date: /home/andy/ros2_ws/install/servo_control/share/servo_control/environment/ament_prefix_path.sh\n'}
[12.297312] (servo_control) StdoutLine: {'line': b'-- Up-to-date: /home/andy/ros2_ws/install/servo_control/share/servo_control/environment/ament_prefix_path.dsv\n'}
[12.297444] (servo_control) StdoutLine: {'line': b'-- Up-to-date: /home/andy/ros2_ws/install/servo_control/share/servo_control/environment/path.sh\n'}
[12.297560] (servo_control) StdoutLine: {'line': b'-- Up-to-date: /home/andy/ros2_ws/install/servo_control/share/servo_control/environment/path.dsv\n'}
[12.297648] (servo_control) StdoutLine: {'line': b'-- Up-to-date: /home/andy/ros2_ws/install/servo_control/share/servo_control/local_setup.bash\n'}
[12.297750] (servo_control) StdoutLine: {'line': b'-- Up-to-date: /home/andy/ros2_ws/install/servo_control/share/servo_control/local_setup.sh\n'}
[12.297890] (servo_control) StdoutLine: {'line': b'-- Up-to-date: /home/andy/ros2_ws/install/servo_control/share/servo_control/local_setup.zsh\n'}
[12.298001] (servo_control) StdoutLine: {'line': b'-- Up-to-date: /home/andy/ros2_ws/install/servo_control/share/servo_control/local_setup.dsv\n'}
[12.298090] (servo_control) StdoutLine: {'line': b'-- Installing: /home/andy/ros2_ws/install/servo_control/share/servo_control/package.dsv\n'}
[12.298176] (servo_control) StdoutLine: {'line': b'-- Up-to-date: /home/andy/ros2_ws/install/servo_control/share/ament_index/resource_index/packages/servo_control\n'}
[12.298267] (servo_control) StdoutLine: {'line': b'-- Up-to-date: /home/andy/ros2_ws/install/servo_control/share/servo_control/cmake/servo_controlConfig.cmake\n'}
[12.298354] (servo_control) StdoutLine: {'line': b'-- Up-to-date: /home/andy/ros2_ws/install/servo_control/share/servo_control/cmake/servo_controlConfig-version.cmake\n'}
[12.298438] (servo_control) StdoutLine: {'line': b'-- Up-to-date: /home/andy/ros2_ws/install/servo_control/share/servo_control/package.xml\n'}
[12.300622] (servo_control) CommandEnded: {'returncode': 0}
[12.323916] (servo_control) JobEnded: {'identifier': 'servo_control', 'rc': 0}
[12.325106] (-) EventReactorShutdown: {}
